<?xml version="1.0" encoding="utf-8"?>
<TestRun id="789a2581-6d7b-47cd-80a8-2c474e1f15f6" name="AdminDatVo@VOTHANHDATPC 2026-08-19 21:48:26" runUser="VOTHANHDATPC\AdminDatVo" xmlns="http://microsoft.com/schemas/VisualStudio/TeamTest/2010">
  <Times creation="2026-08-19T21:48:26.6116653+07:00" queuing="2026-08-19T21:48:26.6116657+07:00" start="2026-08-19T21:48:25.5543567+07:00" finish="2026-08-19T21:48:34.1458110+07:00" />
  <TestSettings name="default" id="921960d1-4988-4863-8c7f-3feb356bb6c0">
    <Deployment runDeploymentRoot="AdminDatVo_VOTHANHDATPC_2026-08-19_21_48_26" />
  </TestSettings>
  <Results>
    <UnitTestResult executionId="2b02bde1-f32b-4ced-9691-9984593b6833" testId="4bd146e5-cc21-49eb-31f6-6f16b9c3aac2" testName="Clawbot.Infrastructure.Tests.RecurringJobExecutionPersistenceTests.CreateOrReuseManualAsync_RejectsManualRetryRequestKey" computerName="VOTHANHDATPC" duration="00:00:00.1625864" startTime="2026-08-19T21:48:30.0470164+07:00" endTime="2026-08-19T21:48:30.0470166+07:00" testType="13cdc9d9-ddb5-4fa4-a97d-d965ccfc6d4b" outcome="Passed" testListId="8c84fa94-04c1-424b-9868-57a2d4851a1d" relativeResultsDirectory="2b02bde1-f32b-4ced-9691-9984593b6833" />
    <UnitTestResult executionId="02a7e7a0-c5f3-4202-a005-bed7d2edb9dd" testId="125b0b5c-4b56-5e5b-7ca4-65d15aecbe69" testName="Clawbot.Infrastructure.Tests.RecurringJobDispatcherTests.FailureReconciliation_FinalizesDurablyFailedExecutionAndNotifiesOnlyOnce" computerName="VOTHANHDATPC" duration="00:00:00.1955119" startTime="2026-08-19T21:48:29.8056128+07:00" endTime="2026-08-19T21:48:29.8056131+07:00" testType="13cdc9d9-ddb5-4fa4-a97d-d965ccfc6d4b" outcome="Passed" testListId="8c84fa94-04c1-424b-9868-57a2d4851a1d" relativeResultsDirectory="02a7e7a0-c5f3-4202-a005-bed7d2edb9dd" />
    <UnitTestResult executionId="2eb970cc-881f-4471-8c4c-6baa2257f409" testId="ec5c5121-8a40-40a6-17f4-d3e0feedcb5f" testName="Clawbot.Infrastructure.Tests.DnsPublicUrlSafetyValidatorTests.IsPublicAddress_Classifies_IPv4(ip: &quot;192.168.0.1&quot;, expected: False)" computerName="VOTHANHDATPC" duration="00:00:00.0005603" startTime="2026-08-19T21:48:26.5748281+07:00" endTime="2026-08-19T21:48:26.5748282+07:00" testType="13cdc9d9-ddb5-4fa4-a97d-d965ccfc6d4b" outcome="Passed" testListId="8c84fa94-04c1-424b-9868-57a2d4851a1d" relativeResultsDirectory="2eb970cc-881f-4471-8c4c-6baa2257f409" />
    <UnitTestResult executionId="7e5c1723-060d-402c-ab53-45481a203a8d" testId="f87a5361-2ced-a933-622d-94ecc8ea14ea" testName="Clawbot.Infrastructure.Tests.DnsPublicUrlSafetyValidatorTests.IsSafe_Rejects_RelativeUri" computerName="VOTHANHDATPC" duration="00:00:00.0035392" startTime="2026-08-19T21:48:26.9454305+07:00" endTime="2026-08-19T21:48:26.9454312+07:00" testType="13cdc9d9-ddb5-4fa4-a97d-d965ccfc6d4b" outcome="Passed" testListId="8c84fa94-04c1-424b-9868-57a2d4851a1d" relativeResultsDirectory="7e5c1723-060d-402c-ab53-45481a203a8d" />
    <UnitTestResult executionId="141c446d-7150-4a63-b492-936d949fb87a" testId="98779605-21f7-1164-1d68-bcfd65cca32e" testName="Clawbot.Infrastructure.Tests.RecurringJobExecutionPersistenceTests.AttachEnqueueAsync_CompletesMatchingClaimAndRejectsOtherClaim" computerName="VOTHANHDATPC" duration="00:00:00.1457480" startTime="2026-08-19T21:48:30.9294676+07:00" endTime="2026-08-19T21:48:30.9294682+07:00" testType="13cdc9d9-ddb5-4fa4-a97d-d965ccfc6d4b" outcome="Passed" testListId="8c84fa94-04c1-424b-9868-57a2d4851a1d" relativeResultsDirectory="141c446d-7150-4a63-b492-936d949fb87a" />
    <UnitTestResult executionId="4dc0d8df-da5b-4ec3-b727-36a1ede6f480" testId="21ed9d78-7109-5268-9345-c7c275e15ca2" testName="Clawbot.Infrastructure.Tests.PancakeTokenCipherTests.HasAuthenticatedEnvelope_ReturnsTrue_WhenCiphertextUsesAnotherKey" computerName="VOTHANHDATPC" duration="00:00:00.0105016" startTime="2026-08-19T21:48:26.5863508+07:00" endTime="2026-08-19T21:48:26.5863513+07:00" testType="13cdc9d9-ddb5-4fa4-a97d-d965ccfc6d4b" outcome="Passed" testListId="8c84fa94-04c1-424b-9868-57a2d4851a1d" relativeResultsDirectory="4dc0d8df-da5b-4ec3-b727-36a1ede6f480" />
    <UnitTestResult executionId="7e40bf10-88de-404f-80ca-40db69fe447b" testId="52a33bac-87a7-7c36-449a-98b5b736b7fc" testName="Clawbot.Infrastructure.Tests.RecurringJobExecutionLifecycleTests.ResultLink_RejectsExternalAndUnsafeValues(resultLink: &quot;/%2Fexample.test/result&quot;)" computerName="VOTHANHDATPC" duration="00:00:00.0005153" startTime="2026-08-19T21:48:26.9158459+07:00" endTime="2026-08-19T21:48:26.9158461+07:00" testType="13cdc9d9-ddb5-4fa4-a97d-d965ccfc6d4b" outcome="Passed" testListId="8c84fa94-04c1-424b-9868-57a2d4851a1d" relativeResultsDirectory="7e40bf10-88de-404f-80ca-40db69fe447b" />
    <UnitTestResult executionId="89560a5a-54d7-4e84-9548-803a99e0a964" testId="1389500a-89b4-c001-7718-1bc4bdf8fa6b" testName="Clawbot.Infrastructure.Tests.RecurringJobExecutionLifecycleTests.AttachEnqueueAndComplete_RecordsLifecycleAndClampsProgress" computerName="VOTHANHDATPC" duration="00:00:00.0005106" startTime="2026-08-19T21:48:26.9348999+07:00" endTime="2026-08-19T21:48:26.9349000+07:00" testType="13cdc9d9-ddb5-4fa4-a97d-d965ccfc6d4b" outcome="Passed" testListId="8c84fa94-04c1-424b-9868-57a2d4851a1d" relativeResultsDirectory="89560a5a-54d7-4e84-9548-803a99e0a964" />
    <UnitTestResult executionId="34517b7a-b937-4423-823e-e2206cf16767" testId="0df0015a-0982-6220-a211-8db5ea90658e" testName="Clawbot.Infrastructure.Tests.PancakeHttpClientRegistrationTests.NormalizeBaseUrl_AcceptsApprovedEndpoint(baseUrl: &quot;https://pages.fm/api/public_api/v1/&quot;, expected: &quot;https://pages.fm/api/public_api/v1&quot;)" computerName="VOTHANHDATPC" duration="00:00:00.0110230" startTime="2026-08-19T21:48:26.5285300+07:00" endTime="2026-08-19T21:48:26.5285516+07:00" testType="13cdc9d9-ddb5-4fa4-a97d-d965ccfc6d4b" outcome="Passed" testListId="8c84fa94-04c1-424b-9868-57a2d4851a1d" relativeResultsDirectory="34517b7a-b937-4423-823e-e2206cf16767" />
    <UnitTestResult executionId="dfdd1642-3e7e-4685-8582-13b6e2a62c45" testId="d594f8e3-afc4-a45a-7a3d-87dd3ef34f46" testName="Clawbot.Infrastructure.Tests.MetaCommentSyncJobTests.ParseComments_MapsFacebookCommentAndOwnerMetadata" computerName="VOTHANHDATPC" duration="00:00:00.0012591" startTime="2026-08-19T21:48:28.5035647+07:00" endTime="2026-08-19T21:48:28.5035649+07:00" testType="13cdc9d9-ddb5-4fa4-a97d-d965ccfc6d4b" outcome="Passed" testListId="8c84fa94-04c1-424b-9868-57a2d4851a1d" relativeResultsDirectory="dfdd1642-3e7e-4685-8582-13b6e2a62c45" />
    <UnitTestResult executionId="f0e6b11f-5ece-47f6-9139-f1a1be0e5b39" testId="d1c98f62-ec88-2625-1536-500b96b929c1" testName="Clawbot.Infrastructure.Tests.AiReplyDebouncerTests.RapidSchedulesForSameConversationFireOnce" computerName="VOTHANHDATPC" duration="00:00:02.5729741" startTime="2026-08-19T21:48:31.9464409+07:00" endTime="2026-08-19T21:48:31.9464413+07:00" testType="13cdc9d9-ddb5-4fa4-a97d-d965ccfc6d4b" outcome="Passed" testListId="8c84fa94-04c1-424b-9868-57a2d4851a1d" relativeResultsDirectory="f0e6b11f-5ece-47f6-9139-f1a1be0e5b39" />
    <UnitTestResult executionId="40c3f3e3-21a9-42af-8390-3a2a0aa38baa" testId="70b11ab9-31f8-c3a3-3872-710de5b41ed3" testName="Clawbot.Infrastructure.Tests.DnsPublicUrlSafetyValidatorTests.IsSafe_Resolver_Timeout_ReturnsFalse" computerName="VOTHANHDATPC" duration="00:00:00.3567056" startTime="2026-08-19T21:48:26.9390584+07:00" endTime="2026-08-19T21:48:26.9390588+07:00" testType="13cdc9d9-ddb5-4fa4-a97d-d965ccfc6d4b" outcome="Passed" testListId="8c84fa94-04c1-424b-9868-57a2d4851a1d" relativeResultsDirectory="40c3f3e3-21a9-42af-8390-3a2a0aa38baa" />
    <UnitTestResult executionId="cb2843dc-7330-45d9-812b-95dec51e1d7b" testId="46a8d360-4b44-7ad9-1050-cabc6e827f8c" testName="Clawbot.Infrastructure.Tests.LegacyCiphertextKeyMismatchTests.HasLegacyCiphertextEnvelope_ReturnsTrue_ForAnUnreadableLegacyBlob" computerName="VOTHANHDATPC" duration="00:00:00.0009314" startTime="2026-08-19T21:48:26.5733509+07:00" endTime="2026-08-19T21:48:26.5733509+07:00" testType="13cdc9d9-ddb5-4fa4-a97d-d965ccfc6d4b" outcome="Passed" testListId="8c84fa94-04c1-424b-9868-57a2d4851a1d" relativeResultsDirectory="cb2843dc-7330-45d9-812b-95dec51e1d7b" />
    <UnitTestResult executionId="3435b69b-9d5b-4038-bec3-501b7fcf037a" testId="088eb32d-d1a9-48a3-8a1d-780d7f9238c2" testName="Clawbot.Infrastructure.Tests.InboxTokenEncryptionMigratorTests.EncryptLegacyTokensAsync_Throws_AndLeavesTheRowUntouched_WhenLegacyCiphertextUsesAnotherKey" computerName="VOTHANHDATPC" duration="00:00:00.0036956" startTime="2026-08-19T21:48:28.3332359+07:00" endTime="2026-08-19T21:48:28.3332361+07:00" testType="13cdc9d9-ddb5-4fa4-a97d-d965ccfc6d4b" outcome="Passed" testListId="8c84fa94-04c1-424b-9868-57a2d4851a1d" relativeResultsDirectory="3435b69b-9d5b-4038-bec3-501b7fcf037a" />
    <UnitTestResult executionId="901ac7a1-7a77-47c9-af56-2f6dbaa384a5" testId="9f977d3c-8b1a-5544-dd25-b6ade61e1f44" testName="Clawbot.Infrastructure.Tests.RecurringJobExecutionLifecycleTests.CreateManual_StartsRequestedAndPreservesRequestAuditContext" computerName="VOTHANHDATPC" duration="00:00:00.0020965" startTime="2026-08-19T21:48:26.9190867+07:00" endTime="2026-08-19T21:48:26.9190873+07:00" testType="13cdc9d9-ddb5-4fa4-a97d-d965ccfc6d4b" outcome="Passed" testListId="8c84fa94-04c1-424b-9868-57a2d4851a1d" relativeResultsDirectory="901ac7a1-7a77-47c9-af56-2f6dbaa384a5" />
    <UnitTestResult executionId="155843fa-8416-447b-b121-64c87cc2c7c7" testId="06766740-6087-9236-a96c-56fe1c2c0b4a" testName="Clawbot.Infrastructure.Tests.InboxPageTokenMintedAtTests.Create_LeavesMintTimeUnsetUntilATokenIsStored" computerName="VOTHANHDATPC" duration="00:00:00.0006133" startTime="2026-08-19T21:48:27.0160422+07:00" endTime="2026-08-19T21:48:27.0160423+07:00" testType="13cdc9d9-ddb5-4fa4-a97d-d965ccfc6d4b" outcome="Passed" testListId="8c84fa94-04c1-424b-9868-57a2d4851a1d" relativeResultsDirectory="155843fa-8416-447b-b121-64c87cc2c7c7" />
    <UnitTestResult executionId="3daed4b2-cac1-411c-b88d-5242f1193e98" testId="b3e763b5-ada9-b21b-54a4-7b90c12e30fe" testName="Clawbot.Infrastructure.Tests.RecurringJobExecutionPersistenceTests.Attempts_WithSameExecutionAndAttemptNumber_ViolateUniqueConstraint" computerName="VOTHANHDATPC" duration="00:00:00.0966239" startTime="2026-08-19T21:48:31.1481190+07:00" endTime="2026-08-19T21:48:31.1481194+07:00" testType="13cdc9d9-ddb5-4fa4-a97d-d965ccfc6d4b" outcome="Passed" testListId="8c84fa94-04c1-424b-9868-57a2d4851a1d" relativeResultsDirectory="3daed4b2-cac1-411c-b88d-5242f1193e98" />
    <UnitTestResult executionId="b7947c9c-7069-4bb5-b7e2-a292fcde1711" testId="c9795f03-915a-d4a4-80cc-646ae006a141" testName="Clawbot.Infrastructure.Tests.PancakeHttpClientRegistrationTests.NormalizeBaseUrl_RejectsUnapprovedEndpoint(baseUrl: &quot;https://user@pages.fm/api/v1&quot;)" computerName="VOTHANHDATPC" duration="00:00:00.0178246" startTime="2026-08-19T21:48:26.5463591+07:00" endTime="2026-08-19T21:48:26.5463596+07:00" testType="13cdc9d9-ddb5-4fa4-a97d-d965ccfc6d4b" outcome="Passed" testListId="8c84fa94-04c1-424b-9868-57a2d4851a1d" relativeResultsDirectory="b7947c9c-7069-4bb5-b7e2-a292fcde1711" />
    <UnitTestResult executionId="7a22a7fe-629e-49e5-ba82-210964621708" testId="fc27d96e-3eeb-dea8-2e85-95f11e08ffca" testName="Clawbot.Infrastructure.Tests.MetaCommentSyncJobTests.IsSafeGraphObjectId_RejectsPathManipulation(value: &quot;123/456&quot;, expected: False)" computerName="VOTHANHDATPC" duration="00:00:00.0000092" startTime="2026-08-19T21:48:28.4928096+07:00" endTime="2026-08-19T21:48:28.4928096+07:00" testType="13cdc9d9-ddb5-4fa4-a97d-d965ccfc6d4b" outcome="Passed" testListId="8c84fa94-04c1-424b-9868-57a2d4851a1d" relativeResultsDirectory="7a22a7fe-629e-49e5-ba82-210964621708" />
    <UnitTestResult executionId="62f34e2e-05b6-4b35-9bf2-e93d0f085d7a" testId="9a10204e-7941-edbd-6eb4-92b9caa6e0f8" testName="Clawbot.Infrastructure.Tests.RecurringJobExecutionLifecycleTests.ResultLink_RejectsExternalAndUnsafeValues(resultLink: &quot;https://example.test/result&quot;)" computerName="VOTHANHDATPC" duration="00:00:00.0002375" startTime="2026-08-19T21:48:26.9163636+07:00" endTime="2026-08-19T21:48:26.9163636+07:00" testType="13cdc9d9-ddb5-4fa4-a97d-d965ccfc6d4b" outcome="Passed" testListId="8c84fa94-04c1-424b-9868-57a2d4851a1d" relativeResultsDirectory="62f34e2e-05b6-4b35-9bf2-e93d0f085d7a" />
    <UnitTestResult executionId="48587562-60ed-4bf2-b302-05d82101e39c" testId="83a8c5b6-3557-2554-21ce-a91080198659" testName="Clawbot.Infrastructure.Tests.DnsPublicUrlSafetyValidatorTests.IsSafe_Literal_PrivateIp_Blocked" computerName="VOTHANHDATPC" duration="00:00:00.0006114" startTime="2026-08-19T21:48:26.9476843+07:00" endTime="2026-08-19T21:48:26.9476849+07:00" testType="13cdc9d9-ddb5-4fa4-a97d-d965ccfc6d4b" outcome="Passed" testListId="8c84fa94-04c1-424b-9868-57a2d4851a1d" relativeResultsDirectory="48587562-60ed-4bf2-b302-05d82101e39c" />
    <UnitTestResult executionId="a00c67da-13cc-47f6-a953-1ef5dc8823dd" testId="71ae16bc-86cc-3126-15b7-2a44c4b22ff8" testName="Clawbot.Infrastructure.Tests.RecurringJobExecutionLifecycleTests.CreateManualRetry_LinksNewRequestedExecutionWithoutChangingOriginal" computerName="VOTHANHDATPC" duration="00:00:00.0009520" startTime="2026-08-19T21:48:26.9343381+07:00" endTime="2026-08-19T21:48:26.9343383+07:00" testType="13cdc9d9-ddb5-4fa4-a97d-d965ccfc6d4b" outcome="Passed" testListId="8c84fa94-04c1-424b-9868-57a2d4851a1d" relativeResultsDirectory="a00c67da-13cc-47f6-a953-1ef5dc8823dd" />
    <UnitTestResult executionId="2ea68e55-2241-4205-b4c4-61c4e0c4fbc3" testId="cd4284cf-9743-b4ad-e92c-582b032039c1" testName="Clawbot.Infrastructure.Tests.DnsPublicUrlSafetyValidatorTests.IsSafe_Dns_PrivateAddress_Blocked" computerName="VOTHANHDATPC" duration="00:00:00.0004554" startTime="2026-08-19T21:48:26.9487740+07:00" endTime="2026-08-19T21:48:26.9487742+07:00" testType="13cdc9d9-ddb5-4fa4-a97d-d965ccfc6d4b" outcome="Passed" testListId="8c84fa94-04c1-424b-9868-57a2d4851a1d" relativeResultsDirectory="2ea68e55-2241-4205-b4c4-61c4e0c4fbc3" />
    <UnitTestResult executionId="60b07319-770c-4c7d-a3ca-6bb0e48fe950" testId="3804e7e4-37b5-5b75-48a3-c149ebc7afd8" testName="Clawbot.Infrastructure.Tests.RecurringJobExecutionPersistenceTests.ClaimEnqueueAsync_ClaimsOnlyOneManualExecutionAtATime" computerName="VOTHANHDATPC" duration="00:00:00.1381606" startTime="2026-08-19T21:48:30.7836008+07:00" endTime="2026-08-19T21:48:30.7836011+07:00" testType="13cdc9d9-ddb5-4fa4-a97d-d965ccfc6d4b" outcome="Passed" testListId="8c84fa94-04c1-424b-9868-57a2d4851a1d" relativeResultsDirectory="60b07319-770c-4c7d-a3ca-6bb0e48fe950" />
    <UnitTestResult executionId="857c4189-929a-4d98-9b7e-68128abefed7" testId="1a534694-453b-be4c-9855-c67ac62c4c8e" testName="Clawbot.Infrastructure.Tests.RecurringJobExecutionLifecycleTests.ResultLink_RejectsExternalAndUnsafeValues(resultLink: &quot;/%252Fexample.test/result&quot;)" computerName="VOTHANHDATPC" duration="00:00:00.0002035" startTime="2026-08-19T21:48:26.9168643+07:00" endTime="2026-08-19T21:48:26.9168645+07:00" testType="13cdc9d9-ddb5-4fa4-a97d-d965ccfc6d4b" outcome="Passed" testListId="8c84fa94-04c1-424b-9868-57a2d4851a1d" relativeResultsDirectory="857c4189-929a-4d98-9b7e-68128abefed7" />
    <UnitTestResult executionId="b7b1f48a-711f-4a64-ade3-b0c0bd941d74" testId="6c0e54e5-2f75-e606-4aed-30815eeb753d" testName="Clawbot.Infrastructure.Tests.DnsPublicUrlSafetyValidatorTests.IsPublicAddress_Classifies_IPv4(ip: &quot;8.8.8.8&quot;, expected: True)" computerName="VOTHANHDATPC" duration="00:00:00.0000039" startTime="2026-08-19T21:48:26.5749720+07:00" endTime="2026-08-19T21:48:26.5749720+07:00" testType="13cdc9d9-ddb5-4fa4-a97d-d965ccfc6d4b" outcome="Passed" testListId="8c84fa94-04c1-424b-9868-57a2d4851a1d" relativeResultsDirectory="b7b1f48a-711f-4a64-ade3-b0c0bd941d74" />
    <UnitTestResult executionId="307e1a8c-27ce-4f93-8554-80b0ddbe3242" testId="0825501c-7bf1-3df5-cf1e-18d09a71ca8e" testName="Clawbot.Infrastructure.Tests.LegacyCiphertextKeyMismatchTests.IsEncrypted_ReturnsFalse_WhenLegacyCiphertextUsesAnotherKey" computerName="VOTHANHDATPC" duration="00:00:00.0099038" startTime="2026-08-19T21:48:26.5470511+07:00" endTime="2026-08-19T21:48:26.5470511+07:00" testType="13cdc9d9-ddb5-4fa4-a97d-d965ccfc6d4b" outcome="Passed" testListId="8c84fa94-04c1-424b-9868-57a2d4851a1d" relativeResultsDirectory="307e1a8c-27ce-4f93-8554-80b0ddbe3242" />
    <UnitTestResult executionId="6132a9a1-ee5a-412d-8874-c4df6b00268c" testId="230665e5-c679-fa69-584e-196be77b6e1a" testName="Clawbot.Infrastructure.Tests.PancakeHttpClientRegistrationTests.MintAsync_RejectsUnapprovedHostBeforeSendingCredential" computerName="VOTHANHDATPC" duration="00:00:00.3749390" startTime="2026-08-19T21:48:26.9231047+07:00" endTime="2026-08-19T21:48:26.9231049+07:00" testType="13cdc9d9-ddb5-4fa4-a97d-d965ccfc6d4b" outcome="Passed" testListId="8c84fa94-04c1-424b-9868-57a2d4851a1d" relativeResultsDirectory="6132a9a1-ee5a-412d-8874-c4df6b00268c" />
    <UnitTestResult executionId="d8c50c42-17ad-44ea-a64f-3edc9af69f5c" testId="b7fffefe-ee1c-bd24-8f96-01b84dbf9b2d" testName="Clawbot.Infrastructure.Tests.PancakePageTokenResolverTests.ResolveAsync_ReturnsNull_WhenOnlyAnotherPlatformHasPageId" computerName="VOTHANHDATPC" duration="00:00:01.6931425" startTime="2026-08-19T21:48:28.2961615+07:00" endTime="2026-08-19T21:48:28.2961621+07:00" testType="13cdc9d9-ddb5-4fa4-a97d-d965ccfc6d4b" outcome="Passed" testListId="8c84fa94-04c1-424b-9868-57a2d4851a1d" relativeResultsDirectory="d8c50c42-17ad-44ea-a64f-3edc9af69f5c" />
    <UnitTestResult executionId="365dfd24-3ae8-4886-badf-8904e8e2e7e1" testId="4d2647f2-c7c0-a8cb-9378-ca1cf50be62c" testName="Clawbot.Infrastructure.Tests.RecurringJobExecutionPersistenceTests.CreateManualRetryAsync_RejectsOriginalFromAnotherTenant" computerName="VOTHANHDATPC" duration="00:00:00.1436523" startTime="2026-08-19T21:48:30.6453435+07:00" endTime="2026-08-19T21:48:30.6453439+07:00" testType="13cdc9d9-ddb5-4fa4-a97d-d965ccfc6d4b" outcome="Passed" testListId="8c84fa94-04c1-424b-9868-57a2d4851a1d" relativeResultsDirectory="365dfd24-3ae8-4886-badf-8904e8e2e7e1" />
    <UnitTestResult executionId="deb1fb68-db16-469a-bb4e-66971eeba9be" testId="a36290f5-e4c9-f9da-a122-6e429539f8ca" testName="Clawbot.Infrastructure.Tests.RecurringJobDispatcherTests.RunScheduledAsync_CorrelatesHangfireJobAndCompletesExecution" computerName="VOTHANHDATPC" duration="00:00:00.1390150" startTime="2026-08-19T21:48:30.9162012+07:00" endTime="2026-08-19T21:48:30.9162018+07:00" testType="13cdc9d9-ddb5-4fa4-a97d-d965ccfc6d4b" outcome="Passed" testListId="8c84fa94-04c1-424b-9868-57a2d4851a1d" relativeResultsDirectory="deb1fb68-db16-469a-bb4e-66971eeba9be" />
    <UnitTestResult executionId="f5abf27d-2067-4d19-a49a-f18c3c4cdaa1" testId="9e8925a6-3498-e0ff-66a3-01355ee01de0" testName="Clawbot.Infrastructure.Tests.RecurringJobDispatcherTests.RunManualAsync_RepairsMissingEnqueueCorrelationBeforeRunningBusinessWork" computerName="VOTHANHDATPC" duration="00:00:00.1145186" startTime="2026-08-19T21:48:31.0308466+07:00" endTime="2026-08-19T21:48:31.0308469+07:00" testType="13cdc9d9-ddb5-4fa4-a97d-d965ccfc6d4b" outcome="Passed" testListId="8c84fa94-04c1-424b-9868-57a2d4851a1d" relativeResultsDirectory="f5abf27d-2067-4d19-a49a-f18c3c4cdaa1" />
    <UnitTestResult executionId="c4c2f0fc-7550-4ba9-934e-65c4db36dc4a" testId="038578bf-c135-e2ed-5bb9-56830d83375e" testName="Clawbot.Infrastructure.Tests.DnsPublicUrlSafetyValidatorTests.Ctor_NonPositiveTimeout_Throws" computerName="VOTHANHDATPC" duration="00:00:00.0015191" startTime="2026-08-19T21:48:26.5750068+07:00" endTime="2026-08-19T21:48:26.5750068+07:00" testType="13cdc9d9-ddb5-4fa4-a97d-d965ccfc6d4b" outcome="Passed" testListId="8c84fa94-04c1-424b-9868-57a2d4851a1d" relativeResultsDirectory="c4c2f0fc-7550-4ba9-934e-65c4db36dc4a" />
    <UnitTestResult executionId="92adc6c7-bd67-454b-8239-466690db0419" testId="20e2614e-87e9-54cf-bc14-0f59fae36e82" testName="Clawbot.Infrastructure.Tests.RecurringJobExecutionLifecycleTests.ResultLink_RejectsExternalAndUnsafeValues(resultLink: &quot;/result?token=secret&quot;)" computerName="VOTHANHDATPC" duration="00:00:00.0002041" startTime="2026-08-19T21:48:26.9166062+07:00" endTime="2026-08-19T21:48:26.9166063+07:00" testType="13cdc9d9-ddb5-4fa4-a97d-d965ccfc6d4b" outcome="Passed" testListId="8c84fa94-04c1-424b-9868-57a2d4851a1d" relativeResultsDirectory="92adc6c7-bd67-454b-8239-466690db0419" />
    <UnitTestResult executionId="a0d9264e-f1bf-4e59-a395-35aeebe89f5b" testId="139728ad-6f8a-4e61-7aff-3267cc6f1579" testName="Clawbot.Infrastructure.Tests.MetaCommentSyncJobTests.IsSafeGraphObjectId_RejectsPathManipulation(value: &quot;123?fields=id&quot;, expected: False)" computerName="VOTHANHDATPC" duration="00:00:00.0002642" startTime="2026-08-19T21:48:28.4927215+07:00" endTime="2026-08-19T21:48:28.4927217+07:00" testType="13cdc9d9-ddb5-4fa4-a97d-d965ccfc6d4b" outcome="Passed" testListId="8c84fa94-04c1-424b-9868-57a2d4851a1d" relativeResultsDirectory="a0d9264e-f1bf-4e59-a395-35aeebe89f5b" />
    <UnitTestResult executionId="56f6face-2d89-4930-a0ab-5e05c1088f62" testId="4d50f99a-1e2f-9942-743c-401aad08ad5a" testName="Clawbot.Infrastructure.Tests.DnsPublicUrlSafetyValidatorTests.IsPublicAddress_Classifies_IPv4(ip: &quot;1.1.1.1&quot;, expected: True)" computerName="VOTHANHDATPC" duration="00:00:00.0000040" startTime="2026-08-19T21:48:26.5749180+07:00" endTime="2026-08-19T21:48:26.5749181+07:00" testType="13cdc9d9-ddb5-4fa4-a97d-d965ccfc6d4b" outcome="Passed" testListId="8c84fa94-04c1-424b-9868-57a2d4851a1d" relativeResultsDirectory="56f6face-2d89-4930-a0ab-5e05c1088f62" />
    <UnitTestResult executionId="2eeb250f-c3ea-4ea4-9977-b21afcf25770" testId="a112da1c-ca0d-b328-b318-b60286e30186" testName="Clawbot.Infrastructure.Tests.LegacyCiphertextKeyMismatchTests.DecryptOrRaw_Throws_WhenLegacyCiphertextUsesAnotherKey" computerName="VOTHANHDATPC" duration="00:00:00.0008076" startTime="2026-08-19T21:48:26.5734310+07:00" endTime="2026-08-19T21:48:26.5734310+07:00" testType="13cdc9d9-ddb5-4fa4-a97d-d965ccfc6d4b" outcome="Passed" testListId="8c84fa94-04c1-424b-9868-57a2d4851a1d" relativeResultsDirectory="2eeb250f-c3ea-4ea4-9977-b21afcf25770" />
    <UnitTestResult executionId="8b0d40dc-9891-419f-b81a-2cdf68962a56" testId="3500f885-1cbd-abc3-660f-c79fd8d17f3a" testName="Clawbot.Infrastructure.Tests.RecurringJobDispatcherTests.RunScheduledAsync_RecordsSafeRetryableFailureAndRethrowsOriginalException" computerName="VOTHANHDATPC" duration="00:00:00.1530495" startTime="2026-08-19T21:48:30.6295159+07:00" endTime="2026-08-19T21:48:30.6295161+07:00" testType="13cdc9d9-ddb5-4fa4-a97d-d965ccfc6d4b" outcome="Passed" testListId="8c84fa94-04c1-424b-9868-57a2d4851a1d" relativeResultsDirectory="8b0d40dc-9891-419f-b81a-2cdf68962a56" />
    <UnitTestResult executionId="e720ffda-9e35-4061-8889-a505c3fe05f0" testId="c4a3f152-ca91-a96d-88b4-1db202a741f5" testName="Clawbot.Infrastructure.Tests.RecurringJobDispatcherTests.HealthCheckTrackedWrapper_RetainsSixtySecondConcurrencyLock" computerName="VOTHANHDATPC" duration="00:00:00.0074719" startTime="2026-08-19T21:48:30.3217735+07:00" endTime="2026-08-19T21:48:30.3217738+07:00" testType="13cdc9d9-ddb5-4fa4-a97d-d965ccfc6d4b" outcome="Passed" testListId="8c84fa94-04c1-424b-9868-57a2d4851a1d" relativeResultsDirectory="e720ffda-9e35-4061-8889-a505c3fe05f0" />
    <UnitTestResult executionId="fc1c79be-87e7-45c7-86b0-4a8189ffb66a" testId="231935df-39c2-4991-ed1a-58b7bc994e25" testName="Clawbot.Infrastructure.Tests.AiAutoReplyTrailingBlockTests.ReturnsNullWhenTrailingBlockIsOnlyComments" computerName="VOTHANHDATPC" duration="00:00:00.0001406" startTime="2026-08-19T21:48:26.5995156+07:00" endTime="2026-08-19T21:48:26.5995157+07:00" testType="13cdc9d9-ddb5-4fa4-a97d-d965ccfc6d4b" outcome="Passed" testListId="8c84fa94-04c1-424b-9868-57a2d4851a1d" relativeResultsDirectory="fc1c79be-87e7-45c7-86b0-4a8189ffb66a" />
    <UnitTestResult executionId="02f11527-16a0-4f72-80b9-1719cfdf75d8" testId="5aa8c0ee-68ff-197b-be32-fae0fbe6428e" testName="Clawbot.Infrastructure.Tests.RecurringJobExecutionPersistenceTests.CreateOrReuseManualAsync_RejectsMalformedRequestKey" computerName="VOTHANHDATPC" duration="00:00:00.1954419" startTime="2026-08-19T21:48:29.0396350+07:00" endTime="2026-08-19T21:48:29.0396354+07:00" testType="13cdc9d9-ddb5-4fa4-a97d-d965ccfc6d4b" outcome="Passed" testListId="8c84fa94-04c1-424b-9868-57a2d4851a1d" relativeResultsDirectory="02f11527-16a0-4f72-80b9-1719cfdf75d8" />
    <UnitTestResult executionId="da9c91a9-f0f5-4c94-92ae-8c5c0599e270" testId="b5522cb8-937d-5985-f792-4047f7943f7a" testName="Clawbot.Infrastructure.Tests.PancakeHttpClientRegistrationTests.NormalizeBaseUrl_RejectsUnapprovedEndpoint(baseUrl: &quot;https://pages.fm.evil.test/api/v1&quot;)" computerName="VOTHANHDATPC" duration="00:00:00.0002840" startTime="2026-08-19T21:48:26.5732765+07:00" endTime="2026-08-19T21:48:26.5732765+07:00" testType="13cdc9d9-ddb5-4fa4-a97d-d965ccfc6d4b" outcome="Passed" testListId="8c84fa94-04c1-424b-9868-57a2d4851a1d" relativeResultsDirectory="da9c91a9-f0f5-4c94-92ae-8c5c0599e270" />
    <UnitTestResult executionId="23663f67-1853-433c-88dd-872faac8dfc4" testId="b6330cdd-4eb6-9f41-16c8-ea1827ceff4f" testName="Clawbot.Infrastructure.Tests.PancakeHttpClientRegistrationTests.NormalizeBaseUrl_RejectsUnapprovedEndpoint(baseUrl: &quot;https://pages.fm/unapproved&quot;)" computerName="VOTHANHDATPC" duration="00:00:00.0002128" startTime="2026-08-19T21:48:26.5733202+07:00" endTime="2026-08-19T21:48:26.5733203+07:00" testType="13cdc9d9-ddb5-4fa4-a97d-d965ccfc6d4b" outcome="Passed" testListId="8c84fa94-04c1-424b-9868-57a2d4851a1d" relativeResultsDirectory="23663f67-1853-433c-88dd-872faac8dfc4" />
    <UnitTestResult executionId="a79f7793-4eed-4d0c-b2bf-a7779a80a6ba" testId="07b43cac-4b46-8f02-0d49-41b4e1ce46ed" testName="Clawbot.Infrastructure.Tests.AiReplyDebouncerTests.ReschedulingAfterFireStartsNewWindow" computerName="VOTHANHDATPC" duration="00:00:02.1115105" startTime="2026-08-19T21:48:34.0585428+07:00" endTime="2026-08-19T21:48:34.0585430+07:00" testType="13cdc9d9-ddb5-4fa4-a97d-d965ccfc6d4b" outcome="Passed" testListId="8c84fa94-04c1-424b-9868-57a2d4851a1d" relativeResultsDirectory="a79f7793-4eed-4d0c-b2bf-a7779a80a6ba" />
    <UnitTestResult executionId="3149755e-fb5f-4983-986c-2f0f92546cfe" testId="17b9414e-5407-c532-7fe6-2b75d73eca94" testName="Clawbot.Infrastructure.Tests.PancakeTokenCipherTests.HasAuthenticatedEnvelope_ReturnsFalse_WhenValueIsRawToken" computerName="VOTHANHDATPC" duration="00:00:00.0001633" startTime="2026-08-19T21:48:26.5865832+07:00" endTime="2026-08-19T21:48:26.5865834+07:00" testType="13cdc9d9-ddb5-4fa4-a97d-d965ccfc6d4b" outcome="Passed" testListId="8c84fa94-04c1-424b-9868-57a2d4851a1d" relativeResultsDirectory="3149755e-fb5f-4983-986c-2f0f92546cfe" />
    <UnitTestResult executionId="23c08c77-633c-4c60-98df-c293493af91a" testId="7c3f0c78-5e61-df10-1d05-f676c1321916" testName="Clawbot.Infrastructure.Tests.MetaCommentSyncJobTests.IsSafeGraphObjectId_RejectsPathManipulation(value: &quot;123_456&quot;, expected: True)" computerName="VOTHANHDATPC" duration="00:00:00.0034417" startTime="2026-08-19T21:48:28.4924029+07:00" endTime="2026-08-19T21:48:28.4924034+07:00" testType="13cdc9d9-ddb5-4fa4-a97d-d965ccfc6d4b" outcome="Passed" testListId="8c84fa94-04c1-424b-9868-57a2d4851a1d" relativeResultsDirectory="23c08c77-633c-4c60-98df-c293493af91a" />
    <UnitTestResult executionId="dd94e169-ed9c-4b1f-843b-3d8c2f20a939" testId="058fa6d9-768a-a2e9-66d0-c6106b17552b" testName="Clawbot.Infrastructure.Tests.DnsPublicUrlSafetyValidatorTests.Ctor_NullResolver_Throws" computerName="VOTHANHDATPC" duration="00:00:00.0139084" startTime="2026-08-19T21:48:26.5734787+07:00" endTime="2026-08-19T21:48:26.5734788+07:00" testType="13cdc9d9-ddb5-4fa4-a97d-d965ccfc6d4b" outcome="Passed" testListId="8c84fa94-04c1-424b-9868-57a2d4851a1d" relativeResultsDirectory="dd94e169-ed9c-4b1f-843b-3d8c2f20a939" />
    <UnitTestResult executionId="df53684e-0c35-4869-83f5-fd6a09ddffcc" testId="cbd569a8-f647-e2a3-1276-6e7b3205a18a" testName="Clawbot.Infrastructure.Tests.PancakeChannelAdapterTests.SendPrivateReplyAsync_ForwardsPlatformToPageTokenResolver" computerName="VOTHANHDATPC" duration="00:00:00.1384944" startTime="2026-08-19T21:48:27.1725664+07:00" endTime="2026-08-19T21:48:27.1725667+07:00" testType="13cdc9d9-ddb5-4fa4-a97d-d965ccfc6d4b" outcome="Passed" testListId="8c84fa94-04c1-424b-9868-57a2d4851a1d" relativeResultsDirectory="df53684e-0c35-4869-83f5-fd6a09ddffcc" />
    <UnitTestResult executionId="07b48694-f235-4287-bb03-b9c88aa0b078" testId="0bc1e3f2-5807-afff-c305-819429e90fd3" testName="Clawbot.Infrastructure.Tests.RecurringJobExecutionLifecycleTests.AttemptStart_DerivesImmutableAttemptNumberFromRetryCount" computerName="VOTHANHDATPC" duration="00:00:00.0083966" startTime="2026-08-19T21:48:26.9134166+07:00" endTime="2026-08-19T21:48:26.9134170+07:00" testType="13cdc9d9-ddb5-4fa4-a97d-d965ccfc6d4b" outcome="Passed" testListId="8c84fa94-04c1-424b-9868-57a2d4851a1d" relativeResultsDirectory="07b48694-f235-4287-bb03-b9c88aa0b078" />
    <UnitTestResult executionId="adbdb8c3-bb3e-42fe-bf6e-7015d44ff32d" testId="857eb693-37ab-00ab-bb77-cd04d37d6477" testName="Clawbot.Infrastructure.Tests.RecurringJobExecutionPersistenceTests.ScheduledExecutions_WithSameDefinitionAndHangfireId_ViolateUniqueConstraint" computerName="VOTHANHDATPC" duration="00:00:00.1474777" startTime="2026-08-19T21:48:30.3550410+07:00" endTime="2026-08-19T21:48:30.3550413+07:00" testType="13cdc9d9-ddb5-4fa4-a97d-d965ccfc6d4b" outcome="Passed" testListId="8c84fa94-04c1-424b-9868-57a2d4851a1d" relativeResultsDirectory="adbdb8c3-bb3e-42fe-bf6e-7015d44ff32d" />
    <UnitTestResult executionId="79787714-c9a4-4d7b-ae76-10cc64fb90cf" testId="5fa25a8e-1214-e296-50df-1868d3d242d3" testName="Clawbot.Infrastructure.Tests.InboxTokenEncryptionMigratorTests.EncryptLegacyTokensAsync_EncryptsRawTokensInPlace" computerName="VOTHANHDATPC" duration="00:00:00.0259772" startTime="2026-08-19T21:48:28.3279286+07:00" endTime="2026-08-19T21:48:28.3279288+07:00" testType="13cdc9d9-ddb5-4fa4-a97d-d965ccfc6d4b" outcome="Passed" testListId="8c84fa94-04c1-424b-9868-57a2d4851a1d" relativeResultsDirectory="79787714-c9a4-4d7b-ae76-10cc64fb90cf" />
    <UnitTestResult executionId="9e6f1776-a777-47e4-a411-0558a1a329d2" testId="eace19ea-4ad8-ccc7-5691-507d9ab98a5f" testName="Clawbot.Infrastructure.Tests.PancakeBootstrapSeederTests.BootstrapAsync_IgnoresPlaceholderUserToken_AndStoresValidDirectToken" computerName="VOTHANHDATPC" duration="00:00:00.0031527" startTime="2026-08-19T21:48:28.5497429+07:00" endTime="2026-08-19T21:48:28.5497433+07:00" testType="13cdc9d9-ddb5-4fa4-a97d-d965ccfc6d4b" outcome="Passed" testListId="8c84fa94-04c1-424b-9868-57a2d4851a1d" relativeResultsDirectory="9e6f1776-a777-47e4-a411-0558a1a329d2" />
    <UnitTestResult executionId="7b33f33a-69fa-495e-b751-4327fa753a8d" testId="56c0186b-6ac2-3085-30f7-c61cd684a7ed" testName="Clawbot.Infrastructure.Tests.RecurringJobDispatcherTests.RunScheduledAsync_RecordsInterruptedAttemptWithoutPersistingCancellationExceptionText" computerName="VOTHANHDATPC" duration="00:00:00.1647955" startTime="2026-08-19T21:48:30.1528294+07:00" endTime="2026-08-19T21:48:30.1528298+07:00" testType="13cdc9d9-ddb5-4fa4-a97d-d965ccfc6d4b" outcome="Passed" testListId="8c84fa94-04c1-424b-9868-57a2d4851a1d" relativeResultsDirectory="7b33f33a-69fa-495e-b751-4327fa753a8d" />
    <UnitTestResult executionId="7db48b1b-98f5-4959-a368-7a6a3506ddf8" testId="89a6af40-b0f2-52dc-6dbf-5cd91ec32562" testName="Clawbot.Infrastructure.Tests.RecurringJobExecutionPersistenceTests.CreateOrGetScheduledAsync_ReusesOneLogicalExecutionForRetryCorrelation" computerName="VOTHANHDATPC" duration="00:00:00.1744435" startTime="2026-08-19T21:48:29.7050111+07:00" endTime="2026-08-19T21:48:29.7050114+07:00" testType="13cdc9d9-ddb5-4fa4-a97d-d965ccfc6d4b" outcome="Passed" testListId="8c84fa94-04c1-424b-9868-57a2d4851a1d" relativeResultsDirectory="7db48b1b-98f5-4959-a368-7a6a3506ddf8" />
    <UnitTestResult executionId="348d0692-2e8e-41fa-8941-c36b60f2e7fb" testId="6af6609d-49b9-70d7-c44d-1f5c8f00b49a" testName="Clawbot.Infrastructure.Tests.RecurringJobDispatcherTests.RunScheduledAsync_RejectsTerminalExecutionRequeueWithoutRunningBusinessWork" computerName="VOTHANHDATPC" duration="00:00:00.1472781" startTime="2026-08-19T21:48:29.4702696+07:00" endTime="2026-08-19T21:48:29.4702699+07:00" testType="13cdc9d9-ddb5-4fa4-a97d-d965ccfc6d4b" outcome="Passed" testListId="8c84fa94-04c1-424b-9868-57a2d4851a1d" relativeResultsDirectory="348d0692-2e8e-41fa-8941-c36b60f2e7fb" />
    <UnitTestResult executionId="140af05b-1874-4287-8c8e-e181d398abc8" testId="64882549-7414-2722-8f72-6198b31726aa" testName="Clawbot.Infrastructure.Tests.DevDataSeederPromptTests.SeedAgentDefinitionsAsync_DoesNotOverwriteTenantCustomizedSystemPrompt" computerName="VOTHANHDATPC" duration="00:00:00.1735890" startTime="2026-08-19T21:48:29.1231317+07:00" endTime="2026-08-19T21:48:29.1231319+07:00" testType="13cdc9d9-ddb5-4fa4-a97d-d965ccfc6d4b" outcome="Passed" testListId="8c84fa94-04c1-424b-9868-57a2d4851a1d" relativeResultsDirectory="140af05b-1874-4287-8c8e-e181d398abc8" />
    <UnitTestResult executionId="35e43c81-dfe9-4b86-9f70-b4adc9d78d00" testId="b08c0b1c-7939-59c4-0188-155b68dabd34" testName="Clawbot.Infrastructure.Tests.PancakeChannelAdapterTests.SendAsync_ForwardsPlatformToPageTokenResolver" computerName="VOTHANHDATPC" duration="00:00:00.0029532" startTime="2026-08-19T21:48:27.1755887+07:00" endTime="2026-08-19T21:48:27.1755892+07:00" testType="13cdc9d9-ddb5-4fa4-a97d-d965ccfc6d4b" outcome="Passed" testListId="8c84fa94-04c1-424b-9868-57a2d4851a1d" relativeResultsDirectory="35e43c81-dfe9-4b86-9f70-b4adc9d78d00" />
    <UnitTestResult executionId="4043019f-a784-4ca1-8a66-8babc70cd5c3" testId="fbcde391-fe35-1d86-103d-18136d0b3601" testName="Clawbot.Infrastructure.Tests.RecurringJobDispatcherTests.FailureFinalizer_FinalizesOnlyOnceUsingPersistedSafeAttemptError" computerName="VOTHANHDATPC" duration="00:00:00.2407255" startTime="2026-08-19T21:48:29.1624219+07:00" endTime="2026-08-19T21:48:29.1624221+07:00" testType="13cdc9d9-ddb5-4fa4-a97d-d965ccfc6d4b" outcome="Passed" testListId="8c84fa94-04c1-424b-9868-57a2d4851a1d" relativeResultsDirectory="4043019f-a784-4ca1-8a66-8babc70cd5c3" />
    <UnitTestResult executionId="b023f6f5-5d28-4060-a7e0-3a5164cf932e" testId="1fcbde6d-ac0d-4060-2d5a-e7304ff4ebd1" testName="Clawbot.Infrastructure.Tests.AiAutoReplyTrailingBlockTests.SkipsCommentsInsideBlockButKeepsChatMessages" computerName="VOTHANHDATPC" duration="00:00:00.0002518" startTime="2026-08-19T21:48:26.5990485+07:00" endTime="2026-08-19T21:48:26.5990487+07:00" testType="13cdc9d9-ddb5-4fa4-a97d-d965ccfc6d4b" outcome="Passed" testListId="8c84fa94-04c1-424b-9868-57a2d4851a1d" relativeResultsDirectory="b023f6f5-5d28-4060-a7e0-3a5164cf932e" />
    <UnitTestResult executionId="62e8fc08-da86-4df0-b5f5-b380dc5d0f9d" testId="d230594a-b5af-c55a-9a6a-dab54aca11fa" testName="Clawbot.Infrastructure.Tests.RecurringJobExecutionLifecycleTests.ResultLink_RejectsExternalAndUnsafeValues(resultLink: &quot;javascript:alert(1)&quot;)" computerName="VOTHANHDATPC" duration="00:00:00.0002202" startTime="2026-08-19T21:48:26.9162927+07:00" endTime="2026-08-19T21:48:26.9162928+07:00" testType="13cdc9d9-ddb5-4fa4-a97d-d965ccfc6d4b" outcome="Passed" testListId="8c84fa94-04c1-424b-9868-57a2d4851a1d" relativeResultsDirectory="62e8fc08-da86-4df0-b5f5-b380dc5d0f9d" />
    <UnitTestResult executionId="d718f99d-6b8f-45a2-84e9-2de59862a8b3" testId="f1069833-2960-4637-bd5f-7f589a36ff25" testName="Clawbot.Infrastructure.Tests.LegacyCiphertextKeyMismatchTests.DecryptOrRaw_ReturnsPlaintext_WhenLegacyCiphertextUsesTheSameKey" computerName="VOTHANHDATPC" duration="00:00:00.0007475" startTime="2026-08-19T21:48:26.5732478+07:00" endTime="2026-08-19T21:48:26.5732479+07:00" testType="13cdc9d9-ddb5-4fa4-a97d-d965ccfc6d4b" outcome="Passed" testListId="8c84fa94-04c1-424b-9868-57a2d4851a1d" relativeResultsDirectory="d718f99d-6b8f-45a2-84e9-2de59862a8b3" />
    <UnitTestResult executionId="f299aeec-659c-4032-99ca-8535b63015cf" testId="bac21e97-4e31-9d62-f70b-a5718dac83d7" testName="Clawbot.Infrastructure.Tests.InboxPageTokenMintedAtTests.UpdateName_LeavesMintTimeUntouched" computerName="VOTHANHDATPC" duration="00:00:00.0002474" startTime="2026-08-19T21:48:27.0167866+07:00" endTime="2026-08-19T21:48:27.0167867+07:00" testType="13cdc9d9-ddb5-4fa4-a97d-d965ccfc6d4b" outcome="Passed" testListId="8c84fa94-04c1-424b-9868-57a2d4851a1d" relativeResultsDirectory="f299aeec-659c-4032-99ca-8535b63015cf" />
    <UnitTestResult executionId="5903f2c2-9ea6-4904-94fd-28c41b75a32e" testId="ab460ba0-9c6e-ab57-7ec6-52508871375d" testName="Clawbot.Infrastructure.Tests.AiAutoReplyTrailingBlockTests.ReturnsNullWhenNoMessages" computerName="VOTHANHDATPC" duration="00:00:00.0002119" startTime="2026-08-19T21:48:26.6026877+07:00" endTime="2026-08-19T21:48:26.6026879+07:00" testType="13cdc9d9-ddb5-4fa4-a97d-d965ccfc6d4b" outcome="Passed" testListId="8c84fa94-04c1-424b-9868-57a2d4851a1d" relativeResultsDirectory="5903f2c2-9ea6-4904-94fd-28c41b75a32e" />
    <UnitTestResult executionId="a9c45eb4-146a-44be-a6e9-6ccd4db7bdfe" testId="9d8006d2-1712-175f-737d-2998a4505a88" testName="Clawbot.Infrastructure.Tests.RecurringJobDispatcherTests.RunScheduledAsync_FailedRetrySlotRedeliveryRethrowsInsteadOfAcknowledgingSuccess" computerName="VOTHANHDATPC" duration="00:00:00.1616315" startTime="2026-08-19T21:48:30.3142257+07:00" endTime="2026-08-19T21:48:30.3142259+07:00" testType="13cdc9d9-ddb5-4fa4-a97d-d965ccfc6d4b" outcome="Passed" testListId="8c84fa94-04c1-424b-9868-57a2d4851a1d" relativeResultsDirectory="a9c45eb4-146a-44be-a6e9-6ccd4db7bdfe" />
    <UnitTestResult executionId="e74c0366-8159-4c71-b606-a740e4bb27f3" testId="df98f79a-51b7-3c14-6e28-e2ff7024c9e5" testName="Clawbot.Infrastructure.Tests.PancakeChannelAdapterTests.SendCommentReplyAsync_ForwardsPlatformToPageTokenResolver" computerName="VOTHANHDATPC" duration="00:00:00.0009716" startTime="2026-08-19T21:48:27.1766284+07:00" endTime="2026-08-19T21:48:27.1766287+07:00" testType="13cdc9d9-ddb5-4fa4-a97d-d965ccfc6d4b" outcome="Passed" testListId="8c84fa94-04c1-424b-9868-57a2d4851a1d" relativeResultsDirectory="e74c0366-8159-4c71-b606-a740e4bb27f3" />
    <UnitTestResult executionId="76e25588-433e-44be-b128-5f568966dbe4" testId="6717819d-2836-faed-feb6-2ea70d8677fe" testName="Clawbot.Infrastructure.Tests.DnsPublicUrlSafetyValidatorTests.IsSafe_Rejects_Localhost" computerName="VOTHANHDATPC" duration="00:00:00.0005653" startTime="2026-08-19T21:48:26.5756717+07:00" endTime="2026-08-19T21:48:26.5756717+07:00" testType="13cdc9d9-ddb5-4fa4-a97d-d965ccfc6d4b" outcome="Passed" testListId="8c84fa94-04c1-424b-9868-57a2d4851a1d" relativeResultsDirectory="76e25588-433e-44be-b128-5f568966dbe4" />
    <UnitTestResult executionId="aa5502c0-d8fa-4c71-924a-e18463732fcc" testId="57486546-f404-4520-cc24-914ef3442c72" testName="Clawbot.Infrastructure.Tests.DnsPublicUrlSafetyValidatorTests.IsPublicAddress_Null_Throws" computerName="VOTHANHDATPC" duration="00:00:00.0006902" startTime="2026-08-19T21:48:26.5757776+07:00" endTime="2026-08-19T21:48:26.5757777+07:00" testType="13cdc9d9-ddb5-4fa4-a97d-d965ccfc6d4b" outcome="Passed" testListId="8c84fa94-04c1-424b-9868-57a2d4851a1d" relativeResultsDirectory="aa5502c0-d8fa-4c71-924a-e18463732fcc" />
    <UnitTestResult executionId="d09d820f-8cd1-4ed5-910a-39de2a3c1a8c" testId="fca0e866-b887-5e8a-24ae-bef837dddabc" testName="Clawbot.Infrastructure.Tests.RecurringJobExecutionPersistenceTests.CreateManualRetryAsync_RejectsNonterminalOriginalExecution" computerName="VOTHANHDATPC" duration="00:00:00.1464090" startTime="2026-08-19T21:48:30.5015673+07:00" endTime="2026-08-19T21:48:30.5015676+07:00" testType="13cdc9d9-ddb5-4fa4-a97d-d965ccfc6d4b" outcome="Passed" testListId="8c84fa94-04c1-424b-9868-57a2d4851a1d" relativeResultsDirectory="d09d820f-8cd1-4ed5-910a-39de2a3c1a8c" />
    <UnitTestResult executionId="c755c67f-e6fa-492e-a019-16507915a8f0" testId="34c02a50-633d-835b-06ea-bd5748a50fab" testName="Clawbot.Infrastructure.Tests.RecurringJobExecutionPersistenceTests.MarkEnqueueFailedAsync_ClearsActiveEnqueueClaim" computerName="VOTHANHDATPC" duration="00:00:00.1446099" startTime="2026-08-19T21:48:29.5304451+07:00" endTime="2026-08-19T21:48:29.5304454+07:00" testType="13cdc9d9-ddb5-4fa4-a97d-d965ccfc6d4b" outcome="Passed" testListId="8c84fa94-04c1-424b-9868-57a2d4851a1d" relativeResultsDirectory="c755c67f-e6fa-492e-a019-16507915a8f0" />
    <UnitTestResult executionId="452e99e6-95e7-4c91-b4d7-5e117725e539" testId="58885f9b-95e9-1840-e442-9784bc49a05b" testName="Clawbot.Infrastructure.Tests.DevDataSeederPromptTests.SeedAgentDefinitionsAsync_SeedsCurrentPromptWithoutExpandingPlannerPersona" computerName="VOTHANHDATPC" duration="00:00:00.1516415" startTime="2026-08-19T21:48:29.2749025+07:00" endTime="2026-08-19T21:48:29.2749030+07:00" testType="13cdc9d9-ddb5-4fa4-a97d-d965ccfc6d4b" outcome="Passed" testListId="8c84fa94-04c1-424b-9868-57a2d4851a1d" relativeResultsDirectory="452e99e6-95e7-4c91-b4d7-5e117725e539" />
    <UnitTestResult executionId="d99fb460-0786-496b-858a-41715a733d3e" testId="dcfe3b21-0b35-f0c9-d07d-9fbab9845a7a" testName="Clawbot.Infrastructure.Tests.MetaCommentSyncJobTests.IsSafeGraphObjectId_RejectsPathManipulation(value: &quot;..&quot;, expected: False)" computerName="VOTHANHDATPC" duration="00:00:00.0000033" startTime="2026-08-19T21:48:28.4928600+07:00" endTime="2026-08-19T21:48:28.4928600+07:00" testType="13cdc9d9-ddb5-4fa4-a97d-d965ccfc6d4b" outcome="Passed" testListId="8c84fa94-04c1-424b-9868-57a2d4851a1d" relativeResultsDirectory="d99fb460-0786-496b-858a-41715a733d3e" />
    <UnitTestResult executionId="38d96be6-05b5-4763-9457-a71d538c3e9b" testId="fce76d1c-5b56-3fba-8814-e8f23c297653" testName="Clawbot.Infrastructure.Tests.DnsPublicUrlSafetyValidatorTests.IsPublicAddress_Classifies_IPv4(ip: &quot;169.254.1.1&quot;, expected: False)" computerName="VOTHANHDATPC" duration="00:00:00.0002057" startTime="2026-08-19T21:48:26.5748596+07:00" endTime="2026-08-19T21:48:26.5748597+07:00" testType="13cdc9d9-ddb5-4fa4-a97d-d965ccfc6d4b" outcome="Passed" testListId="8c84fa94-04c1-424b-9868-57a2d4851a1d" relativeResultsDirectory="38d96be6-05b5-4763-9457-a71d538c3e9b" />
    <UnitTestResult executionId="9828fbe8-b744-4da0-adbc-94c254bdf70c" testId="33544f4b-78ed-b931-e7e6-f16082041d05" testName="Clawbot.Infrastructure.Tests.InboxPageTokenMintedAtTests.Reconnect_StampsMintTimeAndRestoresTheInbox" computerName="VOTHANHDATPC" duration="00:00:00.0013140" startTime="2026-08-19T21:48:27.0181987+07:00" endTime="2026-08-19T21:48:27.0181992+07:00" testType="13cdc9d9-ddb5-4fa4-a97d-d965ccfc6d4b" outcome="Passed" testListId="8c84fa94-04c1-424b-9868-57a2d4851a1d" relativeResultsDirectory="9828fbe8-b744-4da0-adbc-94c254bdf70c" />
    <UnitTestResult executionId="bab18c99-35f2-4570-ac5f-ef2c109eae5b" testId="e7abeddc-435b-f939-108b-169e2a252ba8" testName="Clawbot.Infrastructure.Tests.AgentDefinitionCatalogPromptTests.ListAsync_LeavesSystemPromptNull_SoTheWorkerFallsBackToPersona" computerName="VOTHANHDATPC" duration="00:00:02.3396813" startTime="2026-08-19T21:48:28.8919833+07:00" endTime="2026-08-19T21:48:28.8919836+07:00" testType="13cdc9d9-ddb5-4fa4-a97d-d965ccfc6d4b" outcome="Passed" testListId="8c84fa94-04c1-424b-9868-57a2d4851a1d" relativeResultsDirectory="bab18c99-35f2-4570-ac5f-ef2c109eae5b" />
    <UnitTestResult executionId="2e270153-91d6-4f2b-864b-9f4a9c736420" testId="b9fa1e06-3a65-3d25-4ded-c2195bd9b837" testName="Clawbot.Infrastructure.Tests.PancakePageTokenServiceSqlServerTests.MintAndStoreAsync_SerializesConcurrentMintingForCanonicalPage" computerName="VOTHANHDATPC" duration="00:00:00.0010000" startTime="2026-08-19T21:48:26.9362771+07:00" endTime="2026-08-19T21:48:26.9362774+07:00" testType="13cdc9d9-ddb5-4fa4-a97d-d965ccfc6d4b" outcome="NotExecuted" testListId="8c84fa94-04c1-424b-9868-57a2d4851a1d" relativeResultsDirectory="2e270153-91d6-4f2b-864b-9f4a9c736420">
      <Output>
        <ErrorInfo>
          <Message>Set CLAWBOT_SQLSERVER_TEST_CONNECTION to run SQL Server integration tests.</Message>
        </ErrorInfo>
      </Output>
    </UnitTestResult>
    <UnitTestResult executionId="984b6d79-c65b-46c3-bc47-b7e6b9d9f40b" testId="69c53002-f427-dc40-61f8-5b4396788e18" testName="Clawbot.Infrastructure.Tests.RecurringJobDispatcherTests.RunScheduledAsync_DuplicateRunningDeliveryRethrowsInsteadOfAcknowledgingSuccess" computerName="VOTHANHDATPC" duration="00:00:00.1395694" startTime="2026-08-19T21:48:29.6099357+07:00" endTime="2026-08-19T21:48:29.6099361+07:00" testType="13cdc9d9-ddb5-4fa4-a97d-d965ccfc6d4b" outcome="Passed" testListId="8c84fa94-04c1-424b-9868-57a2d4851a1d" relativeResultsDirectory="984b6d79-c65b-46c3-bc47-b7e6b9d9f40b" />
    <UnitTestResult executionId="5f3402ce-f654-4109-9730-b5066bca9f74" testId="d3aeada1-9e57-9417-e124-c024caf993a5" testName="Clawbot.Infrastructure.Tests.AgentServiceTenantBindingTests.EnsurePrincipalMatchesRequest_RejectsContractsWithoutTenantId" computerName="VOTHANHDATPC" duration="00:00:00.0052688" startTime="2026-08-19T21:48:27.0311526+07:00" endTime="2026-08-19T21:48:27.0311530+07:00" testType="13cdc9d9-ddb5-4fa4-a97d-d965ccfc6d4b" outcome="Passed" testListId="8c84fa94-04c1-424b-9868-57a2d4851a1d" relativeResultsDirectory="5f3402ce-f654-4109-9730-b5066bca9f74" />
    <UnitTestResult executionId="391febb1-91cd-45d7-a511-c02cd0727917" testId="f46110d7-3b6b-f34b-bf6e-60e514d49c59" testName="Clawbot.Infrastructure.Tests.PancakePageTokenServiceTests.EnsureMintedAsync_ForwardsFullCanonicalIdentityToResolver" computerName="VOTHANHDATPC" duration="00:00:00.0024515" startTime="2026-08-19T21:48:28.4885851+07:00" endTime="2026-08-19T21:48:28.4885852+07:00" testType="13cdc9d9-ddb5-4fa4-a97d-d965ccfc6d4b" outcome="Passed" testListId="8c84fa94-04c1-424b-9868-57a2d4851a1d" relativeResultsDirectory="391febb1-91cd-45d7-a511-c02cd0727917" />
    <UnitTestResult executionId="55e782be-72b5-4674-abf8-46d5a24f3978" testId="fa2c585e-3508-29d2-961f-30764d5f846f" testName="Clawbot.Infrastructure.Tests.DnsPublicUrlSafetyValidatorTests.IsSafe_Dns_PublicAddress_Allowed" computerName="VOTHANHDATPC" duration="00:00:00.0006432" startTime="2026-08-19T21:48:26.9418021+07:00" endTime="2026-08-19T21:48:26.9418027+07:00" testType="13cdc9d9-ddb5-4fa4-a97d-d965ccfc6d4b" outcome="Passed" testListId="8c84fa94-04c1-424b-9868-57a2d4851a1d" relativeResultsDirectory="55e782be-72b5-4674-abf8-46d5a24f3978" />
    <UnitTestResult executionId="ba53d74c-72cf-4e62-a300-06c244db4266" testId="2d2a8da7-f76c-2d3d-087a-3a6520c32268" testName="Clawbot.Infrastructure.Tests.RecurringJobDispatcherTests.FailureReconciliation_DoesNothingWhenHangfireStateIsNotFailed" computerName="VOTHANHDATPC" duration="00:00:00.1544297" startTime="2026-08-19T21:48:30.4763373+07:00" endTime="2026-08-19T21:48:30.4763378+07:00" testType="13cdc9d9-ddb5-4fa4-a97d-d965ccfc6d4b" outcome="Passed" testListId="8c84fa94-04c1-424b-9868-57a2d4851a1d" relativeResultsDirectory="ba53d74c-72cf-4e62-a300-06c244db4266" />
    <UnitTestResult executionId="5aa98eaa-49b3-4c85-82f2-e5b215be665c" testId="81c0240d-ac73-02e7-8255-b6032b6c7d0e" testName="Clawbot.Infrastructure.Tests.AiAutoReplyTrailingBlockTests.HistoryRespectsLimitAndKeepsRawContent" computerName="VOTHANHDATPC" duration="00:00:00.0425293" startTime="2026-08-19T21:48:26.5821264+07:00" endTime="2026-08-19T21:48:26.5821265+07:00" testType="13cdc9d9-ddb5-4fa4-a97d-d965ccfc6d4b" outcome="Passed" testListId="8c84fa94-04c1-424b-9868-57a2d4851a1d" relativeResultsDirectory="5aa98eaa-49b3-4c85-82f2-e5b215be665c" />
    <UnitTestResult executionId="f39e0739-c9aa-4cee-b27a-ed20828a4661" testId="de1645dc-0016-6eb3-c0a8-4848ac91c665" testName="Clawbot.Infrastructure.Tests.InboxTokenEncryptionMigratorTests.EncryptLegacyTokensAsync_Throws_WhenAuthenticatedCiphertextUsesAnotherKey" computerName="VOTHANHDATPC" duration="00:00:01.1212939" startTime="2026-08-19T21:48:28.2981759+07:00" endTime="2026-08-19T21:48:28.2981762+07:00" testType="13cdc9d9-ddb5-4fa4-a97d-d965ccfc6d4b" outcome="Passed" testListId="8c84fa94-04c1-424b-9868-57a2d4851a1d" relativeResultsDirectory="f39e0739-c9aa-4cee-b27a-ed20828a4661" />
    <UnitTestResult executionId="14b09186-04bc-4686-b76c-619353759431" testId="53dacb49-57c0-a3e2-925a-98d5c61f6d98" testName="Clawbot.Infrastructure.Tests.DnsPublicUrlSafetyValidatorTests.IsSafe_Dns_SocketException_ReturnsFalse" computerName="VOTHANHDATPC" duration="00:00:00.0039554" startTime="2026-08-19T21:48:26.5747752+07:00" endTime="2026-08-19T21:48:26.5747753+07:00" testType="13cdc9d9-ddb5-4fa4-a97d-d965ccfc6d4b" outcome="Passed" testListId="8c84fa94-04c1-424b-9868-57a2d4851a1d" relativeResultsDirectory="14b09186-04bc-4686-b76c-619353759431" />
    <UnitTestResult executionId="b3345c83-4c8c-4eb6-bc05-ea50a26018df" testId="50a7bb3b-1b8b-7a5e-06e3-011157a17f57" testName="Clawbot.Infrastructure.Tests.PancakeHttpClientRegistrationTests.NormalizeBaseUrl_AcceptsApprovedEndpoint(baseUrl: &quot;https://pages.fm/api/v1&quot;, expected: &quot;https://pages.fm/api/v1&quot;)" computerName="VOTHANHDATPC" duration="00:00:00.0002284" startTime="2026-08-19T21:48:26.5321400+07:00" endTime="2026-08-19T21:48:26.5321401+07:00" testType="13cdc9d9-ddb5-4fa4-a97d-d965ccfc6d4b" outcome="Passed" testListId="8c84fa94-04c1-424b-9868-57a2d4851a1d" relativeResultsDirectory="b3345c83-4c8c-4eb6-bc05-ea50a26018df" />
    <UnitTestResult executionId="8c4acf6f-656b-4c32-b299-c83d481a5403" testId="49c81fe3-b3e4-5988-fc9a-e3ab098b6659" testName="Clawbot.Infrastructure.Tests.RecurringJobExecutionLifecycleTests.ReportProgress_ClampsReportedValue(reportedPercent: 101, expectedPercent: 100)" computerName="VOTHANHDATPC" duration="00:00:00.0002048" startTime="2026-08-19T21:48:26.9333122+07:00" endTime="2026-08-19T21:48:26.9333124+07:00" testType="13cdc9d9-ddb5-4fa4-a97d-d965ccfc6d4b" outcome="Passed" testListId="8c84fa94-04c1-424b-9868-57a2d4851a1d" relativeResultsDirectory="8c4acf6f-656b-4c32-b299-c83d481a5403" />
    <UnitTestResult executionId="026cb0a6-df22-4bdb-9418-63b74ad7d026" testId="ae2f454e-bbf6-960f-2027-e2108c7c74d0" testName="Clawbot.Infrastructure.Tests.DevDataSeederPromptTests.SeedAgentDefinitionsAsync_RepairsOtherTenantsWithoutProvisioningAgentsTheyNeverHad" computerName="VOTHANHDATPC" duration="00:00:00.9332301" startTime="2026-08-19T21:48:28.9549373+07:00" endTime="2026-08-19T21:48:28.9549375+07:00" testType="13cdc9d9-ddb5-4fa4-a97d-d965ccfc6d4b" outcome="Passed" testListId="8c84fa94-04c1-424b-9868-57a2d4851a1d" relativeResultsDirectory="026cb0a6-df22-4bdb-9418-63b74ad7d026" />
    <UnitTestResult executionId="470b798e-a92f-45da-8a0e-55739abcb572" testId="92ad08b7-62fc-b583-b662-4f62fd8599c8" testName="Clawbot.Infrastructure.Tests.RecurringJobExecutionPersistenceTests.Attempts_WithSameExecutionAndRunningStatus_ViolateUniqueConstraint" computerName="VOTHANHDATPC" duration="00:00:00.1422399" startTime="2026-08-19T21:48:29.3857171+07:00" endTime="2026-08-19T21:48:29.3857173+07:00" testType="13cdc9d9-ddb5-4fa4-a97d-d965ccfc6d4b" outcome="Passed" testListId="8c84fa94-04c1-424b-9868-57a2d4851a1d" relativeResultsDirectory="470b798e-a92f-45da-8a0e-55739abcb572" />
    <UnitTestResult executionId="e73aa438-3c94-41b0-995b-b95ba56dcff0" testId="f33bde5f-ca69-4516-e1fc-7a36051228e1" testName="Clawbot.Infrastructure.Tests.AiReplyDebouncerTests.DifferentConversationsFireIndependently" computerName="VOTHANHDATPC" duration="00:00:01.0321425" startTime="2026-08-19T21:48:29.3726128+07:00" endTime="2026-08-19T21:48:29.3726129+07:00" testType="13cdc9d9-ddb5-4fa4-a97d-d965ccfc6d4b" outcome="Passed" testListId="8c84fa94-04c1-424b-9868-57a2d4851a1d" relativeResultsDirectory="e73aa438-3c94-41b0-995b-b95ba56dcff0" />
    <UnitTestResult executionId="a355ebe4-2f71-4dd6-a6c0-90bfa944ff45" testId="3d994ff4-d443-a233-b732-8c332b458ffd" testName="Clawbot.Infrastructure.Tests.DnsPublicUrlSafetyValidatorTests.IsSafe_Literal_Loopback_Blocked" computerName="VOTHANHDATPC" duration="00:00:00.0004111" startTime="2026-08-19T21:48:26.5756365+07:00" endTime="2026-08-19T21:48:26.5756366+07:00" testType="13cdc9d9-ddb5-4fa4-a97d-d965ccfc6d4b" outcome="Passed" testListId="8c84fa94-04c1-424b-9868-57a2d4851a1d" relativeResultsDirectory="a355ebe4-2f71-4dd6-a6c0-90bfa944ff45" />
    <UnitTestResult executionId="29f396dc-68d8-4c7b-aa1b-e13eac81a089" testId="ea339b10-04fa-d6d5-9853-02e70323f83a" testName="Clawbot.Infrastructure.Tests.PancakeHttpClientRegistrationTests.NormalizeBaseUrl_AcceptsApprovedEndpoint(baseUrl: &quot;https://pages.fm/api/public_api/v2&quot;, expected: &quot;https://pages.fm/api/public_api/v2&quot;)" computerName="VOTHANHDATPC" duration="00:00:00.0000177" startTime="2026-08-19T21:48:26.5324929+07:00" endTime="2026-08-19T21:48:26.5324930+07:00" testType="13cdc9d9-ddb5-4fa4-a97d-d965ccfc6d4b" outcome="Passed" testListId="8c84fa94-04c1-424b-9868-57a2d4851a1d" relativeResultsDirectory="29f396dc-68d8-4c7b-aa1b-e13eac81a089" />
    <UnitTestResult executionId="2bc1ed29-bdd0-452c-883a-6a35f3529c6b" testId="2abd1448-548b-a960-6df3-8037e3735f1d" testName="Clawbot.Infrastructure.Tests.InboxPageTokenMintedAtTests.SetAccessToken_StampsMintTime" computerName="VOTHANHDATPC" duration="00:00:00.0004056" startTime="2026-08-19T21:48:27.0164967+07:00" endTime="2026-08-19T21:48:27.0164969+07:00" testType="13cdc9d9-ddb5-4fa4-a97d-d965ccfc6d4b" outcome="Passed" testListId="8c84fa94-04c1-424b-9868-57a2d4851a1d" relativeResultsDirectory="2bc1ed29-bdd0-452c-883a-6a35f3529c6b" />
    <UnitTestResult executionId="a223e263-e055-4947-879b-6fa77ef97593" testId="b131def6-b21c-d206-3e16-4c66ea058678" testName="Clawbot.Infrastructure.Tests.DnsPublicUrlSafetyValidatorTests.IsSafe_Literal_PublicIp_Allowed" computerName="VOTHANHDATPC" duration="00:00:00.0009151" startTime="2026-08-19T21:48:26.5758123+07:00" endTime="2026-08-19T21:48:26.5758125+07:00" testType="13cdc9d9-ddb5-4fa4-a97d-d965ccfc6d4b" outcome="Passed" testListId="8c84fa94-04c1-424b-9868-57a2d4851a1d" relativeResultsDirectory="a223e263-e055-4947-879b-6fa77ef97593" />
    <UnitTestResult executionId="c0adde94-13cd-460c-9b6f-91cda8f3867d" testId="710ce924-f3b1-62a0-3c4f-2b865da319c8" testName="Clawbot.Infrastructure.Tests.RecurringJobExecutionPersistenceTests.Service_RedactsAndBoundsProgressSummaryAndErrorBeforePersistence" computerName="VOTHANHDATPC" duration="00:00:00.1031504" startTime="2026-08-19T21:48:31.2514600+07:00" endTime="2026-08-19T21:48:31.2514603+07:00" testType="13cdc9d9-ddb5-4fa4-a97d-d965ccfc6d4b" outcome="Passed" testListId="8c84fa94-04c1-424b-9868-57a2d4851a1d" relativeResultsDirectory="c0adde94-13cd-460c-9b6f-91cda8f3867d" />
    <UnitTestResult executionId="e3423144-a54f-47b8-86ed-959e921e9bed" testId="100a24e9-088e-488d-7a48-77b58e8b7295" testName="Clawbot.Infrastructure.Tests.RecurringJobExecutionPersistenceTests.Attempts_WithSameHangfireIdButDistinctRetrySlots_AreAllowed" computerName="VOTHANHDATPC" duration="00:00:00.1217640" startTime="2026-08-19T21:48:31.0513480+07:00" endTime="2026-08-19T21:48:31.0513485+07:00" testType="13cdc9d9-ddb5-4fa4-a97d-d965ccfc6d4b" outcome="Passed" testListId="8c84fa94-04c1-424b-9868-57a2d4851a1d" relativeResultsDirectory="e3423144-a54f-47b8-86ed-959e921e9bed" />
    <UnitTestResult executionId="3bf2aa76-9ac5-4be5-a4d6-9314e6efe13c" testId="74b9aa58-8008-43d6-ff7a-064813a49c00" testName="Clawbot.Infrastructure.Tests.DnsPublicUrlSafetyValidatorTests.IsSafe_Dns_ArgumentException_ReturnsFalse" computerName="VOTHANHDATPC" duration="00:00:00.0005924" startTime="2026-08-19T21:48:26.5754424+07:00" endTime="2026-08-19T21:48:26.5754425+07:00" testType="13cdc9d9-ddb5-4fa4-a97d-d965ccfc6d4b" outcome="Passed" testListId="8c84fa94-04c1-424b-9868-57a2d4851a1d" relativeResultsDirectory="3bf2aa76-9ac5-4be5-a4d6-9314e6efe13c" />
    <UnitTestResult executionId="f3a337d1-4f60-4052-93bb-38b4387aefbd" testId="ff683d52-aab2-7b99-eac5-fd349bcd2db8" testName="Clawbot.Infrastructure.Tests.AiAutoReplyTrailingBlockTests.ReturnsNullWhenTrailingBlockIsWhitespaceOnly" computerName="VOTHANHDATPC" duration="00:00:00.0001325" startTime="2026-08-19T21:48:26.5995573+07:00" endTime="2026-08-19T21:48:26.5995573+07:00" testType="13cdc9d9-ddb5-4fa4-a97d-d965ccfc6d4b" outcome="Passed" testListId="8c84fa94-04c1-424b-9868-57a2d4851a1d" relativeResultsDirectory="f3a337d1-4f60-4052-93bb-38b4387aefbd" />
    <UnitTestResult executionId="8497a6df-f93f-4d20-aec1-686f48e32cb5" testId="5fe2680e-65a8-544c-9cec-e0c2654eb320" testName="Clawbot.Infrastructure.Tests.AiAutoReplyTrailingBlockTests.StripsHtmlFromCustomerMessages" computerName="VOTHANHDATPC" duration="00:00:00.0029378" startTime="2026-08-19T21:48:26.6024175+07:00" endTime="2026-08-19T21:48:26.6024181+07:00" testType="13cdc9d9-ddb5-4fa4-a97d-d965ccfc6d4b" outcome="Passed" testListId="8c84fa94-04c1-424b-9868-57a2d4851a1d" relativeResultsDirectory="8497a6df-f93f-4d20-aec1-686f48e32cb5" />
    <UnitTestResult executionId="b77a7706-4bfe-47b3-8363-f7429bd2104e" testId="ff52216d-a2fa-31ea-0c03-a819bd218151" testName="Clawbot.Infrastructure.Tests.PancakeBootstrapSeederTests.BootstrapAsync_UsesConfiguredTenantAndListedPagePlatform_WhenMinting" computerName="VOTHANHDATPC" duration="00:00:00.0183591" startTime="2026-08-19T21:48:28.5408180+07:00" endTime="2026-08-19T21:48:28.5408184+07:00" testType="13cdc9d9-ddb5-4fa4-a97d-d965ccfc6d4b" outcome="Passed" testListId="8c84fa94-04c1-424b-9868-57a2d4851a1d" relativeResultsDirectory="b77a7706-4bfe-47b3-8363-f7429bd2104e" />
    <UnitTestResult executionId="b3c5f625-afc9-45fc-ad3d-d3f6e308f98f" testId="f4a499e6-66b7-721a-06ba-21c53c57f3ff" testName="Clawbot.Infrastructure.Tests.MetaCommentSyncJobTests.IsSafeGraphObjectId_RejectsPathManipulation(value: &quot;17841400000000000&quot;, expected: True)" computerName="VOTHANHDATPC" duration="00:00:00.0000039" startTime="2026-08-19T21:48:28.4928349+07:00" endTime="2026-08-19T21:48:28.4928350+07:00" testType="13cdc9d9-ddb5-4fa4-a97d-d965ccfc6d4b" outcome="Passed" testListId="8c84fa94-04c1-424b-9868-57a2d4851a1d" relativeResultsDirectory="b3c5f625-afc9-45fc-ad3d-d3f6e308f98f" />
    <UnitTestResult executionId="828b4671-b1f8-47df-8c7b-f4daa5e1481a" testId="69922730-f792-407e-c0c4-ee0b362e404a" testName="Clawbot.Infrastructure.Tests.DnsPublicUrlSafetyValidatorTests.IsSafe_Rejects_Http_NotHttps" computerName="VOTHANHDATPC" duration="00:00:00.0004115" startTime="2026-08-19T21:48:26.5757408+07:00" endTime="2026-08-19T21:48:26.5757408+07:00" testType="13cdc9d9-ddb5-4fa4-a97d-d965ccfc6d4b" outcome="Passed" testListId="8c84fa94-04c1-424b-9868-57a2d4851a1d" relativeResultsDirectory="828b4671-b1f8-47df-8c7b-f4daa5e1481a" />
    <UnitTestResult executionId="96740a0a-40ea-4803-8ffc-6f5bdbbdae82" testId="e717cea8-c83d-4f51-1972-fcf44b4b7492" testName="Clawbot.Infrastructure.Tests.RecurringJobDispatcherTests.TrackedFailureFilter_ChangesTerminalRequeueToDeletedState" computerName="VOTHANHDATPC" duration="00:00:00.0187814" startTime="2026-08-19T21:48:31.0531217+07:00" endTime="2026-08-19T21:48:31.0531222+07:00" testType="13cdc9d9-ddb5-4fa4-a97d-d965ccfc6d4b" outcome="Passed" testListId="8c84fa94-04c1-424b-9868-57a2d4851a1d" relativeResultsDirectory="96740a0a-40ea-4803-8ffc-6f5bdbbdae82" />
    <UnitTestResult executionId="e94a5384-f7eb-4c03-bebc-fe5d25ae8bb4" testId="280612d0-9bd4-f7be-bfb0-574310cee86c" testName="Clawbot.Infrastructure.Tests.PancakePageTokenServiceTests.MintAndStoreAsync_NormalizesCanonicalIdentityBeforeMintAndPersistence" computerName="VOTHANHDATPC" duration="00:00:00.0619075" startTime="2026-08-19T21:48:28.3863809+07:00" endTime="2026-08-19T21:48:28.3863813+07:00" testType="13cdc9d9-ddb5-4fa4-a97d-d965ccfc6d4b" outcome="Passed" testListId="8c84fa94-04c1-424b-9868-57a2d4851a1d" relativeResultsDirectory="e94a5384-f7eb-4c03-bebc-fe5d25ae8bb4" />
    <UnitTestResult executionId="a53e834b-c08a-412c-afc4-78e811db3b6a" testId="0fa5aaf0-c719-b1ca-944c-df3d06d765de" testName="Clawbot.Infrastructure.Tests.PancakePageTokenResolverTests.ResolveAsync_ReturnsRequestedPlatformToken_WhenPageIdExistsOnMultiplePlatforms" computerName="VOTHANHDATPC" duration="00:00:00.0242417" startTime="2026-08-19T21:48:28.3232919+07:00" endTime="2026-08-19T21:48:28.3232921+07:00" testType="13cdc9d9-ddb5-4fa4-a97d-d965ccfc6d4b" outcome="Passed" testListId="8c84fa94-04c1-424b-9868-57a2d4851a1d" relativeResultsDirectory="a53e834b-c08a-412c-afc4-78e811db3b6a" />
    <UnitTestResult executionId="cbec0930-c04c-4059-b56e-a9e227247787" testId="61f1efc1-2007-b56b-27be-98e080dde2d9" testName="Clawbot.Infrastructure.Tests.MetaCommentSyncJobTests.ReadInstagramCounts_RejectsMissingAndNegativeMetrics" computerName="VOTHANHDATPC" duration="00:00:00.0025855" startTime="2026-08-19T21:48:28.4954946+07:00" endTime="2026-08-19T21:48:28.4954951+07:00" testType="13cdc9d9-ddb5-4fa4-a97d-d965ccfc6d4b" outcome="Passed" testListId="8c84fa94-04c1-424b-9868-57a2d4851a1d" relativeResultsDirectory="cbec0930-c04c-4059-b56e-a9e227247787" />
    <UnitTestResult executionId="91bc251d-13c4-47ac-90e8-2ce8fd198354" testId="0e9a0cbb-cf6d-c903-da71-15fa1ba6a307" testName="Clawbot.Infrastructure.Tests.AgentServiceGrpcClientRegistrationTests.AddInfrastructure_RegistersChatClientAuthenticationInterceptor" computerName="VOTHANHDATPC" duration="00:00:00.3912765" startTime="2026-08-19T21:48:26.9023107+07:00" endTime="2026-08-19T21:48:26.9023111+07:00" testType="13cdc9d9-ddb5-4fa4-a97d-d965ccfc6d4b" outcome="Passed" testListId="8c84fa94-04c1-424b-9868-57a2d4851a1d" relativeResultsDirectory="91bc251d-13c4-47ac-90e8-2ce8fd198354" />
    <UnitTestResult executionId="4246273b-469b-4b83-817a-2c8e9b011e11" testId="06beb544-26f6-3f30-d796-1715a91ed4b5" testName="Clawbot.Infrastructure.Tests.RecurringJobExecutionLifecycleTests.TerminalExecution_RejectsFurtherTransitionsAndPreservesHistoricalOutcome" computerName="VOTHANHDATPC" duration="00:00:00.0036271" startTime="2026-08-19T21:48:26.9227943+07:00" endTime="2026-08-19T21:48:26.9227947+07:00" testType="13cdc9d9-ddb5-4fa4-a97d-d965ccfc6d4b" outcome="Passed" testListId="8c84fa94-04c1-424b-9868-57a2d4851a1d" relativeResultsDirectory="4246273b-469b-4b83-817a-2c8e9b011e11" />
    <UnitTestResult executionId="4d36886f-308a-4687-8b81-a47c6f8d7d40" testId="b75f8e01-2f13-eeb8-468c-9bbfcd00229b" testName="Clawbot.Infrastructure.Tests.AgentDefinitionCatalogPromptTests.ListAsync_CarriesSystemPromptSeparatelyFromPlannerPersona" computerName="VOTHANHDATPC" duration="00:00:00.2137172" startTime="2026-08-19T21:48:29.1055205+07:00" endTime="2026-08-19T21:48:29.1055210+07:00" testType="13cdc9d9-ddb5-4fa4-a97d-d965ccfc6d4b" outcome="Passed" testListId="8c84fa94-04c1-424b-9868-57a2d4851a1d" relativeResultsDirectory="4d36886f-308a-4687-8b81-a47c6f8d7d40" />
    <UnitTestResult executionId="ee5caec9-7e73-4426-8d9f-66595ad3e58d" testId="1a6a6f20-1d8a-d4f5-1b6f-64524473fa88" testName="Clawbot.Infrastructure.Tests.PancakeHttpClientRegistrationTests.NormalizeBaseUrl_RejectsUnapprovedEndpoint(baseUrl: &quot;https://pages.fm:444/api/v1&quot;)" computerName="VOTHANHDATPC" duration="00:00:00.0004607" startTime="2026-08-19T21:48:26.5731064+07:00" endTime="2026-08-19T21:48:26.5731065+07:00" testType="13cdc9d9-ddb5-4fa4-a97d-d965ccfc6d4b" outcome="Passed" testListId="8c84fa94-04c1-424b-9868-57a2d4851a1d" relativeResultsDirectory="ee5caec9-7e73-4426-8d9f-66595ad3e58d" />
    <UnitTestResult executionId="003c8511-12bb-4d27-aa07-a6cf2fed3708" testId="a60b65e7-3637-69eb-bcee-5a27e7b613b0" testName="Clawbot.Infrastructure.Tests.PancakeBootstrapSeederTests.BootstrapAsync_RequiresPlatform_WhenStoringDirectPageToken" computerName="VOTHANHDATPC" duration="00:00:00.0183750" startTime="2026-08-19T21:48:28.5222843+07:00" endTime="2026-08-19T21:48:28.5222849+07:00" testType="13cdc9d9-ddb5-4fa4-a97d-d965ccfc6d4b" outcome="Passed" testListId="8c84fa94-04c1-424b-9868-57a2d4851a1d" relativeResultsDirectory="003c8511-12bb-4d27-aa07-a6cf2fed3708" />
    <UnitTestResult executionId="736a3514-8955-4ef9-9dd6-46f8ed8e8764" testId="fad31f3e-4c03-9ae5-9b9b-e2fd459fd864" testName="Clawbot.Infrastructure.Tests.RecurringJobDispatcherTests.RunScheduledAsync_RecoversInterruptedPreviousAttemptBeforeRunningNextRetry" computerName="VOTHANHDATPC" duration="00:00:00.1818239" startTime="2026-08-19T21:48:29.9875419+07:00" endTime="2026-08-19T21:48:29.9875423+07:00" testType="13cdc9d9-ddb5-4fa4-a97d-d965ccfc6d4b" outcome="Passed" testListId="8c84fa94-04c1-424b-9868-57a2d4851a1d" relativeResultsDirectory="736a3514-8955-4ef9-9dd6-46f8ed8e8764" />
    <UnitTestResult executionId="7b3081e9-3d15-4928-a763-7118febc88b4" testId="039ca3e2-79dc-9fb1-d981-2fd7e8bc6ee9" testName="Clawbot.Infrastructure.Tests.RecurringJobDispatcherTests.FailureFinalizer_RecoversFinalRunningAttemptWithApprovedSafeError" computerName="VOTHANHDATPC" duration="00:00:00.1474173" startTime="2026-08-19T21:48:30.7770484+07:00" endTime="2026-08-19T21:48:30.7770485+07:00" testType="13cdc9d9-ddb5-4fa4-a97d-d965ccfc6d4b" outcome="Passed" testListId="8c84fa94-04c1-424b-9868-57a2d4851a1d" relativeResultsDirectory="7b3081e9-3d15-4928-a763-7118febc88b4" />
    <UnitTestResult executionId="a59fb821-44d5-45f8-a23e-906806b33b41" testId="6de43b62-b93c-510c-a88d-6780b5a33555" testName="Clawbot.Infrastructure.Tests.DnsPublicUrlSafetyValidatorTests.IsPublicAddress_Classifies_IPv4(ip: &quot;127.0.0.1&quot;, expected: False)" computerName="VOTHANHDATPC" duration="00:00:00.0000040" startTime="2026-08-19T21:48:26.5749439+07:00" endTime="2026-08-19T21:48:26.5749440+07:00" testType="13cdc9d9-ddb5-4fa4-a97d-d965ccfc6d4b" outcome="Passed" testListId="8c84fa94-04c1-424b-9868-57a2d4851a1d" relativeResultsDirectory="a59fb821-44d5-45f8-a23e-906806b33b41" />
    <UnitTestResult executionId="4a9b03df-1ce5-4866-91d2-2fc1d02ec884" testId="7ebc31f0-2cee-0acc-0bc7-1a3c01b38c4b" testName="Clawbot.Infrastructure.Tests.RecurringJobExecutionPersistenceTests.CreateManualRetryAsync_CreatesLinkedExecutionAndReusesTheRequestKey" computerName="VOTHANHDATPC" duration="00:00:00.1791941" startTime="2026-08-19T21:48:29.8843438+07:00" endTime="2026-08-19T21:48:29.8843440+07:00" testType="13cdc9d9-ddb5-4fa4-a97d-d965ccfc6d4b" outcome="Passed" testListId="8c84fa94-04c1-424b-9868-57a2d4851a1d" relativeResultsDirectory="4a9b03df-1ce5-4866-91d2-2fc1d02ec884" />
    <UnitTestResult executionId="8aff784c-a37c-4769-81bf-b66e5e38d2ae" testId="aa559ffb-8c83-17ec-3269-4776fa1d9d6d" testName="Clawbot.Infrastructure.Tests.InboxTokenEncryptionMigratorTests.EncryptLegacyTokensAsync_IsIdempotent_AndNeverDoubleEncrypts" computerName="VOTHANHDATPC" duration="00:00:00.0051722" startTime="2026-08-19T21:48:28.3294622+07:00" endTime="2026-08-19T21:48:28.3294626+07:00" testType="13cdc9d9-ddb5-4fa4-a97d-d965ccfc6d4b" outcome="Passed" testListId="8c84fa94-04c1-424b-9868-57a2d4851a1d" relativeResultsDirectory="8aff784c-a37c-4769-81bf-b66e5e38d2ae" />
    <UnitTestResult executionId="4d5d8e17-926d-4ab0-8fc7-708150c28cc0" testId="99bc2163-50fb-fef8-a212-5ca276f009e3" testName="Clawbot.Infrastructure.Tests.AgentServiceTenantBindingTests.EnsurePrincipalMatchesRequest_RejectsInvalidRequestTenant" computerName="VOTHANHDATPC" duration="00:00:00.0012407" startTime="2026-08-19T21:48:27.0338262+07:00" endTime="2026-08-19T21:48:27.0338267+07:00" testType="13cdc9d9-ddb5-4fa4-a97d-d965ccfc6d4b" outcome="Passed" testListId="8c84fa94-04c1-424b-9868-57a2d4851a1d" relativeResultsDirectory="4d5d8e17-926d-4ab0-8fc7-708150c28cc0" />
    <UnitTestResult executionId="823e07f2-93a0-49d3-ad24-6987947d0edc" testId="de9a0f6c-3d21-bd49-3264-7473ddc995f8" testName="Clawbot.Infrastructure.Tests.PancakePageTokenServiceTests.StorePageTokenDirectAsync_UpdatesActiveCanonicalInbox_WhenHistoricalDuplicateExists" computerName="VOTHANHDATPC" duration="00:00:00.0995458" startTime="2026-08-19T21:48:28.4860593+07:00" endTime="2026-08-19T21:48:28.4860598+07:00" testType="13cdc9d9-ddb5-4fa4-a97d-d965ccfc6d4b" outcome="Passed" testListId="8c84fa94-04c1-424b-9868-57a2d4851a1d" relativeResultsDirectory="823e07f2-93a0-49d3-ad24-6987947d0edc" />
    <UnitTestResult executionId="63b3216a-e596-4988-a947-4750745589da" testId="efa376ab-a38f-3016-bcf7-a48f56704585" testName="Clawbot.Infrastructure.Tests.PancakeHttpClientRegistrationTests.MintAsync_SendsExactlyOneRequest_WhenServerReturns503" computerName="VOTHANHDATPC" duration="00:00:00.0267117" startTime="2026-08-19T21:48:26.9498747+07:00" endTime="2026-08-19T21:48:26.9498751+07:00" testType="13cdc9d9-ddb5-4fa4-a97d-d965ccfc6d4b" outcome="Passed" testListId="8c84fa94-04c1-424b-9868-57a2d4851a1d" relativeResultsDirectory="63b3216a-e596-4988-a947-4750745589da" />
    <UnitTestResult executionId="c15a660c-251d-423e-aa3c-3b4d0dd2b296" testId="d10f0c85-e216-c183-4500-2c7df6b64e94" testName="Clawbot.Infrastructure.Tests.RecurringJobExecutionLifecycleTests.ReportProgress_ClampsReportedValue(reportedPercent: -1, expectedPercent: 0)" computerName="VOTHANHDATPC" duration="00:00:00.0008540" startTime="2026-08-19T21:48:26.9330539+07:00" endTime="2026-08-19T21:48:26.9330542+07:00" testType="13cdc9d9-ddb5-4fa4-a97d-d965ccfc6d4b" outcome="Passed" testListId="8c84fa94-04c1-424b-9868-57a2d4851a1d" relativeResultsDirectory="c15a660c-251d-423e-aa3c-3b4d0dd2b296" />
    <UnitTestResult executionId="2cdfd43c-511c-4958-a68a-4cd9d406d262" testId="eb877ccc-e625-cd32-35f5-3ac588ce4063" testName="Clawbot.Infrastructure.Tests.RecurringJobDispatcherTests.LegacyFailureFilter_ExcludesTrackedWrapperJobs" computerName="VOTHANHDATPC" duration="00:00:00.0017246" startTime="2026-08-19T21:48:31.0326555+07:00" endTime="2026-08-19T21:48:31.0326558+07:00" testType="13cdc9d9-ddb5-4fa4-a97d-d965ccfc6d4b" outcome="Passed" testListId="8c84fa94-04c1-424b-9868-57a2d4851a1d" relativeResultsDirectory="2cdfd43c-511c-4958-a68a-4cd9d406d262" />
    <UnitTestResult executionId="c5f7fbf5-6467-43d6-94f7-5fe3ce4ec0e9" testId="428ea596-bed7-c1bf-5ee8-8391ac5c45a5" testName="Clawbot.Infrastructure.Tests.AgentServiceTenantBindingTests.EnsurePrincipalMatchesRequest_AllowsMatchingTenant" computerName="VOTHANHDATPC" duration="00:00:00.0073425" startTime="2026-08-19T21:48:27.0257950+07:00" endTime="2026-08-19T21:48:27.0257957+07:00" testType="13cdc9d9-ddb5-4fa4-a97d-d965ccfc6d4b" outcome="Passed" testListId="8c84fa94-04c1-424b-9868-57a2d4851a1d" relativeResultsDirectory="c5f7fbf5-6467-43d6-94f7-5fe3ce4ec0e9" />
    <UnitTestResult executionId="3b368ebe-76ba-4141-8668-114414585713" testId="0f1735ee-1eb4-563a-c3f5-ec59d272efa5" testName="Clawbot.Infrastructure.Tests.AiReplyDebouncerTests.ZeroDebounceRunsImmediatelyPerCall" computerName="VOTHANHDATPC" duration="00:00:00.0051811" startTime="2026-08-19T21:48:28.3386374+07:00" endTime="2026-08-19T21:48:28.3386379+07:00" testType="13cdc9d9-ddb5-4fa4-a97d-d965ccfc6d4b" outcome="Passed" testListId="8c84fa94-04c1-424b-9868-57a2d4851a1d" relativeResultsDirectory="3b368ebe-76ba-4141-8668-114414585713" />
    <UnitTestResult executionId="3bc6906d-b82e-4d2d-b50c-3f5d133b3301" testId="517bee7d-ef0a-8854-abfe-0bdf48ac2cd5" testName="Clawbot.Infrastructure.Tests.RecurringJobDispatcherTests.RunManualAsync_RejectsDifferentPerformTimeHangfireJobId" computerName="VOTHANHDATPC" duration="00:00:00.1603658" startTime="2026-08-19T21:48:29.3228949+07:00" endTime="2026-08-19T21:48:29.3228953+07:00" testType="13cdc9d9-ddb5-4fa4-a97d-d965ccfc6d4b" outcome="Passed" testListId="8c84fa94-04c1-424b-9868-57a2d4851a1d" relativeResultsDirectory="3bc6906d-b82e-4d2d-b50c-3f5d133b3301" />
    <UnitTestResult executionId="86e7c44a-6087-4d45-9783-24590eefd583" testId="afe87cc4-c6eb-2b15-2ff7-e692a1c4c12b" testName="Clawbot.Infrastructure.Tests.RecurringJobExecutionPersistenceTests.ManualExecutions_WithEquivalentRequestKey_ViolateUniqueConstraint" computerName="VOTHANHDATPC" duration="00:00:01.9085235" startTime="2026-08-19T21:48:28.8439814+07:00" endTime="2026-08-19T21:48:28.8439820+07:00" testType="13cdc9d9-ddb5-4fa4-a97d-d965ccfc6d4b" outcome="Passed" testListId="8c84fa94-04c1-424b-9868-57a2d4851a1d" relativeResultsDirectory="86e7c44a-6087-4d45-9783-24590eefd583" />
    <UnitTestResult executionId="b9d63cbd-3129-469e-8e1e-249ac0c5c142" testId="def5374a-007b-5544-173e-031496dbbbba" testName="Clawbot.Infrastructure.Tests.PancakePageTokenResolverTests.ResolveAsync_ReturnsNull_WhenFullCanonicalIdentityIsAmbiguous" computerName="VOTHANHDATPC" duration="00:00:00.0034207" startTime="2026-08-19T21:48:28.3277907+07:00" endTime="2026-08-19T21:48:28.3277911+07:00" testType="13cdc9d9-ddb5-4fa4-a97d-d965ccfc6d4b" outcome="Passed" testListId="8c84fa94-04c1-424b-9868-57a2d4851a1d" relativeResultsDirectory="b9d63cbd-3129-469e-8e1e-249ac0c5c142" />
    <UnitTestResult executionId="f9795751-9faa-446a-aa2a-da456e1730a9" testId="b1923248-74b1-3777-01c7-6d41a7b5c46f" testName="Clawbot.Infrastructure.Tests.DnsPublicUrlSafetyValidatorTests.IsSafe_Rejects_EmptyHost" computerName="VOTHANHDATPC" duration="00:00:00.0014410" startTime="2026-08-19T21:48:26.9469652+07:00" endTime="2026-08-19T21:48:26.9469657+07:00" testType="13cdc9d9-ddb5-4fa4-a97d-d965ccfc6d4b" outcome="Passed" testListId="8c84fa94-04c1-424b-9868-57a2d4851a1d" relativeResultsDirectory="f9795751-9faa-446a-aa2a-da456e1730a9" />
    <UnitTestResult executionId="cc73e040-eb03-4139-b17c-e0355f845090" testId="4c3111d6-712d-7979-4eae-3204392b058e" testName="Clawbot.Infrastructure.Tests.DnsPublicUrlSafetyValidatorTests.IsSafe_Dns_MixedAddresses_Blocked_OnAnyPrivate" computerName="VOTHANHDATPC" duration="00:00:00.0005115" startTime="2026-08-19T21:48:26.9482606+07:00" endTime="2026-08-19T21:48:26.9482610+07:00" testType="13cdc9d9-ddb5-4fa4-a97d-d965ccfc6d4b" outcome="Passed" testListId="8c84fa94-04c1-424b-9868-57a2d4851a1d" relativeResultsDirectory="cc73e040-eb03-4139-b17c-e0355f845090" />
    <UnitTestResult executionId="595a80b9-c370-44af-9adb-ce05a4788728" testId="6c3f9f7b-b169-08da-c620-d6d23a99b121" testName="Clawbot.Infrastructure.Tests.PancakeTokenCipherTests.DecryptOrRaw_Throws_WhenCiphertextUsesAnotherKey" computerName="VOTHANHDATPC" duration="00:00:00.0049249" startTime="2026-08-19T21:48:26.5930022+07:00" endTime="2026-08-19T21:48:26.5930027+07:00" testType="13cdc9d9-ddb5-4fa4-a97d-d965ccfc6d4b" outcome="Passed" testListId="8c84fa94-04c1-424b-9868-57a2d4851a1d" relativeResultsDirectory="595a80b9-c370-44af-9adb-ce05a4788728" />
    <UnitTestResult executionId="be9f7620-7cde-4d7c-996f-ef6a7d15f6e2" testId="dd1e1e1f-2709-acb0-1020-cfe5b305df97" testName="Clawbot.Infrastructure.Tests.DnsPublicUrlSafetyValidatorTests.IsSafe_Dns_NoDot_ReturnsFalse" computerName="VOTHANHDATPC" duration="00:00:00.0004512" startTime="2026-08-19T21:48:26.5757052+07:00" endTime="2026-08-19T21:48:26.5757052+07:00" testType="13cdc9d9-ddb5-4fa4-a97d-d965ccfc6d4b" outcome="Passed" testListId="8c84fa94-04c1-424b-9868-57a2d4851a1d" relativeResultsDirectory="be9f7620-7cde-4d7c-996f-ef6a7d15f6e2" />
    <UnitTestResult executionId="c606bbba-70cb-4f20-9208-4705c51ede01" testId="beaa7492-eb7c-7bc8-1796-8c2a786e157a" testName="Clawbot.Infrastructure.Tests.RecurringJobDispatcherTests.FailureReconciliation_RecoversFinalRunningAttemptWithoutHangfireFailureText" computerName="VOTHANHDATPC" duration="00:00:02.3294728" startTime="2026-08-19T21:48:28.9216613+07:00" endTime="2026-08-19T21:48:28.9216619+07:00" testType="13cdc9d9-ddb5-4fa4-a97d-d965ccfc6d4b" outcome="Passed" testListId="8c84fa94-04c1-424b-9868-57a2d4851a1d" relativeResultsDirectory="c606bbba-70cb-4f20-9208-4705c51ede01" />
    <UnitTestResult executionId="0ab8d1fc-0607-4df7-88f9-5f36803ef7a3" testId="0ae119c4-989d-b54a-795d-40be82ba713b" testName="Clawbot.Infrastructure.Tests.AiAutoReplyTrailingBlockTests.ReturnsNullWhenLastMessageIsOutbound" computerName="VOTHANHDATPC" duration="00:00:00.0003454" startTime="2026-08-19T21:48:26.5821785+07:00" endTime="2026-08-19T21:48:26.5821785+07:00" testType="13cdc9d9-ddb5-4fa4-a97d-d965ccfc6d4b" outcome="Passed" testListId="8c84fa94-04c1-424b-9868-57a2d4851a1d" relativeResultsDirectory="0ab8d1fc-0607-4df7-88f9-5f36803ef7a3" />
    <UnitTestResult executionId="7aa85685-f767-46e7-8bdf-fc046600a0fa" testId="c5a6fa7c-4577-9bc3-2703-c9e0bc98169f" testName="Clawbot.Infrastructure.Tests.RecurringJobDispatcherTests.TrackedFailureFilter_ImplementsHangfireApplyAndElectionFilters" computerName="VOTHANHDATPC" duration="00:00:00.0014470" startTime="2026-08-19T21:48:31.0342277+07:00" endTime="2026-08-19T21:48:31.0342280+07:00" testType="13cdc9d9-ddb5-4fa4-a97d-d965ccfc6d4b" outcome="Passed" testListId="8c84fa94-04c1-424b-9868-57a2d4851a1d" relativeResultsDirectory="7aa85685-f767-46e7-8bdf-fc046600a0fa" />
    <UnitTestResult executionId="9be0d45b-ded8-4da3-a0df-f5c5b62ad071" testId="a7684964-4922-44d3-15fe-2471c51593bc" testName="Clawbot.Infrastructure.Tests.LegacyCiphertextKeyMismatchTests.HasLegacyCiphertextEnvelope_ReturnsFalse_ForARawJwtStyleToken" computerName="VOTHANHDATPC" duration="00:00:00.0002280" startTime="2026-08-19T21:48:26.5733965+07:00" endTime="2026-08-19T21:48:26.5733966+07:00" testType="13cdc9d9-ddb5-4fa4-a97d-d965ccfc6d4b" outcome="Passed" testListId="8c84fa94-04c1-424b-9868-57a2d4851a1d" relativeResultsDirectory="9be0d45b-ded8-4da3-a0df-f5c5b62ad071" />
    <UnitTestResult executionId="7fbbdf6d-ae67-4932-a182-7b0893f0855c" testId="9121f45c-29b7-4976-e9d7-6e6f7aea99bc" testName="Clawbot.Infrastructure.Tests.MetaCommentSyncJobTests.ParseComments_MapsInstagramTextAndUsername" computerName="VOTHANHDATPC" duration="00:00:00.0066504" startTime="2026-08-19T21:48:28.5022304+07:00" endTime="2026-08-19T21:48:28.5022309+07:00" testType="13cdc9d9-ddb5-4fa4-a97d-d965ccfc6d4b" outcome="Passed" testListId="8c84fa94-04c1-424b-9868-57a2d4851a1d" relativeResultsDirectory="7fbbdf6d-ae67-4932-a182-7b0893f0855c" />
    <UnitTestResult executionId="e3103ab1-7b01-4a98-8cd8-4199d57d8281" testId="4e26b77e-151a-0795-1192-a987efb65b2f" testName="Clawbot.Infrastructure.Tests.RecurringJobExecutionLifecycleTests.AttemptStart_RejectsNegativeRetryCount" computerName="VOTHANHDATPC" duration="00:00:00.0092342" startTime="2026-08-19T21:48:26.9321166+07:00" endTime="2026-08-19T21:48:26.9321170+07:00" testType="13cdc9d9-ddb5-4fa4-a97d-d965ccfc6d4b" outcome="Passed" testListId="8c84fa94-04c1-424b-9868-57a2d4851a1d" relativeResultsDirectory="e3103ab1-7b01-4a98-8cd8-4199d57d8281" />
    <UnitTestResult executionId="82012979-cc0b-4a8c-8d31-63de4587e259" testId="5fc74c7c-48f9-224f-2326-d332809c0ff7" testName="Clawbot.Infrastructure.Tests.DnsPublicUrlSafetyValidatorTests.IsPublicAddress_Classifies_IPv4(ip: &quot;10.0.0.1&quot;, expected: False)" computerName="VOTHANHDATPC" duration="00:00:00.0000089" startTime="2026-08-19T21:48:26.5748887+07:00" endTime="2026-08-19T21:48:26.5748887+07:00" testType="13cdc9d9-ddb5-4fa4-a97d-d965ccfc6d4b" outcome="Passed" testListId="8c84fa94-04c1-424b-9868-57a2d4851a1d" relativeResultsDirectory="82012979-cc0b-4a8c-8d31-63de4587e259" />
    <UnitTestResult executionId="6458422d-cc2e-4b99-b5e4-da6cd2f45028" testId="ab47896e-c149-3fcb-9f22-dd91b91e61a7" testName="Clawbot.Infrastructure.Tests.AiAutoReplyTrailingBlockTests.MergesConsecutiveCustomerMessagesOldestFirst" computerName="VOTHANHDATPC" duration="00:00:00.0042582" startTime="2026-08-19T21:48:26.5987066+07:00" endTime="2026-08-19T21:48:26.5987067+07:00" testType="13cdc9d9-ddb5-4fa4-a97d-d965ccfc6d4b" outcome="Passed" testListId="8c84fa94-04c1-424b-9868-57a2d4851a1d" relativeResultsDirectory="6458422d-cc2e-4b99-b5e4-da6cd2f45028" />
[...]
    <TestEntry testId="139728ad-6f8a-4e61-7aff-3267cc6f1579" executionId="a0d9264e-f1bf-4e59-a395-35aeebe89f5b" testListId="8c84fa94-04c1-424b-9868-57a2d4851a1d" />
    <TestEntry testId="4d50f99a-1e2f-9942-743c-401aad08ad5a" executionId="56f6face-2d89-4930-a0ab-5e05c1088f62" testListId="8c84fa94-04c1-424b-9868-57a2d4851a1d" />
    <TestEntry testId="a112da1c-ca0d-b328-b318-b60286e30186" executionId="2eeb250f-c3ea-4ea4-9977-b21afcf25770" testListId="8c84fa94-04c1-424b-9868-57a2d4851a1d" />
    <TestEntry testId="3500f885-1cbd-abc3-660f-c79fd8d17f3a" executionId="8b0d40dc-9891-419f-b81a-2cdf68962a56" testListId="8c84fa94-04c1-424b-9868-57a2d4851a1d" />
    <TestEntry testId="c4a3f152-ca91-a96d-88b4-1db202a741f5" executionId="e720ffda-9e35-4061-8889-a505c3fe05f0" testListId="8c84fa94-04c1-424b-9868-57a2d4851a1d" />
    <TestEntry testId="231935df-39c2-4991-ed1a-58b7bc994e25" executionId="fc1c79be-87e7-45c7-86b0-4a8189ffb66a" testListId="8c84fa94-04c1-424b-9868-57a2d4851a1d" />
    <TestEntry testId="5aa8c0ee-68ff-197b-be32-fae0fbe6428e" executionId="02f11527-16a0-4f72-80b9-1719cfdf75d8" testListId="8c84fa94-04c1-424b-9868-57a2d4851a1d" />
    <TestEntry testId="b5522cb8-937d-5985-f792-4047f7943f7a" executionId="da9c91a9-f0f5-4c94-92ae-8c5c0599e270" testListId="8c84fa94-04c1-424b-9868-57a2d4851a1d" />
    <TestEntry testId="b6330cdd-4eb6-9f41-16c8-ea1827ceff4f" executionId="23663f67-1853-433c-88dd-872faac8dfc4" testListId="8c84fa94-04c1-424b-9868-57a2d4851a1d" />
    <TestEntry testId="07b43cac-4b46-8f02-0d49-41b4e1ce46ed" executionId="a79f7793-4eed-4d0c-b2bf-a7779a80a6ba" testListId="8c84fa94-04c1-424b-9868-57a2d4851a1d" />
    <TestEntry testId="17b9414e-5407-c532-7fe6-2b75d73eca94" executionId="3149755e-fb5f-4983-986c-2f0f92546cfe" testListId="8c84fa94-04c1-424b-9868-57a2d4851a1d" />
    <TestEntry testId="7c3f0c78-5e61-df10-1d05-f676c1321916" executionId="23c08c77-633c-4c60-98df-c293493af91a" testListId="8c84fa94-04c1-424b-9868-57a2d4851a1d" />
    <TestEntry testId="058fa6d9-768a-a2e9-66d0-c6106b17552b" executionId="dd94e169-ed9c-4b1f-843b-3d8c2f20a939" testListId="8c84fa94-04c1-424b-9868-57a2d4851a1d" />
    <TestEntry testId="cbd569a8-f647-e2a3-1276-6e7b3205a18a" executionId="df53684e-0c35-4869-83f5-fd6a09ddffcc" testListId="8c84fa94-04c1-424b-9868-57a2d4851a1d" />
    <TestEntry testId="0bc1e3f2-5807-afff-c305-819429e90fd3" executionId="07b48694-f235-4287-bb03-b9c88aa0b078" testListId="8c84fa94-04c1-424b-9868-57a2d4851a1d" />
    <TestEntry testId="857eb693-37ab-00ab-bb77-cd04d37d6477" executionId="adbdb8c3-bb3e-42fe-bf6e-7015d44ff32d" testListId="8c84fa94-04c1-424b-9868-57a2d4851a1d" />
    <TestEntry testId="5fa25a8e-1214-e296-50df-1868d3d242d3" executionId="79787714-c9a4-4d7b-ae76-10cc64fb90cf" testListId="8c84fa94-04c1-424b-9868-57a2d4851a1d" />
    <TestEntry testId="eace19ea-4ad8-ccc7-5691-507d9ab98a5f" executionId="9e6f1776-a777-47e4-a411-0558a1a329d2" testListId="8c84fa94-04c1-424b-9868-57a2d4851a1d" />
    <TestEntry testId="56c0186b-6ac2-3085-30f7-c61cd684a7ed" executionId="7b33f33a-69fa-495e-b751-4327fa753a8d" testListId="8c84fa94-04c1-424b-9868-57a2d4851a1d" />
    <TestEntry testId="89a6af40-b0f2-52dc-6dbf-5cd91ec32562" executionId="7db48b1b-98f5-4959-a368-7a6a3506ddf8" testListId="8c84fa94-04c1-424b-9868-57a2d4851a1d" />
    <TestEntry testId="6af6609d-49b9-70d7-c44d-1f5c8f00b49a" executionId="348d0692-2e8e-41fa-8941-c36b60f2e7fb" testListId="8c84fa94-04c1-424b-9868-57a2d4851a1d" />
    <TestEntry testId="64882549-7414-2722-8f72-6198b31726aa" executionId="140af05b-1874-4287-8c8e-e181d398abc8" testListId="8c84fa94-04c1-424b-9868-57a2d4851a1d" />
    <TestEntry testId="b08c0b1c-7939-59c4-0188-155b68dabd34" executionId="35e43c81-dfe9-4b86-9f70-b4adc9d78d00" testListId="8c84fa94-04c1-424b-9868-57a2d4851a1d" />
    <TestEntry testId="fbcde391-fe35-1d86-103d-18136d0b3601" executionId="4043019f-a784-4ca1-8a66-8babc70cd5c3" testListId="8c84fa94-04c1-424b-9868-57a2d4851a1d" />
    <TestEntry testId="1fcbde6d-ac0d-4060-2d5a-e7304ff4ebd1" executionId="b023f6f5-5d28-4060-a7e0-3a5164cf932e" testListId="8c84fa94-04c1-424b-9868-57a2d4851a1d" />
    <TestEntry testId="d230594a-b5af-c55a-9a6a-dab54aca11fa" executionId="62e8fc08-da86-4df0-b5f5-b380dc5d0f9d" testListId="8c84fa94-04c1-424b-9868-57a2d4851a1d" />
    <TestEntry testId="f1069833-2960-4637-bd5f-7f589a36ff25" executionId="d718f99d-6b8f-45a2-84e9-2de59862a8b3" testListId="8c84fa94-04c1-424b-9868-57a2d4851a1d" />
    <TestEntry testId="bac21e97-4e31-9d62-f70b-a5718dac83d7" executionId="f299aeec-659c-4032-99ca-8535b63015cf" testListId="8c84fa94-04c1-424b-9868-57a2d4851a1d" />
    <TestEntry testId="ab460ba0-9c6e-ab57-7ec6-52508871375d" executionId="5903f2c2-9ea6-4904-94fd-28c41b75a32e" testListId="8c84fa94-04c1-424b-9868-57a2d4851a1d" />
    <TestEntry testId="9d8006d2-1712-175f-737d-2998a4505a88" executionId="a9c45eb4-146a-44be-a6e9-6ccd4db7bdfe" testListId="8c84fa94-04c1-424b-9868-57a2d4851a1d" />
    <TestEntry testId="df98f79a-51b7-3c14-6e28-e2ff7024c9e5" executionId="e74c0366-8159-4c71-b606-a740e4bb27f3" testListId="8c84fa94-04c1-424b-9868-57a2d4851a1d" />
    <TestEntry testId="6717819d-2836-faed-feb6-2ea70d8677fe" executionId="76e25588-433e-44be-b128-5f568966dbe4" testListId="8c84fa94-04c1-424b-9868-57a2d4851a1d" />
    <TestEntry testId="57486546-f404-4520-cc24-914ef3442c72" executionId="aa5502c0-d8fa-4c71-924a-e18463732fcc" testListId="8c84fa94-04c1-424b-9868-57a2d4851a1d" />
    <TestEntry testId="fca0e866-b887-5e8a-24ae-bef837dddabc" executionId="d09d820f-8cd1-4ed5-910a-39de2a3c1a8c" testListId="8c84fa94-04c1-424b-9868-57a2d4851a1d" />
    <TestEntry testId="34c02a50-633d-835b-06ea-bd5748a50fab" executionId="c755c67f-e6fa-492e-a019-16507915a8f0" testListId="8c84fa94-04c1-424b-9868-57a2d4851a1d" />
    <TestEntry testId="58885f9b-95e9-1840-e442-9784bc49a05b" executionId="452e99e6-95e7-4c91-b4d7-5e117725e539" testListId="8c84fa94-04c1-424b-9868-57a2d4851a1d" />
    <TestEntry testId="dcfe3b21-0b35-f0c9-d07d-9fbab9845a7a" executionId="d99fb460-0786-496b-858a-41715a733d3e" testListId="8c84fa94-04c1-424b-9868-57a2d4851a1d" />
    <TestEntry testId="fce76d1c-5b56-3fba-8814-e8f23c297653" executionId="38d96be6-05b5-4763-9457-a71d538c3e9b" testListId="8c84fa94-04c1-424b-9868-57a2d4851a1d" />
    <TestEntry testId="33544f4b-78ed-b931-e7e6-f16082041d05" executionId="9828fbe8-b744-4da0-adbc-94c254bdf70c" testListId="8c84fa94-04c1-424b-9868-57a2d4851a1d" />
    <TestEntry testId="e7abeddc-435b-f939-108b-169e2a252ba8" executionId="bab18c99-35f2-4570-ac5f-ef2c109eae5b" testListId="8c84fa94-04c1-424b-9868-57a2d4851a1d" />
    <TestEntry testId="b9fa1e06-3a65-3d25-4ded-c2195bd9b837" executionId="2e270153-91d6-4f2b-864b-9f4a9c736420" testListId="8c84fa94-04c1-424b-9868-57a2d4851a1d" />
    <TestEntry testId="69c53002-f427-dc40-61f8-5b4396788e18" executionId="984b6d79-c65b-46c3-bc47-b7e6b9d9f40b" testListId="8c84fa94-04c1-424b-9868-57a2d4851a1d" />
    <TestEntry testId="d3aeada1-9e57-9417-e124-c024caf993a5" executionId="5f3402ce-f654-4109-9730-b5066bca9f74" testListId="8c84fa94-04c1-424b-9868-57a2d4851a1d" />
    <TestEntry testId="f46110d7-3b6b-f34b-bf6e-60e514d49c59" executionId="391febb1-91cd-45d7-a511-c02cd0727917" testListId="8c84fa94-04c1-424b-9868-57a2d4851a1d" />
    <TestEntry testId="fa2c585e-3508-29d2-961f-30764d5f846f" executionId="55e782be-72b5-4674-abf8-46d5a24f3978" testListId="8c84fa94-04c1-424b-9868-57a2d4851a1d" />
    <TestEntry testId="2d2a8da7-f76c-2d3d-087a-3a6520c32268" executionId="ba53d74c-72cf-4e62-a300-06c244db4266" testListId="8c84fa94-04c1-424b-9868-57a2d4851a1d" />
    <TestEntry testId="81c0240d-ac73-02e7-8255-b6032b6c7d0e" executionId="5aa98eaa-49b3-4c85-82f2-e5b215be665c" testListId="8c84fa94-04c1-424b-9868-57a2d4851a1d" />
    <TestEntry testId="de1645dc-0016-6eb3-c0a8-4848ac91c665" executionId="f39e0739-c9aa-4cee-b27a-ed20828a4661" testListId="8c84fa94-04c1-424b-9868-57a2d4851a1d" />
    <TestEntry testId="53dacb49-57c0-a3e2-925a-98d5c61f6d98" executionId="14b09186-04bc-4686-b76c-619353759431" testListId="8c84fa94-04c1-424b-9868-57a2d4851a1d" />
    <TestEntry testId="50a7bb3b-1b8b-7a5e-06e3-011157a17f57" executionId="b3345c83-4c8c-4eb6-bc05-ea50a26018df" testListId="8c84fa94-04c1-424b-9868-57a2d4851a1d" />
    <TestEntry testId="49c81fe3-b3e4-5988-fc9a-e3ab098b6659" executionId="8c4acf6f-656b-4c32-b299-c83d481a5403" testListId="8c84fa94-04c1-424b-9868-57a2d4851a1d" />
    <TestEntry testId="ae2f454e-bbf6-960f-2027-e2108c7c74d0" executionId="026cb0a6-df22-4bdb-9418-63b74ad7d026" testListId="8c84fa94-04c1-424b-9868-57a2d4851a1d" />
    <TestEntry testId="92ad08b7-62fc-b583-b662-4f62fd8599c8" executionId="470b798e-a92f-45da-8a0e-55739abcb572" testListId="8c84fa94-04c1-424b-9868-57a2d4851a1d" />
    <TestEntry testId="f33bde5f-ca69-4516-e1fc-7a36051228e1" executionId="e73aa438-3c94-41b0-995b-b95ba56dcff0" testListId="8c84fa94-04c1-424b-9868-57a2d4851a1d" />
    <TestEntry testId="3d994ff4-d443-a233-b732-8c332b458ffd" executionId="a355ebe4-2f71-4dd6-a6c0-90bfa944ff45" testListId="8c84fa94-04c1-424b-9868-57a2d4851a1d" />
    <TestEntry testId="ea339b10-04fa-d6d5-9853-02e70323f83a" executionId="29f396dc-68d8-4c7b-aa1b-e13eac81a089" testListId="8c84fa94-04c1-424b-9868-57a2d4851a1d" />
    <TestEntry testId="2abd1448-548b-a960-6df3-8037e3735f1d" executionId="2bc1ed29-bdd0-452c-883a-6a35f3529c6b" testListId="8c84fa94-04c1-424b-9868-57a2d4851a1d" />
    <TestEntry testId="b131def6-b21c-d206-3e16-4c66ea058678" executionId="a223e263-e055-4947-879b-6fa77ef97593" testListId="8c84fa94-04c1-424b-9868-57a2d4851a1d" />
    <TestEntry testId="710ce924-f3b1-62a0-3c4f-2b865da319c8" executionId="c0adde94-13cd-460c-9b6f-91cda8f3867d" testListId="8c84fa94-04c1-424b-9868-57a2d4851a1d" />
    <TestEntry testId="100a24e9-088e-488d-7a48-77b58e8b7295" executionId="e3423144-a54f-47b8-86ed-959e921e9bed" testListId="8c84fa94-04c1-424b-9868-57a2d4851a1d" />
    <TestEntry testId="74b9aa58-8008-43d6-ff7a-064813a49c00" executionId="3bf2aa76-9ac5-4be5-a4d6-9314e6efe13c" testListId="8c84fa94-04c1-424b-9868-57a2d4851a1d" />
    <TestEntry testId="ff683d52-aab2-7b99-eac5-fd349bcd2db8" executionId="f3a337d1-4f60-4052-93bb-38b4387aefbd" testListId="8c84fa94-04c1-424b-9868-57a2d4851a1d" />
    <TestEntry testId="5fe2680e-65a8-544c-9cec-e0c2654eb320" executionId="8497a6df-f93f-4d20-aec1-686f48e32cb5" testListId="8c84fa94-04c1-424b-9868-57a2d4851a1d" />
    <TestEntry testId="ff52216d-a2fa-31ea-0c03-a819bd218151" executionId="b77a7706-4bfe-47b3-8363-f7429bd2104e" testListId="8c84fa94-04c1-424b-9868-57a2d4851a1d" />
    <TestEntry testId="f4a499e6-66b7-721a-06ba-21c53c57f3ff" executionId="b3c5f625-afc9-45fc-ad3d-d3f6e308f98f" testListId="8c84fa94-04c1-424b-9868-57a2d4851a1d" />
    <TestEntry testId="69922730-f792-407e-c0c4-ee0b362e404a" executionId="828b4671-b1f8-47df-8c7b-f4daa5e1481a" testListId="8c84fa94-04c1-424b-9868-57a2d4851a1d" />
    <TestEntry testId="e717cea8-c83d-4f51-1972-fcf44b4b7492" executionId="96740a0a-40ea-4803-8ffc-6f5bdbbdae82" testListId="8c84fa94-04c1-424b-9868-57a2d4851a1d" />
    <TestEntry testId="280612d0-9bd4-f7be-bfb0-574310cee86c" executionId="e94a5384-f7eb-4c03-bebc-fe5d25ae8bb4" testListId="8c84fa94-04c1-424b-9868-57a2d4851a1d" />
    <TestEntry testId="0fa5aaf0-c719-b1ca-944c-df3d06d765de" executionId="a53e834b-c08a-412c-afc4-78e811db3b6a" testListId="8c84fa94-04c1-424b-9868-57a2d4851a1d" />
    <TestEntry testId="61f1efc1-2007-b56b-27be-98e080dde2d9" executionId="cbec0930-c04c-4059-b56e-a9e227247787" testListId="8c84fa94-04c1-424b-9868-57a2d4851a1d" />
    <TestEntry testId="0e9a0cbb-cf6d-c903-da71-15fa1ba6a307" executionId="91bc251d-13c4-47ac-90e8-2ce8fd198354" testListId="8c84fa94-04c1-424b-9868-57a2d4851a1d" />
    <TestEntry testId="06beb544-26f6-3f30-d796-1715a91ed4b5" executionId="4246273b-469b-4b83-817a-2c8e9b011e11" testListId="8c84fa94-04c1-424b-9868-57a2d4851a1d" />
    <TestEntry testId="b75f8e01-2f13-eeb8-468c-9bbfcd00229b" executionId="4d36886f-308a-4687-8b81-a47c6f8d7d40" testListId="8c84fa94-04c1-424b-9868-57a2d4851a1d" />
    <TestEntry testId="1a6a6f20-1d8a-d4f5-1b6f-64524473fa88" executionId="ee5caec9-7e73-4426-8d9f-66595ad3e58d" testListId="8c84fa94-04c1-424b-9868-57a2d4851a1d" />
    <TestEntry testId="a60b65e7-3637-69eb-bcee-5a27e7b613b0" executionId="003c8511-12bb-4d27-aa07-a6cf2fed3708" testListId="8c84fa94-04c1-424b-9868-57a2d4851a1d" />
    <TestEntry testId="fad31f3e-4c03-9ae5-9b9b-e2fd459fd864" executionId="736a3514-8955-4ef9-9dd6-46f8ed8e8764" testListId="8c84fa94-04c1-424b-9868-57a2d4851a1d" />
    <TestEntry testId="039ca3e2-79dc-9fb1-d981-2fd7e8bc6ee9" executionId="7b3081e9-3d15-4928-a763-7118febc88b4" testListId="8c84fa94-04c1-424b-9868-57a2d4851a1d" />
    <TestEntry testId="6de43b62-b93c-510c-a88d-6780b5a33555" executionId="a59fb821-44d5-45f8-a23e-906806b33b41" testListId="8c84fa94-04c1-424b-9868-57a2d4851a1d" />
    <TestEntry testId="7ebc31f0-2cee-0acc-0bc7-1a3c01b38c4b" executionId="4a9b03df-1ce5-4866-91d2-2fc1d02ec884" testListId="8c84fa94-04c1-424b-9868-57a2d4851a1d" />
    <TestEntry testId="aa559ffb-8c83-17ec-3269-4776fa1d9d6d" executionId="8aff784c-a37c-4769-81bf-b66e5e38d2ae" testListId="8c84fa94-04c1-424b-9868-57a2d4851a1d" />
    <TestEntry testId="99bc2163-50fb-fef8-a212-5ca276f009e3" executionId="4d5d8e17-926d-4ab0-8fc7-708150c28cc0" testListId="8c84fa94-04c1-424b-9868-57a2d4851a1d" />
    <TestEntry testId="de9a0f6c-3d21-bd49-3264-7473ddc995f8" executionId="823e07f2-93a0-49d3-ad24-6987947d0edc" testListId="8c84fa94-04c1-424b-9868-57a2d4851a1d" />
    <TestEntry testId="efa376ab-a38f-3016-bcf7-a48f56704585" executionId="63b3216a-e596-4988-a947-4750745589da" testListId="8c84fa94-04c1-424b-9868-57a2d4851a1d" />
    <TestEntry testId="d10f0c85-e216-c183-4500-2c7df6b64e94" executionId="c15a660c-251d-423e-aa3c-3b4d0dd2b296" testListId="8c84fa94-04c1-424b-9868-57a2d4851a1d" />
    <TestEntry testId="eb877ccc-e625-cd32-35f5-3ac588ce4063" executionId="2cdfd43c-511c-4958-a68a-4cd9d406d262" testListId="8c84fa94-04c1-424b-9868-57a2d4851a1d" />
    <TestEntry testId="428ea596-bed7-c1bf-5ee8-8391ac5c45a5" executionId="c5f7fbf5-6467-43d6-94f7-5fe3ce4ec0e9" testListId="8c84fa94-04c1-424b-9868-57a2d4851a1d" />
    <TestEntry testId="0f1735ee-1eb4-563a-c3f5-ec59d272efa5" executionId="3b368ebe-76ba-4141-8668-114414585713" testListId="8c84fa94-04c1-424b-9868-57a2d4851a1d" />
    <TestEntry testId="517bee7d-ef0a-8854-abfe-0bdf48ac2cd5" executionId="3bc6906d-b82e-4d2d-b50c-3f5d133b3301" testListId="8c84fa94-04c1-424b-9868-57a2d4851a1d" />
    <TestEntry testId="afe87cc4-c6eb-2b15-2ff7-e692a1c4c12b" executionId="86e7c44a-6087-4d45-9783-24590eefd583" testListId="8c84fa94-04c1-424b-9868-57a2d4851a1d" />
    <TestEntry testId="def5374a-007b-5544-173e-031496dbbbba" executionId="b9d63cbd-3129-469e-8e1e-249ac0c5c142" testListId="8c84fa94-04c1-424b-9868-57a2d4851a1d" />
    <TestEntry testId="b1923248-74b1-3777-01c7-6d41a7b5c46f" executionId="f9795751-9faa-446a-aa2a-da456e1730a9" testListId="8c84fa94-04c1-424b-9868-57a2d4851a1d" />
    <TestEntry testId="4c3111d6-712d-7979-4eae-3204392b058e" executionId="cc73e040-eb03-4139-b17c-e0355f845090" testListId="8c84fa94-04c1-424b-9868-57a2d4851a1d" />
    <TestEntry testId="6c3f9f7b-b169-08da-c620-d6d23a99b121" executionId="595a80b9-c370-44af-9adb-ce05a4788728" testListId="8c84fa94-04c1-424b-9868-57a2d4851a1d" />
    <TestEntry testId="dd1e1e1f-2709-acb0-1020-cfe5b305df97" executionId="be9f7620-7cde-4d7c-996f-ef6a7d15f6e2" testListId="8c84fa94-04c1-424b-9868-57a2d4851a1d" />
    <TestEntry testId="beaa7492-eb7c-7bc8-1796-8c2a786e157a" executionId="c606bbba-70cb-4f20-9208-4705c51ede01" testListId="8c84fa94-04c1-424b-9868-57a2d4851a1d" />
    <TestEntry testId="0ae119c4-989d-b54a-795d-40be82ba713b" executionId="0ab8d1fc-0607-4df7-88f9-5f36803ef7a3" testListId="8c84fa94-04c1-424b-9868-57a2d4851a1d" />
    <TestEntry testId="c5a6fa7c-4577-9bc3-2703-c9e0bc98169f" executionId="7aa85685-f767-46e7-8bdf-fc046600a0fa" testListId="8c84fa94-04c1-424b-9868-57a2d4851a1d" />
    <TestEntry testId="a7684964-4922-44d3-15fe-2471c51593bc" executionId="9be0d45b-ded8-4da3-a0df-f5c5b62ad071" testListId="8c84fa94-04c1-424b-9868-57a2d4851a1d" />
    <TestEntry testId="9121f45c-29b7-4976-e9d7-6e6f7aea99bc" executionId="7fbbdf6d-ae67-4932-a182-7b0893f0855c" testListId="8c84fa94-04c1-424b-9868-57a2d4851a1d" />
    <TestEntry testId="4e26b77e-151a-0795-1192-a987efb65b2f" executionId="e3103ab1-7b01-4a98-8cd8-4199d57d8281" testListId="8c84fa94-04c1-424b-9868-57a2d4851a1d" />
    <TestEntry testId="5fc74c7c-48f9-224f-2326-d332809c0ff7" executionId="82012979-cc0b-4a8c-8d31-63de4587e259" testListId="8c84fa94-04c1-424b-9868-57a2d4851a1d" />
    <TestEntry testId="ab47896e-c149-3fcb-9f22-dd91b91e61a7" executionId="6458422d-cc2e-4b99-b5e4-da6cd2f45028" testListId="8c84fa94-04c1-424b-9868-57a2d4851a1d" />
    <TestEntry testId="bec7f9bb-fd36-5be2-614f-2d1955721e93" executionId="91de7e8d-193d-44c1-bfe8-979b5c9416c8" testListId="8c84fa94-04c1-424b-9868-57a2d4851a1d" />
    <TestEntry testId="c868192a-9122-a7d1-c3c8-2b9c96726dc9" executionId="61a49f57-6d96-4798-bf75-abebb4551843" testListId="8c84fa94-04c1-424b-9868-57a2d4851a1d" />
    <TestEntry testId="7bea7058-5778-e366-c789-3d75ce3a7530" executionId="bd2176c3-7a5d-449a-a6d5-274e7302419e" testListId="8c84fa94-04c1-424b-9868-57a2d4851a1d" />
    <TestEntry testId="f87d8d9c-6d0f-b5f6-8bf0-fb18f7df5699" executionId="3612eb69-5ae1-4000-8dbb-a57c973d0afa" testListId="8c84fa94-04c1-424b-9868-57a2d4851a1d" />
    <TestEntry testId="a3590567-e559-3b2f-18f8-3cb4a3a12d4d" executionId="bdea46dc-5ba5-4855-85a3-e1f7f7f29df9" testListId="8c84fa94-04c1-424b-9868-57a2d4851a1d" />
    <TestEntry testId="9dd24777-8e67-5998-4b21-97102896c2a3" executionId="fe28a940-a07d-438f-929c-34950b7a512f" testListId="8c84fa94-04c1-424b-9868-57a2d4851a1d" />
    <TestEntry testId="0e42890a-7703-aaa6-e002-f5ec96a62229" executionId="a00f69c2-2e96-4751-82fb-ce9112e54050" testListId="8c84fa94-04c1-424b-9868-57a2d4851a1d" />
    <TestEntry testId="c7593927-794f-6526-565c-32e46d5b317f" executionId="be971bdc-f2c4-495b-96f1-ffb077777085" testListId="8c84fa94-04c1-424b-9868-57a2d4851a1d" />
    <TestEntry testId="12bb3c82-23e6-5a2c-faa2-7456b7171a08" executionId="646e1bcd-2282-488e-93c3-f683e74ce0c4" testListId="8c84fa94-04c1-424b-9868-57a2d4851a1d" />
  </TestEntries>
  <TestLists>
    <TestList name="Results Not in a List" id="8c84fa94-04c1-424b-9868-57a2d4851a1d" />
    <TestList name="All Loaded Results" id="19431567-8539-422a-85d7-44ee4e166bda" />
  </TestLists>
  <ResultSummary outcome="Completed">
    <Counters total="145" executed="144" passed="144" failed="0" error="0" timeout="0" aborted="0" inconclusive="0" passedButRunAborted="0" notRunnable="0" notExecuted="0" disconnected="0" warning="0" completed="0" inProgress="0" pending="0" />
    <Output>
      <StdOut>[xUnit.net 00:00:00.00] xUnit.net VSTest Adapter v2.8.2+699d445a1a (64-bit .NET 8.0.26)&#xD;
[xUnit.net 00:00:00.12]   Discovering: Clawbot.Infrastructure.Tests&#xD;
[xUnit.net 00:00:00.21]   Discovered:  Clawbot.Infrastructure.Tests&#xD;
[xUnit.net 00:00:00.22]   Starting:    Clawbot.Infrastructure.Tests&#xD;
[xUnit.net 00:00:00.69]       Set CLAWBOT_SQLSERVER_TEST_CONNECTION to run SQL Server integration tests.&#xD;
Test 'Clawbot.Infrastructure.Tests.PancakePageTokenServiceSqlServerTests.MintAndStoreAsync_SerializesConcurrentMintingForCanonicalPage' was skipped in the test run.&#xD;
[xUnit.net 00:00:07.82]   Finished:    Clawbot.Infrastructure.Tests&#xD;
</StdOut>
    </Output>
    <RunInfos>
      <RunInfo computerName="VOTHANHDATPC" outcome="Warning" timestamp="2026-08-19T21:48:26.9359464+07:00">
        <Text>[xUnit.net 00:00:00.69]     Clawbot.Infrastructure.Tests.PancakePageTokenServiceSqlServerTests.MintAndStoreAsync_SerializesConcurrentMintingForCanonicalPage [SKIP]</Text>
      </RunInfo>
    </RunInfos>
  </ResultSummary>
</TestRun>