<?xml version="1.0" encoding="utf-8"?>
<TestRun id="60d11ba8-2839-4802-844c-d83cda574a12" name="AdminDatVo@VOTHANHDATPC 2026-08-20 21:45:07" runUser="VOTHANHDATPC\AdminDatVo" xmlns="http://microsoft.com/schemas/VisualStudio/TeamTest/2010">
  <Times creation="2026-08-20T21:45:07.1947037+07:00" queuing="2026-08-20T21:45:07.1947041+07:00" start="2026-08-20T21:45:04.6358836+07:00" finish="2026-08-20T21:45:07.5769154+07:00" />
  <TestSettings name="default" id="4ac83302-5955-40b8-ac39-885b99e21173">
    <Deployment runDeploymentRoot="AdminDatVo_VOTHANHDATPC_2026-08-20_21_45_07" />
  </TestSettings>
  <Results>
    <UnitTestResult executionId="08a0bacf-72c6-45ea-a774-e0a8b96b3a30" testId="fe72b1b7-012c-e33d-ecc3-a7e66900824e" testName="Clawbot.Application.Tests.Common.LoggingBehaviorTests.Handle_PropagatesHandlerException" computerName="VOTHANHDATPC" duration="00:00:00.0576497" startTime="2026-08-20T21:45:07.1668712+07:00" endTime="2026-08-20T21:45:07.1668713+07:00" testType="13cdc9d9-ddb5-4fa4-a97d-d965ccfc6d4b" outcome="Passed" testListId="8c84fa94-04c1-424b-9868-57a2d4851a1d" relativeResultsDirectory="08a0bacf-72c6-45ea-a774-e0a8b96b3a30" />
    <UnitTestResult executionId="7d5f37f3-7307-4a01-aed1-cfda589ff942" testId="4505ee8a-0d88-67ff-2362-dc7d056d01f8" testName="Clawbot.Application.Tests.Common.AuditBehaviorTests.Handle_NullNext_Throws" computerName="VOTHANHDATPC" duration="00:00:00.0017235" startTime="2026-08-20T21:45:07.1669770+07:00" endTime="2026-08-20T21:45:07.1669771+07:00" testType="13cdc9d9-ddb5-4fa4-a97d-d965ccfc6d4b" outcome="Passed" testListId="8c84fa94-04c1-424b-9868-57a2d4851a1d" relativeResultsDirectory="7d5f37f3-7307-4a01-aed1-cfda589ff942" />
    <UnitTestResult executionId="f65c83d4-d22a-4ea8-9ef0-936798c1e3fa" testId="23aa654e-0526-bfa3-9018-5149d4e6a3ed" testName="Clawbot.Application.Tests.DependencyInjectionTests.AddApplication_BehaviorsAreTransient" computerName="VOTHANHDATPC" duration="00:00:00.0035651" startTime="2026-08-20T21:45:07.1667328+07:00" endTime="2026-08-20T21:45:07.1667330+07:00" testType="13cdc9d9-ddb5-4fa4-a97d-d965ccfc6d4b" outcome="Passed" testListId="8c84fa94-04c1-424b-9868-57a2d4851a1d" relativeResultsDirectory="f65c83d4-d22a-4ea8-9ef0-936798c1e3fa" />
    <UnitTestResult executionId="965743ed-1e54-4f28-b5e2-43f57d19520b" testId="fc385714-de4b-a56b-d9e9-41910c4ad288" testName="Clawbot.Application.Tests.Conversations.OpenConversationHandlerTests.Handle_AddsConversationAndSaves" computerName="VOTHANHDATPC" duration="00:00:00.0019060" startTime="2026-08-20T21:45:07.1651328+07:00" endTime="2026-08-20T21:45:07.1651329+07:00" testType="13cdc9d9-ddb5-4fa4-a97d-d965ccfc6d4b" outcome="Passed" testListId="8c84fa94-04c1-424b-9868-57a2d4851a1d" relativeResultsDirectory="965743ed-1e54-4f28-b5e2-43f57d19520b" />
    <UnitTestResult executionId="92014677-0525-4ae9-8245-157965d3fb01" testId="f9d86426-3786-3558-9be5-7aad1654ae35" testName="Clawbot.Application.Tests.Common.LoggingBehaviorTests.Handle_ReturnsNextResponse" computerName="VOTHANHDATPC" duration="00:00:00.0013385" startTime="2026-08-20T21:45:07.1669118+07:00" endTime="2026-08-20T21:45:07.1669119+07:00" testType="13cdc9d9-ddb5-4fa4-a97d-d965ccfc6d4b" outcome="Passed" testListId="8c84fa94-04c1-424b-9868-57a2d4851a1d" relativeResultsDirectory="92014677-0525-4ae9-8245-157965d3fb01" />
    <UnitTestResult executionId="004af5e0-59b4-49ea-8ab1-e5ae585bbd11" testId="6b775184-0570-c31d-20cc-d72b108cc315" testName="Clawbot.Application.Tests.DependencyInjectionTests.AddApplication_RegistersAllThreePipelineBehaviors" computerName="VOTHANHDATPC" duration="00:00:00.0154966" startTime="2026-08-20T21:45:07.1651580+07:00" endTime="2026-08-20T21:45:07.1651580+07:00" testType="13cdc9d9-ddb5-4fa4-a97d-d965ccfc6d4b" outcome="Passed" testListId="8c84fa94-04c1-424b-9868-57a2d4851a1d" relativeResultsDirectory="004af5e0-59b4-49ea-8ab1-e5ae585bbd11" />
    <UnitTestResult executionId="3f55838a-e0f6-4829-ae27-487d5da45309" testId="662c2347-a1a6-eee0-f276-2e04344910f8" testName="Clawbot.Application.Tests.Conversations.IngestIncomingMessageHandlerTests.Handle_AppendsInboundContactMessage" computerName="VOTHANHDATPC" duration="00:00:00.0007188" startTime="2026-08-20T21:45:07.0614051+07:00" endTime="2026-08-20T21:45:07.0614051+07:00" testType="13cdc9d9-ddb5-4fa4-a97d-d965ccfc6d4b" outcome="Passed" testListId="8c84fa94-04c1-424b-9868-57a2d4851a1d" relativeResultsDirectory="3f55838a-e0f6-4829-ae27-487d5da45309" />
    <UnitTestResult executionId="5a522806-823b-4382-84cc-ee007cdd53b6" testId="90cf62fd-c79f-87b0-4b04-1cb8bda385e6" testName="Clawbot.Application.Tests.Conversations.IngestIncomingMessageHandlerTests.Handle_ExistingConversation_AppendsWithoutCreating" computerName="VOTHANHDATPC" duration="00:00:00.0047177" startTime="2026-08-20T21:45:07.1650775+07:00" endTime="2026-08-20T21:45:07.1650775+07:00" testType="13cdc9d9-ddb5-4fa4-a97d-d965ccfc6d4b" outcome="Passed" testListId="8c84fa94-04c1-424b-9868-57a2d4851a1d" relativeResultsDirectory="5a522806-823b-4382-84cc-ee007cdd53b6" />
    <UnitTestResult executionId="69ae998c-96d0-4ead-a6b6-488394ac8fe1" testId="353d1c89-db4d-0887-b7a7-ee7ba649bb66" testName="Clawbot.Application.Tests.Common.AuditBehaviorTests.Handle_ReturnsNextResponse" computerName="VOTHANHDATPC" duration="00:00:00.0006665" startTime="2026-08-20T21:45:07.1670144+07:00" endTime="2026-08-20T21:45:07.1670145+07:00" testType="13cdc9d9-ddb5-4fa4-a97d-d965ccfc6d4b" outcome="Passed" testListId="8c84fa94-04c1-424b-9868-57a2d4851a1d" relativeResultsDirectory="69ae998c-96d0-4ead-a6b6-488394ac8fe1" />
    <UnitTestResult executionId="ed0aec37-3f2a-458f-8b27-892d31b48ade" testId="60d56be9-666d-3248-e796-6f9b6121aef2" testName="Clawbot.Application.Tests.Common.ResultTests.Failure_ReferenceType_ValueIsNull" computerName="VOTHANHDATPC" duration="00:00:00.0004931" startTime="2026-08-20T21:45:07.1647192+07:00" endTime="2026-08-20T21:45:07.1647197+07:00" testType="13cdc9d9-ddb5-4fa4-a97d-d965ccfc6d4b" outcome="Passed" testListId="8c84fa94-04c1-424b-9868-57a2d4851a1d" relativeResultsDirectory="ed0aec37-3f2a-458f-8b27-892d31b48ade" />
    <UnitTestResult executionId="ddd2cd57-5c2b-415a-b73c-d4bd76e919b7" testId="b52686de-5929-adb2-18aa-a685b8a9da65" testName="Clawbot.Application.Tests.Common.ValidationBehaviorTests.Handle_MultipleValidators_AggregatesAllFailures" computerName="VOTHANHDATPC" duration="00:00:00.3090615" startTime="2026-08-20T21:45:07.3715922+07:00" endTime="2026-08-20T21:45:07.3715929+07:00" testType="13cdc9d9-ddb5-4fa4-a97d-d965ccfc6d4b" outcome="Passed" testListId="8c84fa94-04c1-424b-9868-57a2d4851a1d" relativeResultsDirectory="ddd2cd57-5c2b-415a-b73c-d4bd76e919b7" />
    <UnitTestResult executionId="92b90f8d-a4a5-4b75-9967-38ec95ea6a0b" testId="9d823980-6652-bd25-bf2b-016625f39c37" testName="Clawbot.Application.Tests.Common.ValidationBehaviorTests.Handle_NoValidators_CallsNext" computerName="VOTHANHDATPC" duration="00:00:00.0005226" startTime="2026-08-20T21:45:07.3752750+07:00" endTime="2026-08-20T21:45:07.3752751+07:00" testType="13cdc9d9-ddb5-4fa4-a97d-d965ccfc6d4b" outcome="Passed" testListId="8c84fa94-04c1-424b-9868-57a2d4851a1d" relativeResultsDirectory="92b90f8d-a4a5-4b75-9967-38ec95ea6a0b" />
    <UnitTestResult executionId="7cca5a3e-5887-490b-9d14-e06cddf56b4f" testId="5f477cc9-9161-0fce-e669-ff7da048cdd7" testName="Clawbot.Application.Tests.Common.AppErrorTests.Equality_SameCodeAndMessage_AreEqual" computerName="VOTHANHDATPC" duration="00:00:00.0004003" startTime="2026-08-20T21:45:07.1648478+07:00" endTime="2026-08-20T21:45:07.1648479+07:00" testType="13cdc9d9-ddb5-4fa4-a97d-d965ccfc6d4b" outcome="Passed" testListId="8c84fa94-04c1-424b-9868-57a2d4851a1d" relativeResultsDirectory="7cca5a3e-5887-490b-9d14-e06cddf56b4f" />
    <UnitTestResult executionId="2f9bf679-047f-49b6-a449-aa7f9c46d57a" testId="75e77c9f-0038-966e-6079-67f0787fa2c3" testName="Clawbot.Application.Tests.DependencyInjectionTests.AddApplication_ReturnsSameCollectionForChaining" computerName="VOTHANHDATPC" duration="00:00:00.0006584" startTime="2026-08-20T21:45:07.1667943+07:00" endTime="2026-08-20T21:45:07.1667943+07:00" testType="13cdc9d9-ddb5-4fa4-a97d-d965ccfc6d4b" outcome="Passed" testListId="8c84fa94-04c1-424b-9868-57a2d4851a1d" relativeResultsDirectory="2f9bf679-047f-49b6-a449-aa7f9c46d57a" />
    <UnitTestResult executionId="6a1b3d74-f0eb-4710-b1fc-cfe4e05b7478" testId="17f543bb-4942-eda6-092a-3c0cfa64ccb9" testName="Clawbot.Application.Tests.Common.AppErrorTests.Conflict_UsesConflictCode" computerName="VOTHANHDATPC" duration="00:00:00.0001446" startTime="2026-08-20T21:45:07.1649251+07:00" endTime="2026-08-20T21:45:07.1649252+07:00" testType="13cdc9d9-ddb5-4fa4-a97d-d965ccfc6d4b" outcome="Passed" testListId="8c84fa94-04c1-424b-9868-57a2d4851a1d" relativeResultsDirectory="6a1b3d74-f0eb-4710-b1fc-cfe4e05b7478" />
    <UnitTestResult executionId="765c8c10-af6f-47b6-8fdc-d8f89c9ab15d" testId="38b69906-d0d6-3216-046c-9cd5f35a149e" testName="Clawbot.Application.Tests.Common.ResultTests.Failure_CarriesErrorAndDefaultValue" computerName="VOTHANHDATPC" duration="00:00:00.0176795" startTime="2026-08-20T21:45:07.0614531+07:00" endTime="2026-08-20T21:45:07.0614531+07:00" testType="13cdc9d9-ddb5-4fa4-a97d-d965ccfc6d4b" outcome="Passed" testListId="8c84fa94-04c1-424b-9868-57a2d4851a1d" relativeResultsDirectory="765c8c10-af6f-47b6-8fdc-d8f89c9ab15d" />
    <UnitTestResult executionId="fee18341-394f-4b79-9e89-13eb73434878" testId="ccd3eaa0-1412-47be-1071-49f79251779f" testName="Clawbot.Application.Tests.Conversations.IngestIncomingMessageHandlerTests.Handle_NoExistingConversation_OpensOneAndAppends" computerName="VOTHANHDATPC" duration="00:00:00.0165088" startTime="2026-08-20T21:45:07.0583018+07:00" endTime="2026-08-20T21:45:07.0583248+07:00" testType="13cdc9d9-ddb5-4fa4-a97d-d965ccfc6d4b" outcome="Passed" testListId="8c84fa94-04c1-424b-9868-57a2d4851a1d" relativeResultsDirectory="fee18341-394f-4b79-9e89-13eb73434878" />
    <UnitTestResult executionId="e280a385-fc04-48ac-bc21-4e55db622539" testId="7da32c41-afa0-5d52-20f0-ebeecc27f41b" testName="Clawbot.Application.Tests.Common.ResultTests.Success_CarriesValueAndNoError" computerName="VOTHANHDATPC" duration="00:00:00.0001739" startTime="2026-08-20T21:45:07.1648884+07:00" endTime="2026-08-20T21:45:07.1648885+07:00" testType="13cdc9d9-ddb5-4fa4-a97d-d965ccfc6d4b" outcome="Passed" testListId="8c84fa94-04c1-424b-9868-57a2d4851a1d" relativeResultsDirectory="e280a385-fc04-48ac-bc21-4e55db622539" />
    <UnitTestResult executionId="bb858181-6a4e-4d34-8b1e-54ff98336253" testId="24c352a9-7de1-8164-2ea4-977a78571742" testName="Clawbot.Application.Tests.DependencyInjectionTests.AddApplication_RegistersMediatorAndHandlers" computerName="VOTHANHDATPC" duration="00:00:00.0024709" startTime="2026-08-20T21:45:07.1668336+07:00" endTime="2026-08-20T21:45:07.1668336+07:00" testType="13cdc9d9-ddb5-4fa4-a97d-d965ccfc6d4b" outcome="Passed" testListId="8c84fa94-04c1-424b-9868-57a2d4851a1d" relativeResultsDirectory="bb858181-6a4e-4d34-8b1e-54ff98336253" />
    <UnitTestResult executionId="5ee1da4a-fe02-4f2b-88f7-e863323e86f8" testId="07bfe874-06b4-a456-0013-0f45d25e7e57" testName="Clawbot.Application.Tests.Common.AppErrorTests.Validation_UsesValidationCode" computerName="VOTHANHDATPC" duration="00:00:00.0155718" startTime="2026-08-20T21:45:07.0603336+07:00" endTime="2026-08-20T21:45:07.0603337+07:00" testType="13cdc9d9-ddb5-4fa4-a97d-d965ccfc6d4b" outcome="Passed" testListId="8c84fa94-04c1-424b-9868-57a2d4851a1d" relativeResultsDirectory="5ee1da4a-fe02-4f2b-88f7-e863323e86f8" />
    <UnitTestResult executionId="701c205d-6f4f-456c-9432-925cff202c99" testId="5d833a13-b933-2aa8-7f86-27febba591c3" testName="Clawbot.Application.Tests.Common.ValidationBehaviorTests.Handle_AllValidatorsPass_CallsNext" computerName="VOTHANHDATPC" duration="00:00:00.0008634" startTime="2026-08-20T21:45:07.3762101+07:00" endTime="2026-08-20T21:45:07.3762104+07:00" testType="13cdc9d9-ddb5-4fa4-a97d-d965ccfc6d4b" outcome="Passed" testListId="8c84fa94-04c1-424b-9868-57a2d4851a1d" relativeResultsDirectory="701c205d-6f4f-456c-9432-925cff202c99" />
    <UnitTestResult executionId="5438f65e-500e-4ec8-96a1-9aa1d9d18672" testId="ddd87dae-008c-ad91-92cb-cfea604e8c08" testName="Clawbot.Application.Tests.DependencyInjectionTests.AddApplication_BehaviorOrder_LoggingThenValidationThenAudit" computerName="VOTHANHDATPC" duration="00:00:00.0250240" startTime="2026-08-20T21:45:07.1670404+07:00" endTime="2026-08-20T21:45:07.1670404+07:00" testType="13cdc9d9-ddb5-4fa4-a97d-d965ccfc6d4b" outcome="Passed" testListId="8c84fa94-04c1-424b-9868-57a2d4851a1d" relativeResultsDirectory="5438f65e-500e-4ec8-96a1-9aa1d9d18672" />
    <UnitTestResult executionId="1904b501-b300-45e3-ad21-f646596c3adc" testId="2fae2014-497b-aec2-75ca-8341fac38a62" testName="Clawbot.Application.Tests.Common.AuditBehaviorTests.Handle_HandlerThrows_LogsAndRethrows" computerName="VOTHANHDATPC" duration="00:00:00.0675770" startTime="2026-08-20T21:45:07.1669403+07:00" endTime="2026-08-20T21:45:07.1669403+07:00" testType="13cdc9d9-ddb5-4fa4-a97d-d965ccfc6d4b" outcome="Passed" testListId="8c84fa94-04c1-424b-9868-57a2d4851a1d" relativeResultsDirectory="1904b501-b300-45e3-ad21-f646596c3adc" />
    <UnitTestResult executionId="eb322c02-19a5-450b-bd61-cd8f14d970f6" testId="be1fcc35-c568-c017-e4eb-3d19f0d675c1" testName="Clawbot.Application.Tests.Common.AppErrorTests.NotFound_UsesNotFoundCode" computerName="VOTHANHDATPC" duration="00:00:00.0001227" startTime="2026-08-20T21:45:07.0613982+07:00" endTime="2026-08-20T21:45:07.0613982+07:00" testType="13cdc9d9-ddb5-4fa4-a97d-d965ccfc6d4b" outcome="Passed" testListId="8c84fa94-04c1-424b-9868-57a2d4851a1d" relativeResultsDirectory="eb322c02-19a5-450b-bd61-cd8f14d970f6" />
    <UnitTestResult executionId="769b5bcf-fbb9-4d65-842b-419a89ddf653" testId="5ae59aeb-7e7c-3cee-39a7-27537232af1f" testName="Clawbot.Application.Tests.Common.ValidationBehaviorTests.Handle_ValidatorFails_ThrowsAndSkipsNext" computerName="VOTHANHDATPC" duration="00:00:00.0029966" startTime="2026-08-20T21:45:07.3746937+07:00" endTime="2026-08-20T21:45:07.3746942+07:00" testType="13cdc9d9-ddb5-4fa4-a97d-d965ccfc6d4b" outcome="Passed" testListId="8c84fa94-04c1-424b-9868-57a2d4851a1d" relativeResultsDirectory="769b5bcf-fbb9-4d65-842b-419a89ddf653" />
    <UnitTestResult executionId="44528394-f828-4d73-949c-7fdd93425f12" testId="e07edc03-d1ce-8445-22fa-8f3a260237b6" testName="Clawbot.Application.Tests.Common.AppErrorTests.None_IsEmptyCodeAndMessage" computerName="VOTHANHDATPC" duration="00:00:00.0002400" startTime="2026-08-20T21:45:07.0613507+07:00" endTime="2026-08-20T21:45:07.0613507+07:00" testType="13cdc9d9-ddb5-4fa4-a97d-d965ccfc6d4b" outcome="Passed" testListId="8c84fa94-04c1-424b-9868-57a2d4851a1d" relativeResultsDirectory="44528394-f828-4d73-949c-7fdd93425f12" />
    <UnitTestResult executionId="efbe6bfd-1d6f-4f8c-90be-9fc39378d2df" testId="7e4720f1-2b41-daa7-624d-45de610eb456" testName="Clawbot.Application.Tests.Common.ResultTests.Success_NullValue_IsStillSuccess" computerName="VOTHANHDATPC" duration="00:00:00.0001845" startTime="2026-08-20T21:45:07.1649424+07:00" endTime="2026-08-20T21:45:07.1649424+07:00" testType="13cdc9d9-ddb5-4fa4-a97d-d965ccfc6d4b" outcome="Passed" testListId="8c84fa94-04c1-424b-9868-57a2d4851a1d" relativeResultsDirectory="efbe6bfd-1d6f-4f8c-90be-9fc39378d2df" />
  </Results>
  <TestDefinitions>
    <UnitTest name="Clawbot.Application.Tests.Common.ValidationBehaviorTests.Handle_ValidatorFails_ThrowsAndSkipsNext" storage="d:\clawbot\tests\clawbot.application.tests\bin\debug\net8.0\clawbot.application.tests.dll" id="5ae59aeb-7e7c-3cee-39a7-27537232af1f">
      <Execution id="769b5bcf-fbb9-4d65-842b-419a89ddf653" />
      <TestMethod codeBase="D:\Clawbot\tests\Clawbot.Application.Tests\bin\Debug\net8.0\Clawbot.Application.Tests.dll" adapterTypeName="executor://xunit/VsTestRunner2/netcoreapp" className="Clawbot.Application.Tests.Common.ValidationBehaviorTests" name="Handle_ValidatorFails_ThrowsAndSkipsNext" />
    </UnitTest>
    <UnitTest name="Clawbot.Application.Tests.Common.ResultTests.Success_CarriesValueAndNoError" storage="d:\clawbot\tests\clawbot.application.tests\bin\debug\net8.0\clawbot.application.tests.dll" id="7da32c41-afa0-5d52-20f0-ebeecc27f41b">
      <Execution id="e280a385-fc04-48ac-bc21-4e55db622539" />
      <TestMethod codeBase="D:\Clawbot\tests\Clawbot.Application.Tests\bin\Debug\net8.0\Clawbot.Application.Tests.dll" adapterTypeName="executor://xunit/VsTestRunner2/netcoreapp" className="Clawbot.Application.Tests.Common.ResultTests" name="Success_CarriesValueAndNoError" />
    </UnitTest>
    <UnitTest name="Clawbot.Application.Tests.Common.LoggingBehaviorTests.Handle_ReturnsNextResponse" storage="d:\clawbot\tests\clawbot.application.tests\bin\debug\net8.0\clawbot.application.tests.dll" id="f9d86426-3786-3558-9be5-7aad1654ae35">
      <Execution id="92014677-0525-4ae9-8245-157965d3fb01" />
      <TestMethod codeBase="D:\Clawbot\tests\Clawbot.Application.Tests\bin\Debug\net8.0\Clawbot.Application.Tests.dll" adapterTypeName="executor://xunit/VsTestRunner2/netcoreapp" className="Clawbot.Application.Tests.Common.LoggingBehaviorTests" name="Handle_ReturnsNextResponse" />
    </UnitTest>
    <UnitTest name="Clawbot.Application.Tests.Common.ResultTests.Success_NullValue_IsStillSuccess" storage="d:\clawbot\tests\clawbot.application.tests\bin\debug\net8.0\clawbot.application.tests.dll" id="7e4720f1-2b41-daa7-624d-45de610eb456">
      <Execution id="efbe6bfd-1d6f-4f8c-90be-9fc39378d2df" />
      <TestMethod codeBase="D:\Clawbot\tests\Clawbot.Application.Tests\bin\Debug\net8.0\Clawbot.Application.Tests.dll" adapterTypeName="executor://xunit/VsTestRunner2/netcoreapp" className="Clawbot.Application.Tests.Common.ResultTests" name="Success_NullValue_IsStillSuccess" />
    </UnitTest>
    <UnitTest name="Clawbot.Application.Tests.Common.ResultTests.Failure_CarriesErrorAndDefaultValue" storage="d:\clawbot\tests\clawbot.application.tests\bin\debug\net8.0\clawbot.application.tests.dll" id="38b69906-d0d6-3216-046c-9cd5f35a149e">
      <Execution id="765c8c10-af6f-47b6-8fdc-d8f89c9ab15d" />
      <TestMethod codeBase="D:\Clawbot\tests\Clawbot.Application.Tests\bin\Debug\net8.0\Clawbot.Application.Tests.dll" adapterTypeName="executor://xunit/VsTestRunner2/netcoreapp" className="Clawbot.Application.Tests.Common.ResultTests" name="Failure_CarriesErrorAndDefaultValue" />
    </UnitTest>
    <UnitTest name="Clawbot.Application.Tests.Common.AppErrorTests.Validation_UsesValidationCode" storage="d:\clawbot\tests\clawbot.application.tests\bin\debug\net8.0\clawbot.application.tests.dll" id="07bfe874-06b4-a456-0013-0f45d25e7e57">
      <Execution id="5ee1da4a-fe02-4f2b-88f7-e863323e86f8" />
      <TestMethod codeBase="D:\Clawbot\tests\Clawbot.Application.Tests\bin\Debug\net8.0\Clawbot.Application.Tests.dll" adapterTypeName="executor://xunit/VsTestRunner2/netcoreapp" className="Clawbot.Application.Tests.Common.AppErrorTests" name="Validation_UsesValidationCode" />
    </UnitTest>
    <UnitTest name="Clawbot.Application.Tests.Common.AppErrorTests.None_IsEmptyCodeAndMessage" storage="d:\clawbot\tests\clawbot.application.tests\bin\debug\net8.0\clawbot.application.tests.dll" id="e07edc03-d1ce-8445-22fa-8f3a260237b6">
      <Execution id="44528394-f828-4d73-949c-7fdd93425f12" />
      <TestMethod codeBase="D:\Clawbot\tests\Clawbot.Application.Tests\bin\Debug\net8.0\Clawbot.Application.Tests.dll" adapterTypeName="executor://xunit/VsTestRunner2/netcoreapp" className="Clawbot.Application.Tests.Common.AppErrorTests" name="None_IsEmptyCodeAndMessage" />
    </UnitTest>
    <UnitTest name="Clawbot.Application.Tests.Common.LoggingBehaviorTests.Handle_PropagatesHandlerException" storage="d:\clawbot\tests\clawbot.application.tests\bin\debug\net8.0\clawbot.application.tests.dll" id="fe72b1b7-012c-e33d-ecc3-a7e66900824e">
      <Execution id="08a0bacf-72c6-45ea-a774-e0a8b96b3a30" />
      <TestMethod codeBase="D:\Clawbot\tests\Clawbot.Application.Tests\bin\Debug\net8.0\Clawbot.Application.Tests.dll" adapterTypeName="executor://xunit/VsTestRunner2/netcoreapp" className="Clawbot.Application.Tests.Common.LoggingBehaviorTests" name="Handle_PropagatesHandlerException" />
    </UnitTest>
    <UnitTest name="Clawbot.Application.Tests.Common.AppErrorTests.NotFound_UsesNotFoundCode" storage="d:\clawbot\tests\clawbot.application.tests\bin\debug\net8.0\clawbot.application.tests.dll" id="be1fcc35-c568-c017-e4eb-3d19f0d675c1">
      <Execution id="eb322c02-19a5-450b-bd61-cd8f14d970f6" />
      <TestMethod codeBase="D:\Clawbot\tests\Clawbot.Application.Tests\bin\Debug\net8.0\Clawbot.Application.Tests.dll" adapterTypeName="executor://xunit/VsTestRunner2/netcoreapp" className="Clawbot.Application.Tests.Common.AppErrorTests" name="NotFound_UsesNotFoundCode" />
    </UnitTest>
    <UnitTest name="Clawbot.Application.Tests.Common.AuditBehaviorTests.Handle_ReturnsNextResponse" storage="d:\clawbot\tests\clawbot.application.tests\bin\debug\net8.0\clawbot.application.tests.dll" id="353d1c89-db4d-0887-b7a7-ee7ba649bb66">
      <Execution id="69ae998c-96d0-4ead-a6b6-488394ac8fe1" />
      <TestMethod codeBase="D:\Clawbot\tests\Clawbot.Application.Tests\bin\Debug\net8.0\Clawbot.Application.Tests.dll" adapterTypeName="executor://xunit/VsTestRunner2/netcoreapp" className="Clawbot.Application.Tests.Common.AuditBehaviorTests" name="Handle_ReturnsNextResponse" />
    </UnitTest>
    <UnitTest name="Clawbot.Application.Tests.Common.ResultTests.Failure_ReferenceType_ValueIsNull" storage="d:\clawbot\tests\clawbot.application.tests\bin\debug\net8.0\clawbot.application.tests.dll" id="60d56be9-666d-3248-e796-6f9b6121aef2">
      <Execution id="ed0aec37-3f2a-458f-8b27-892d31b48ade" />
      <TestMethod codeBase="D:\Clawbot\tests\Clawbot.Application.Tests\bin\Debug\net8.0\Clawbot.Application.Tests.dll" adapterTypeName="executor://xunit/VsTestRunner2/netcoreapp" className="Clawbot.Application.Tests.Common.ResultTests" name="Failure_ReferenceType_ValueIsNull" />
    </UnitTest>
    <UnitTest name="Clawbot.Application.Tests.Conversations.OpenConversationHandlerTests.Handle_AddsConversationAndSaves" storage="d:\clawbot\tests\clawbot.application.tests\bin\debug\net8.0\clawbot.application.tests.dll" id="fc385714-de4b-a56b-d9e9-41910c4ad288">
      <Execution id="965743ed-1e54-4f28-b5e2-43f57d19520b" />
      <TestMethod codeBase="D:\Clawbot\tests\Clawbot.Application.Tests\bin\Debug\net8.0\Clawbot.Application.Tests.dll" adapterTypeName="executor://xunit/VsTestRunner2/netcoreapp" className="Clawbot.Application.Tests.Conversations.OpenConversationHandlerTests" name="Handle_AddsConversationAndSaves" />
    </UnitTest>
    <UnitTest name="Clawbot.Application.Tests.Common.ValidationBehaviorTests.Handle_AllValidatorsPass_CallsNext" storage="d:\clawbot\tests\clawbot.application.tests\bin\debug\net8.0\clawbot.application.tests.dll" id="5d833a13-b933-2aa8-7f86-27febba591c3">
      <Execution id="701c205d-6f4f-456c-9432-925cff202c99" />
      <TestMethod codeBase="D:\Clawbot\tests\Clawbot.Application.Tests\bin\Debug\net8.0\Clawbot.Application.Tests.dll" adapterTypeName="executor://xunit/VsTestRunner2/netcoreapp" className="Clawbot.Application.Tests.Common.ValidationBehaviorTests" name="Handle_AllValidatorsPass_CallsNext" />
    </UnitTest>
    <UnitTest name="Clawbot.Application.Tests.DependencyInjectionTests.AddApplication_BehaviorOrder_LoggingThenValidationThenAudit" storage="d:\clawbot\tests\clawbot.application.tests\bin\debug\net8.0\clawbot.application.tests.dll" id="ddd87dae-008c-ad91-92cb-cfea604e8c08">
      <Execution id="5438f65e-500e-4ec8-96a1-9aa1d9d18672" />
      <TestMethod codeBase="D:\Clawbot\tests\Clawbot.Application.Tests\bin\Debug\net8.0\Clawbot.Application.Tests.dll" adapterTypeName="executor://xunit/VsTestRunner2/netcoreapp" className="Clawbot.Application.Tests.DependencyInjectionTests" name="AddApplication_BehaviorOrder_LoggingThenValidationThenAudit" />
    </UnitTest>
    <UnitTest name="Clawbot.Application.Tests.Common.AuditBehaviorTests.Handle_NullNext_Throws" storage="d:\clawbot\tests\clawbot.application.tests\bin\debug\net8.0\clawbot.application.tests.dll" id="4505ee8a-0d88-67ff-2362-dc7d056d01f8">
      <Execution id="7d5f37f3-7307-4a01-aed1-cfda589ff942" />
      <TestMethod codeBase="D:\Clawbot\tests\Clawbot.Application.Tests\bin\Debug\net8.0\Clawbot.Application.Tests.dll" adapterTypeName="executor://xunit/VsTestRunner2/netcoreapp" className="Clawbot.Application.Tests.Common.AuditBehaviorTests" name="Handle_NullNext_Throws" />
    </UnitTest>
    <UnitTest name="Clawbot.Application.Tests.Conversations.IngestIncomingMessageHandlerTests.Handle_ExistingConversation_AppendsWithoutCreating" storage="d:\clawbot\tests\clawbot.application.tests\bin\debug\net8.0\clawbot.application.tests.dll" id="90cf62fd-c79f-87b0-4b04-1cb8bda385e6">
      <Execution id="5a522806-823b-4382-84cc-ee007cdd53b6" />
      <TestMethod codeBase="D:\Clawbot\tests\Clawbot.Application.Tests\bin\Debug\net8.0\Clawbot.Application.Tests.dll" adapterTypeName="executor://xunit/VsTestRunner2/netcoreapp" className="Clawbot.Application.Tests.Conversations.IngestIncomingMessageHandlerTests" name="Handle_ExistingConversation_AppendsWithoutCreating" />
    </UnitTest>
    <UnitTest name="Clawbot.Application.Tests.DependencyInjectionTests.AddApplication_BehaviorsAreTransient" storage="d:\clawbot\tests\clawbot.application.tests\bin\debug\net8.0\clawbot.application.tests.dll" id="23aa654e-0526-bfa3-9018-5149d4e6a3ed">
      <Execution id="f65c83d4-d22a-4ea8-9ef0-936798c1e3fa" />
      <TestMethod codeBase="D:\Clawbot\tests\Clawbot.Application.Tests\bin\Debug\net8.0\Clawbot.Application.Tests.dll" adapterTypeName="executor://xunit/VsTestRunner2/netcoreapp" className="Clawbot.Application.Tests.DependencyInjectionTests" name="AddApplication_BehaviorsAreTransient" />
    </UnitTest>
    <UnitTest name="Clawbot.Application.Tests.Common.AuditBehaviorTests.Handle_HandlerThrows_LogsAndRethrows" storage="d:\clawbot\tests\clawbot.application.tests\bin\debug\net8.0\clawbot.application.tests.dll" id="2fae2014-497b-aec2-75ca-8341fac38a62">
      <Execution id="1904b501-b300-45e3-ad21-f646596c3adc" />
      <TestMethod codeBase="D:\Clawbot\tests\Clawbot.Application.Tests\bin\Debug\net8.0\Clawbot.Application.Tests.dll" adapterTypeName="executor://xunit/VsTestRunner2/netcoreapp" className="Clawbot.Application.Tests.Common.AuditBehaviorTests" name="Handle_HandlerThrows_LogsAndRethrows" />
    </UnitTest>
    <UnitTest name="Clawbot.Application.Tests.Common.ValidationBehaviorTests.Handle_NoValidators_CallsNext" storage="d:\clawbot\tests\clawbot.application.tests\bin\debug\net8.0\clawbot.application.tests.dll" id="9d823980-6652-bd25-bf2b-016625f39c37">
      <Execution id="92b90f8d-a4a5-4b75-9967-38ec95ea6a0b" />
      <TestMethod codeBase="D:\Clawbot\tests\Clawbot.Application.Tests\bin\Debug\net8.0\Clawbot.Application.Tests.dll" adapterTypeName="executor://xunit/VsTestRunner2/netcoreapp" className="Clawbot.Application.Tests.Common.ValidationBehaviorTests" name="Handle_NoValidators_CallsNext" />
    </UnitTest>
    <UnitTest name="Clawbot.Application.Tests.Common.AppErrorTests.Conflict_UsesConflictCode" storage="d:\clawbot\tests\clawbot.application.tests\bin\debug\net8.0\clawbot.application.tests.dll" id="17f543bb-4942-eda6-092a-3c0cfa64ccb9">
      <Execution id="6a1b3d74-f0eb-4710-b1fc-cfe4e05b7478" />
      <TestMethod codeBase="D:\Clawbot\tests\Clawbot.Application.Tests\bin\Debug\net8.0\Clawbot.Application.Tests.dll" adapterTypeName="executor://xunit/VsTestRunner2/netcoreapp" className="Clawbot.Application.Tests.Common.AppErrorTests" name="Conflict_UsesConflictCode" />
    </UnitTest>
    <UnitTest name="Clawbot.Application.Tests.Conversations.IngestIncomingMessageHandlerTests.Handle_NoExistingConversation_OpensOneAndAppends" storage="d:\clawbot\tests\clawbot.application.tests\bin\debug\net8.0\clawbot.application.tests.dll" id="ccd3eaa0-1412-47be-1071-49f79251779f">
      <Execution id="fee18341-394f-4b79-9e89-13eb73434878" />
      <TestMethod codeBase="D:\Clawbot\tests\Clawbot.Application.Tests\bin\Debug\net8.0\Clawbot.Application.Tests.dll" adapterTypeName="executor://xunit/VsTestRunner2/netcoreapp" className="Clawbot.Application.Tests.Conversations.IngestIncomingMessageHandlerTests" name="Handle_NoExistingConversation_OpensOneAndAppends" />
    </UnitTest>
    <UnitTest name="Clawbot.Application.Tests.DependencyInjectionTests.AddApplication_RegistersAllThreePipelineBehaviors" storage="d:\clawbot\tests\clawbot.application.tests\bin\debug\net8.0\clawbot.application.tests.dll" id="6b775184-0570-c31d-20cc-d72b108cc315">
      <Execution id="004af5e0-59b4-49ea-8ab1-e5ae585bbd11" />
      <TestMethod codeBase="D:\Clawbot\tests\Clawbot.Application.Tests\bin\Debug\net8.0\Clawbot.Application.Tests.dll" adapterTypeName="executor://xunit/VsTestRunner2/netcoreapp" className="Clawbot.Application.Tests.DependencyInjectionTests" name="AddApplication_RegistersAllThreePipelineBehaviors" />
    </UnitTest>
    <UnitTest name="Clawbot.Application.Tests.DependencyInjectionTests.AddApplication_RegistersMediatorAndHandlers" storage="d:\clawbot\tests\clawbot.application.tests\bin\debug\net8.0\clawbot.application.tests.dll" id="24c352a9-7de1-8164-2ea4-977a78571742">
      <Execution id="bb858181-6a4e-4d34-8b1e-54ff98336253" />
      <TestMethod codeBase="D:\Clawbot\tests\Clawbot.Application.Tests\bin\Debug\net8.0\Clawbot.Application.Tests.dll" adapterTypeName="executor://xunit/VsTestRunner2/netcoreapp" className="Clawbot.Application.Tests.DependencyInjectionTests" name="AddApplication_RegistersMediatorAndHandlers" />
    </UnitTest>
    <UnitTest name="Clawbot.Application.Tests.Common.AppErrorTests.Equality_SameCodeAndMessage_AreEqual" storage="d:\clawbot\tests\clawbot.application.tests\bin\debug\net8.0\clawbot.application.tests.dll" id="5f477cc9-9161-0fce-e669-ff7da048cdd7">
      <Execution id="7cca5a3e-5887-490b-9d14-e06cddf56b4f" />
      <TestMethod codeBase="D:\Clawbot\tests\Clawbot.Application.Tests\bin\Debug\net8.0\Clawbot.Application.Tests.dll" adapterTypeName="executor://xunit/VsTestRunner2/netcoreapp" className="Clawbot.Application.Tests.Common.AppErrorTests" name="Equality_SameCodeAndMessage_AreEqual" />
    </UnitTest>
    <UnitTest name="Clawbot.Application.Tests.Conversations.IngestIncomingMessageHandlerTests.Handle_AppendsInboundContactMessage" storage="d:\clawbot\tests\clawbot.application.tests\bin\debug\net8.0\clawbot.application.tests.dll" id="662c2347-a1a6-eee0-f276-2e04344910f8">
      <Execution id="3f55838a-e0f6-4829-ae27-487d5da45309" />
      <TestMethod codeBase="D:\Clawbot\tests\Clawbot.Application.Tests\bin\Debug\net8.0\Clawbot.Application.Tests.dll" adapterTypeName="executor://xunit/VsTestRunner2/netcoreapp" className="Clawbot.Application.Tests.Conversations.IngestIncomingMessageHandlerTests" name="Handle_AppendsInboundContactMessage" />
    </UnitTest>
    <UnitTest name="Clawbot.Application.Tests.Common.ValidationBehaviorTests.Handle_MultipleValidators_AggregatesAllFailures" storage="d:\clawbot\tests\clawbot.application.tests\bin\debug\net8.0\clawbot.application.tests.dll" id="b52686de-5929-adb2-18aa-a685b8a9da65">
      <Execution id="ddd2cd57-5c2b-415a-b73c-d4bd76e919b7" />
      <TestMethod codeBase="D:\Clawbot\tests\Clawbot.Application.Tests\bin\Debug\net8.0\Clawbot.Application.Tests.dll" adapterTypeName="executor://xunit/VsTestRunner2/netcoreapp" className="Clawbot.Application.Tests.Common.ValidationBehaviorTests" name="Handle_MultipleValidators_AggregatesAllFailures" />
    </UnitTest>
    <UnitTest name="Clawbot.Application.Tests.DependencyInjectionTests.AddApplication_ReturnsSameCollectionForChaining" storage="d:\clawbot\tests\clawbot.application.tests\bin\debug\net8.0\clawbot.application.tests.dll" id="75e77c9f-0038-966e-6079-67f0787fa2c3">
      <Execution id="2f9bf679-047f-49b6-a449-aa7f9c46d57a" />
      <TestMethod codeBase="D:\Clawbot\tests\Clawbot.Application.Tests\bin\Debug\net8.0\Clawbot.Application.Tests.dll" adapterTypeName="executor://xunit/VsTestRunner2/netcoreapp" className="Clawbot.Application.Tests.DependencyInjectionTests" name="AddApplication_ReturnsSameCollectionForChaining" />
    </UnitTest>
  </TestDefinitions>
  <TestEntries>
    <TestEntry testId="fe72b1b7-012c-e33d-ecc3-a7e66900824e" executionId="08a0bacf-72c6-45ea-a774-e0a8b96b3a30" testListId="8c84fa94-04c1-424b-9868-57a2d4851a1d" />
    <TestEntry testId="4505ee8a-0d88-67ff-2362-dc7d056d01f8" executionId="7d5f37f3-7307-4a01-aed1-cfda589ff942" testListId="8c84fa94-04c1-424b-9868-57a2d4851a1d" />
    <TestEntry testId="23aa654e-0526-bfa3-9018-5149d4e6a3ed" executionId="f65c83d4-d22a-4ea8-9ef0-936798c1e3fa" testListId="8c84fa94-04c1-424b-9868-57a2d4851a1d" />
    <TestEntry testId="fc385714-de4b-a56b-d9e9-41910c4ad288" executionId="965743ed-1e54-4f28-b5e2-43f57d19520b" testListId="8c84fa94-04c1-424b-9868-57a2d4851a1d" />
    <TestEntry testId="f9d86426-3786-3558-9be5-7aad1654ae35" executionId="92014677-0525-4ae9-8245-157965d3fb01" testListId="8c84fa94-04c1-424b-9868-57a2d4851a1d" />
    <TestEntry testId="6b775184-0570-c31d-20cc-d72b108cc315" executionId="004af5e0-59b4-49ea-8ab1-e5ae585bbd11" testListId="8c84fa94-04c1-424b-9868-57a2d4851a1d" />
    <TestEntry testId="662c2347-a1a6-eee0-f276-2e04344910f8" executionId="3f55838a-e0f6-4829-ae27-487d5da45309" testListId="8c84fa94-04c1-424b-9868-57a2d4851a1d" />
    <TestEntry testId="90cf62fd-c79f-87b0-4b04-1cb8bda385e6" executionId="5a522806-823b-4382-84cc-ee007cdd53b6" testListId="8c84fa94-04c1-424b-9868-57a2d4851a1d" />
    <TestEntry testId="353d1c89-db4d-0887-b7a7-ee7ba649bb66" executionId="69ae998c-96d0-4ead-a6b6-488394ac8fe1" testListId="8c84fa94-04c1-424b-9868-57a2d4851a1d" />
    <TestEntry testId="60d56be9-666d-3248-e796-6f9b6121aef2" executionId="ed0aec37-3f2a-458f-8b27-892d31b48ade" testListId="8c84fa94-04c1-424b-9868-57a2d4851a1d" />
    <TestEntry testId="b52686de-5929-adb2-18aa-a685b8a9da65" executionId="ddd2cd57-5c2b-415a-b73c-d4bd76e919b7" testListId="8c84fa94-04c1-424b-9868-57a2d4851a1d" />
    <TestEntry testId="9d823980-6652-bd25-bf2b-016625f39c37" executionId="92b90f8d-a4a5-4b75-9967-38ec95ea6a0b" testListId="8c84fa94-04c1-424b-9868-57a2d4851a1d" />
    <TestEntry testId="5f477cc9-9161-0fce-e669-ff7da048cdd7" executionId="7cca5a3e-5887-490b-9d14-e06cddf56b4f" testListId="8c84fa94-04c1-424b-9868-57a2d4851a1d" />
    <TestEntry testId="75e77c9f-0038-966e-6079-67f0787fa2c3" executionId="2f9bf679-047f-49b6-a449-aa7f9c46d57a" testListId="8c84fa94-04c1-424b-9868-57a2d4851a1d" />
    <TestEntry testId="17f543bb-4942-eda6-092a-3c0cfa64ccb9" executionId="6a1b3d74-f0eb-4710-b1fc-cfe4e05b7478" testListId="8c84fa94-04c1-424b-9868-57a2d4851a1d" />
    <TestEntry testId="38b69906-d0d6-3216-046c-9cd5f35a149e" executionId="765c8c10-af6f-47b6-8fdc-d8f89c9ab15d" testListId="8c84fa94-04c1-424b-9868-57a2d4851a1d" />
    <TestEntry testId="ccd3eaa0-1412-47be-1071-49f79251779f" executionId="fee18341-394f-4b79-9e89-13eb73434878" testListId="8c84fa94-04c1-424b-9868-57a2d4851a1d" />
    <TestEntry testId="7da32c41-afa0-5d52-20f0-ebeecc27f41b" executionId="e280a385-fc04-48ac-bc21-4e55db622539" testListId="8c84fa94-04c1-424b-9868-57a2d4851a1d" />
    <TestEntry testId="24c352a9-7de1-8164-2ea4-977a78571742" executionId="bb858181-6a4e-4d34-8b1e-54ff98336253" testListId="8c84fa94-04c1-424b-9868-57a2d4851a1d" />
    <TestEntry testId="07bfe874-06b4-a456-0013-0f45d25e7e57" executionId="5ee1da4a-fe02-4f2b-88f7-e863323e86f8" testListId="8c84fa94-04c1-424b-9868-57a2d4851a1d" />
    <TestEntry testId="5d833a13-b933-2aa8-7f86-27febba591c3" executionId="701c205d-6f4f-456c-9432-925cff202c99" testListId="8c84fa94-04c1-424b-9868-57a2d4851a1d" />
    <TestEntry testId="ddd87dae-008c-ad91-92cb-cfea604e8c08" executionId="5438f65e-500e-4ec8-96a1-9aa1d9d18672" testListId="8c84fa94-04c1-424b-9868-57a2d4851a1d" />
    <TestEntry testId="2fae2014-497b-aec2-75ca-8341fac38a62" executionId="1904b501-b300-45e3-ad21-f646596c3adc" testListId="8c84fa94-04c1-424b-9868-57a2d4851a1d" />
    <TestEntry testId="be1fcc35-c568-c017-e4eb-3d19f0d675c1" executionId="eb322c02-19a5-450b-bd61-cd8f14d970f6" testListId="8c84fa94-04c1-424b-9868-57a2d4851a1d" />
    <TestEntry testId="5ae59aeb-7e7c-3cee-39a7-27537232af1f" executionId="769b5bcf-fbb9-4d65-842b-419a89ddf653" testListId="8c84fa94-04c1-424b-9868-57a2d4851a1d" />
    <TestEntry testId="e07edc03-d1ce-8445-22fa-8f3a260237b6" executionId="44528394-f828-4d73-949c-7fdd93425f12" testListId="8c84fa94-04c1-424b-9868-57a2d4851a1d" />
    <TestEntry testId="7e4720f1-2b41-daa7-624d-45de610eb456" executionId="efbe6bfd-1d6f-4f8c-90be-9fc39378d2df" testListId="8c84fa94-04c1-424b-9868-57a2d4851a1d" />
  </TestEntries>
  <TestLists>
    <TestList name="Results Not in a List" id="8c84fa94-04c1-424b-9868-57a2d4851a1d" />
    <TestList name="All Loaded Results" id="19431567-8539-422a-85d7-44ee4e166bda" />
  </TestLists>
  <ResultSummary outcome="Completed">
    <Counters total="27" executed="27" passed="27" failed="0" error="0" timeout="0" aborted="0" inconclusive="0" passedButRunAborted="0" notRunnable="0" notExecuted="0" disconnected="0" warning="0" completed="0" inProgress="0" pending="0" />
    <Output>
      <StdOut>[xUnit.net 00:00:00.00] xUnit.net VSTest Adapter v2.8.2+699d445a1a (64-bit .NET 8.0.26)&#xD;
[xUnit.net 00:00:00.62]   Discovering: Clawbot.Application.Tests&#xD;
[xUnit.net 00:00:01.01]   Discovered:  Clawbot.Application.Tests&#xD;
[xUnit.net 00:00:01.02]   Starting:    Clawbot.Application.Tests&#xD;
[xUnit.net 00:00:01.55]   Finished:    Clawbot.Application.Tests&#xD;
</StdOut>
    </Output>
  </ResultSummary>
</TestRun>