<?xml version="1.0" encoding="utf-8"?>
<TestRun id="557e055e-beda-4bd7-b2ff-fff0c9a55cd7" name="AdminDatVo@VOTHANHDATPC 2026-08-20 23:05:07" runUser="VOTHANHDATPC\AdminDatVo" xmlns="http://microsoft.com/schemas/VisualStudio/TeamTest/2010">
  <Times creation="2026-08-20T23:05:07.5799267+07:00" queuing="2026-08-20T23:05:07.5799272+07:00" start="2026-08-20T23:05:06.8355072+07:00" finish="2026-08-20T23:05:07.6750275+07:00" />
  <TestSettings name="default" id="5993d415-94e8-4c2b-8b63-cfd61a179913">
    <Deployment runDeploymentRoot="AdminDatVo_VOTHANHDATPC_2026-08-20_23_05_07" />
  </TestSettings>
  <Results>
    <UnitTestResult executionId="1bcececc-f4ce-4a01-8692-2fb23d10ae2c" testId="46aba738-02ca-5453-f1a2-15e66121ec63" testName="Clawbot.SharedKernel.Tests.Demo.DemoTraceTests.AddStep_SetsTimestampAndAppends" computerName="VOTHANHDATPC" duration="00:00:00.0005806" startTime="2026-08-20T23:05:07.5522417+07:00" endTime="2026-08-20T23:05:07.5522418+07:00" testType="13cdc9d9-ddb5-4fa4-a97d-d965ccfc6d4b" outcome="Passed" testListId="8c84fa94-04c1-424b-9868-57a2d4851a1d" relativeResultsDirectory="1bcececc-f4ce-4a01-8692-2fb23d10ae2c" />
    <UnitTestResult executionId="c8552930-a8a7-4121-ae19-9fa8cbf22449" testId="d5bea5b3-3628-de0d-fd1a-17cae64616cc" testName="Clawbot.SharedKernel.Tests.Demo.DemoRuntimeConfigTests.PancakeEndpointFields_RoundTrip" computerName="VOTHANHDATPC" duration="00:00:00.0002169" startTime="2026-08-20T23:05:07.5499621+07:00" endTime="2026-08-20T23:05:07.5499622+07:00" testType="13cdc9d9-ddb5-4fa4-a97d-d965ccfc6d4b" outcome="Passed" testListId="8c84fa94-04c1-424b-9868-57a2d4851a1d" relativeResultsDirectory="c8552930-a8a7-4121-ae19-9fa8cbf22449" />
    <UnitTestResult executionId="1d3fcbb2-9fcf-47fb-aec0-29f515c434aa" testId="41503905-dee6-58f3-6f27-2ae9af862a86" testName="Clawbot.SharedKernel.Tests.Vectors.VectorMatchTests.Constructor_SetsAllFields" computerName="VOTHANHDATPC" duration="00:00:00.0009767" startTime="2026-08-20T23:05:07.5527528+07:00" endTime="2026-08-20T23:05:07.5527528+07:00" testType="13cdc9d9-ddb5-4fa4-a97d-d965ccfc6d4b" outcome="Passed" testListId="8c84fa94-04c1-424b-9868-57a2d4851a1d" relativeResultsDirectory="1d3fcbb2-9fcf-47fb-aec0-29f515c434aa" />
    <UnitTestResult executionId="5908c1f7-ce33-43fe-84e3-7002bf2d0af9" testId="c6f009a1-6ab1-9d6d-9e23-46a631a158b5" testName="Clawbot.SharedKernel.Tests.Content.Visuals.ContentVisualSlotTests.Create_BlankLine_Throws" computerName="VOTHANHDATPC" duration="00:00:00.0032626" startTime="2026-08-20T23:05:07.5495374+07:00" endTime="2026-08-20T23:05:07.5495375+07:00" testType="13cdc9d9-ddb5-4fa4-a97d-d965ccfc6d4b" outcome="Passed" testListId="8c84fa94-04c1-424b-9868-57a2d4851a1d" relativeResultsDirectory="5908c1f7-ce33-43fe-84e3-7002bf2d0af9" />
    <UnitTestResult executionId="8090f2dd-5caf-4c58-8061-d7804ed4a2cd" testId="071d32e5-3343-49ee-dc7b-d072abc2716b" testName="Clawbot.SharedKernel.Tests.Content.ContentPlatformCatalogTests.NormalizeWritable_UnsupportedPlatform_Throws" computerName="VOTHANHDATPC" duration="00:00:00.0007814" startTime="2026-08-20T23:05:07.5548280+07:00" endTime="2026-08-20T23:05:07.5548281+07:00" testType="13cdc9d9-ddb5-4fa4-a97d-d965ccfc6d4b" outcome="Passed" testListId="8c84fa94-04c1-424b-9868-57a2d4851a1d" relativeResultsDirectory="8090f2dd-5caf-4c58-8061-d7804ed4a2cd" />
    <UnitTestResult executionId="06a76194-e2f5-45b8-b839-836f535f3da6" testId="c8fbf610-5167-9e7c-f13f-3796f73ebed7" testName="Clawbot.SharedKernel.Tests.Inbox.InboxConversationEventTests.Constructor_SetsAllFields" computerName="VOTHANHDATPC" duration="00:00:00.0022651" startTime="2026-08-20T23:05:07.5452353+07:00" endTime="2026-08-20T23:05:07.5452353+07:00" testType="13cdc9d9-ddb5-4fa4-a97d-d965ccfc6d4b" outcome="Passed" testListId="8c84fa94-04c1-424b-9868-57a2d4851a1d" relativeResultsDirectory="06a76194-e2f5-45b8-b839-836f535f3da6" />
    <UnitTestResult executionId="73613329-f80a-4a1e-b91a-d9c6cc3307f9" testId="5f427203-1ec0-d680-5cd8-8603242eb199" testName="Clawbot.SharedKernel.Tests.Content.DefaultGoldenHourResolverTests.ResolveNext_GoldenHourAlreadyPassed_RollsToNextDay" computerName="VOTHANHDATPC" duration="00:00:00.0002245" startTime="2026-08-20T23:05:07.5642815+07:00" endTime="2026-08-20T23:05:07.5642817+07:00" testType="13cdc9d9-ddb5-4fa4-a97d-d965ccfc6d4b" outcome="Passed" testListId="8c84fa94-04c1-424b-9868-57a2d4851a1d" relativeResultsDirectory="73613329-f80a-4a1e-b91a-d9c6cc3307f9" />
    <UnitTestResult executionId="13372ec1-ded1-42a5-afcc-6c1f1e2acc3f" testId="c2ad334f-367d-7a1c-2dee-93ed141516d9" testName="Clawbot.SharedKernel.Tests.Security.HmacSignatureVerifierTests.VerifyBase64Sha256_WrongSecret_ReturnsFalse" computerName="VOTHANHDATPC" duration="00:00:00.0000882" startTime="2026-08-20T23:05:07.5511700+07:00" endTime="2026-08-20T23:05:07.5511701+07:00" testType="13cdc9d9-ddb5-4fa4-a97d-d965ccfc6d4b" outcome="Passed" testListId="8c84fa94-04c1-424b-9868-57a2d4851a1d" relativeResultsDirectory="13372ec1-ded1-42a5-afcc-6c1f1e2acc3f" />
    <UnitTestResult executionId="57544dd5-61ac-4677-a8a7-7a8441a79e48" testId="262b367f-235c-9ce7-2341-f8b691474651" testName="Clawbot.SharedKernel.Tests.Content.Visuals.ContentVisualValidationTests.ValidateSha256_Invalid_Throws(value: &quot;short&quot;)" computerName="VOTHANHDATPC" duration="00:00:00.0001912" startTime="2026-08-20T23:05:07.5528621+07:00" endTime="2026-08-20T23:05:07.5528621+07:00" testType="13cdc9d9-ddb5-4fa4-a97d-d965ccfc6d4b" outcome="Passed" testListId="8c84fa94-04c1-424b-9868-57a2d4851a1d" relativeResultsDirectory="57544dd5-61ac-4677-a8a7-7a8441a79e48" />
    <UnitTestResult executionId="bb8cca88-43c5-4d81-902c-650215ae1ba4" testId="e784f866-56a3-b819-8e73-c47631b36355" testName="Clawbot.SharedKernel.Tests.Jobs.JobHandlerDefaultsTests.NotifyOnSuccess_DefaultsToTrue" computerName="VOTHANHDATPC" duration="00:00:00.0001715" startTime="2026-08-20T23:05:07.5517093+07:00" endTime="2026-08-20T23:05:07.5517094+07:00" testType="13cdc9d9-ddb5-4fa4-a97d-d965ccfc6d4b" outcome="Passed" testListId="8c84fa94-04c1-424b-9868-57a2d4851a1d" relativeResultsDirectory="bb8cca88-43c5-4d81-902c-650215ae1ba4" />
    <UnitTestResult executionId="e227f159-ee21-46f3-bbcc-dd769644a6f0" testId="e1f383a7-af28-79fd-237f-b4be3fce8c79" testName="Clawbot.SharedKernel.Tests.Content.Visuals.ContentVisualValidationTests.ValidateIdentifier_Invalid_Throws(value: null)" computerName="VOTHANHDATPC" duration="00:00:00.0002241" startTime="2026-08-20T23:05:07.5474042+07:00" endTime="2026-08-20T23:05:07.5474042+07:00" testType="13cdc9d9-ddb5-4fa4-a97d-d965ccfc6d4b" outcome="Passed" testListId="8c84fa94-04c1-424b-9868-57a2d4851a1d" relativeResultsDirectory="e227f159-ee21-46f3-bbcc-dd769644a6f0" />
    <UnitTestResult executionId="db034d9f-5b98-4759-b4c6-79180a47c1d8" testId="eebbf8e6-f567-8850-85eb-14d5da4f6643" testName="Clawbot.SharedKernel.Tests.Notifications.NotificationRequestTests.NullUserId_MeansTenantBroadcast" computerName="VOTHANHDATPC" duration="00:00:00.0004240" startTime="2026-08-20T23:05:07.5552523+07:00" endTime="2026-08-20T23:05:07.5552523+07:00" testType="13cdc9d9-ddb5-4fa4-a97d-d965ccfc6d4b" outcome="Passed" testListId="8c84fa94-04c1-424b-9868-57a2d4851a1d" relativeResultsDirectory="db034d9f-5b98-4759-b4c6-79180a47c1d8" />
    <UnitTestResult executionId="453eaf90-18b9-4f78-9ca9-640a4f908492" testId="d3b37f32-e843-5522-25a0-37277a601439" testName="Clawbot.SharedKernel.Tests.Content.Visuals.ContentRenderSpecJsonTests.Parse_WithThemeTokens_BindsTokens" computerName="VOTHANHDATPC" duration="00:00:00.0051788" startTime="2026-08-20T23:05:07.6031444+07:00" endTime="2026-08-20T23:05:07.6031448+07:00" testType="13cdc9d9-ddb5-4fa4-a97d-d965ccfc6d4b" outcome="Passed" testListId="8c84fa94-04c1-424b-9868-57a2d4851a1d" relativeResultsDirectory="453eaf90-18b9-4f78-9ca9-640a4f908492" />
    <UnitTestResult executionId="06099629-7116-42e1-bc72-462403a31bd9" testId="bd970652-a3c7-e286-cb93-015a9363e465" testName="Clawbot.SharedKernel.Tests.Security.AgentServiceAuthenticationOptionsTests.GetSigningKeyBytes_NotBase64_Throws" computerName="VOTHANHDATPC" duration="00:00:00.0005037" startTime="2026-08-20T23:05:07.5966545+07:00" endTime="2026-08-20T23:05:07.5966546+07:00" testType="13cdc9d9-ddb5-4fa4-a97d-d965ccfc6d4b" outcome="Passed" testListId="8c84fa94-04c1-424b-9868-57a2d4851a1d" relativeResultsDirectory="06099629-7116-42e1-bc72-462403a31bd9" />
    <UnitTestResult executionId="57d65d5c-7380-4bcd-9685-f7107936c4c8" testId="fab8113b-525d-715f-3e99-2424bd423212" testName="Clawbot.SharedKernel.Tests.Content.DefaultGoldenHourResolverTests.ResolveNext_KnownPlatform_UsesConfiguredHour(platform: &quot;zalo&quot;, hour: 8, minute: 0)" computerName="VOTHANHDATPC" duration="00:00:00.0006336" startTime="2026-08-20T23:05:07.5561979+07:00" endTime="2026-08-20T23:05:07.5561980+07:00" testType="13cdc9d9-ddb5-4fa4-a97d-d965ccfc6d4b" outcome="Passed" testListId="8c84fa94-04c1-424b-9868-57a2d4851a1d" relativeResultsDirectory="57d65d5c-7380-4bcd-9685-f7107936c4c8" />
    <UnitTestResult executionId="0e361939-a345-4e73-8286-51d4324e22fb" testId="5eadf4a2-e2b5-bb0a-5a17-1146036ed1a8" testName="Clawbot.SharedKernel.Tests.Content.ContentPlatformCatalogTests.NormalizeWritable_EmptyList_Throws" computerName="VOTHANHDATPC" duration="00:00:00.0009778" startTime="2026-08-20T23:05:07.5541000+07:00" endTime="2026-08-20T23:05:07.5541000+07:00" testType="13cdc9d9-ddb5-4fa4-a97d-d965ccfc6d4b" outcome="Passed" testListId="8c84fa94-04c1-424b-9868-57a2d4851a1d" relativeResultsDirectory="0e361939-a345-4e73-8286-51d4324e22fb" />
    <UnitTestResult executionId="96822cc4-729a-46ee-8054-01d1f932a3bf" testId="4d838242-5eac-3374-4b41-ee0724e3a7e9" testName="Clawbot.SharedKernel.Tests.Orchestration.ScheduleEventKeysTests.All_HasNoDuplicates" computerName="VOTHANHDATPC" duration="00:00:00.0012868" startTime="2026-08-20T23:05:07.5056799+07:00" endTime="2026-08-20T23:05:07.5056799+07:00" testType="13cdc9d9-ddb5-4fa4-a97d-d965ccfc6d4b" outcome="Passed" testListId="8c84fa94-04c1-424b-9868-57a2d4851a1d" relativeResultsDirectory="96822cc4-729a-46ee-8054-01d1f932a3bf" />
    <UnitTestResult executionId="870e66cb-4e1a-4a5f-a7e1-cffd393efa51" testId="3ebb2ca9-1504-76d2-2ed0-2f183ad9872c" testName="Clawbot.SharedKernel.Tests.Inbox.InboxTypingEventTests.Constructor_DefaultsSourceToAi" computerName="VOTHANHDATPC" duration="00:00:00.0004703" startTime="2026-08-20T23:05:07.5529679+07:00" endTime="2026-08-20T23:05:07.5529679+07:00" testType="13cdc9d9-ddb5-4fa4-a97d-d965ccfc6d4b" outcome="Passed" testListId="8c84fa94-04c1-424b-9868-57a2d4851a1d" relativeResultsDirectory="870e66cb-4e1a-4a5f-a7e1-cffd393efa51" />
    <UnitTestResult executionId="7fbb4186-6de8-4476-adee-5b2f35461a4e" testId="02180c66-5d04-46c5-ecc5-ef3e24aa47ec" testName="Clawbot.SharedKernel.Tests.Multitenancy.TenantContextTests.Equality_SameValues_AreEqual" computerName="VOTHANHDATPC" duration="00:00:00.0009115" startTime="2026-08-20T23:05:07.5452155+07:00" endTime="2026-08-20T23:05:07.5452156+07:00" testType="13cdc9d9-ddb5-4fa4-a97d-d965ccfc6d4b" outcome="Passed" testListId="8c84fa94-04c1-424b-9868-57a2d4851a1d" relativeResultsDirectory="7fbb4186-6de8-4476-adee-5b2f35461a4e" />
    <UnitTestResult executionId="88f99463-9317-4362-99eb-710be7dbd314" testId="0f71d37f-d67c-3a00-df40-fd765f93656b" testName="Clawbot.SharedKernel.Tests.Content.ContentTrendBriefFormatterTests.TryNormalizeWeekOf_Invalid_ReturnsFalse(input: null)" computerName="VOTHANHDATPC" duration="00:00:00.0000035" startTime="2026-08-20T23:05:07.5468966+07:00" endTime="2026-08-20T23:05:07.5468967+07:00" testType="13cdc9d9-ddb5-4fa4-a97d-d965ccfc6d4b" outcome="Passed" testListId="8c84fa94-04c1-424b-9868-57a2d4851a1d" relativeResultsDirectory="88f99463-9317-4362-99eb-710be7dbd314" />
    <UnitTestResult executionId="9e25499f-f6dc-47bd-8ce7-7207c135eeef" testId="d29a3b11-e16a-7b5a-a894-42e15c50495b" testName="Clawbot.SharedKernel.Tests.Content.Visuals.ContentRenderSpecTests.TemplateReference_Create_Invalid_Throws(id: &quot;&quot;, version: 1, sha: &quot;abcdef0123456789abcdef0123456789abcdef0123456789ab&quot;···)" computerName="VOTHANHDATPC" duration="00:00:00.0004629" startTime="2026-08-20T23:05:07.6012369+07:00" endTime="2026-08-20T23:05:07.6012372+07:00" testType="13cdc9d9-ddb5-4fa4-a97d-d965ccfc6d4b" outcome="Passed" testListId="8c84fa94-04c1-424b-9868-57a2d4851a1d" relativeResultsDirectory="9e25499f-f6dc-47bd-8ce7-7207c135eeef" />
    <UnitTestResult executionId="00d41c62-53dc-44d0-915e-093a3a1a9f4c" testId="15435b18-a8dc-b848-2db7-ee8380074e95" testName="Clawbot.SharedKernel.Tests.Content.Visuals.TrustedThemeTokenDefinitionTests.Create_ValidInput_SetsFields" computerName="VOTHANHDATPC" duration="00:00:00.0002802" startTime="2026-08-20T23:05:07.5533362+07:00" endTime="2026-08-20T23:05:07.5533362+07:00" testType="13cdc9d9-ddb5-4fa4-a97d-d965ccfc6d4b" outcome="Passed" testListId="8c84fa94-04c1-424b-9868-57a2d4851a1d" relativeResultsDirectory="00d41c62-53dc-44d0-915e-093a3a1a9f4c" />
    <UnitTestResult executionId="0e8e6a02-96e5-474d-a31e-2e1f088d3502" testId="a2ba62da-c4c7-60b4-d5cd-8afadd6c617a" testName="Clawbot.SharedKernel.Tests.Security.AgentServiceAuthenticationOptionsTests.EnsureGrpcTransportSecurity_HttpsWithCertificate_Passes" computerName="VOTHANHDATPC" duration="00:00:00.0006704" startTime="2026-08-20T23:05:07.5898988+07:00" endTime="2026-08-20T23:05:07.5898989+07:00" testType="13cdc9d9-ddb5-4fa4-a97d-d965ccfc6d4b" outcome="Passed" testListId="8c84fa94-04c1-424b-9868-57a2d4851a1d" relativeResultsDirectory="0e8e6a02-96e5-474d-a31e-2e1f088d3502" />
    <UnitTestResult executionId="cc18e409-595a-463a-bfaf-fdb305228252" testId="76e2a302-b7cf-3229-79fb-bd7609e92bd5" testName="Clawbot.SharedKernel.Tests.Content.DefaultGoldenHourResolverTests.ResolveNext_KnownPlatform_UsesConfiguredHour(platform: &quot;tiktok&quot;, hour: 20, minute: 0)" computerName="VOTHANHDATPC" duration="00:00:00.0000086" startTime="2026-08-20T23:05:07.5562528+07:00" endTime="2026-08-20T23:05:07.5562529+07:00" testType="13cdc9d9-ddb5-4fa4-a97d-d965ccfc6d4b" outcome="Passed" testListId="8c84fa94-04c1-424b-9868-57a2d4851a1d" relativeResultsDirectory="cc18e409-595a-463a-bfaf-fdb305228252" />
    <UnitTestResult executionId="38d24d02-6ff6-4417-bdd4-4c71d72c7938" testId="e8adc21c-b963-d528-cbda-a45fafe0f0a0" testName="Clawbot.SharedKernel.Tests.Content.Visuals.ContentVisualValidationTests.ValidateIdentifier_Valid_ReturnsValue(value: &quot;with_underscore&quot;)" computerName="VOTHANHDATPC" duration="00:00:00.0000050" startTime="2026-08-20T23:05:07.5460342+07:00" endTime="2026-08-20T23:05:07.5460343+07:00" testType="13cdc9d9-ddb5-4fa4-a97d-d965ccfc6d4b" outcome="Passed" testListId="8c84fa94-04c1-424b-9868-57a2d4851a1d" relativeResultsDirectory="38d24d02-6ff6-4417-bdd4-4c71d72c7938" />
    <UnitTestResult executionId="f5548f0f-45f4-4640-93bf-922779b1ea1f" testId="f0b4d24f-5189-8c7e-9305-9a8776513af7" testName="Clawbot.SharedKernel.Tests.Content.ContentTrendBriefFormatterTests.NormalizeWeekOfOrCurrent_Invalid_Throws" computerName="VOTHANHDATPC" duration="00:00:00.0005864" startTime="2026-08-20T23:05:07.5483701+07:00" endTime="2026-08-20T23:05:07.5483702+07:00" testType="13cdc9d9-ddb5-4fa4-a97d-d965ccfc6d4b" outcome="Passed" testListId="8c84fa94-04c1-424b-9868-57a2d4851a1d" relativeResultsDirectory="f5548f0f-45f4-4640-93bf-922779b1ea1f" />
    <UnitTestResult executionId="d791becd-b74f-4ff5-b3e7-5ed7579cf11f" testId="766d5816-2357-818b-e43a-49dc92bef432" testName="Clawbot.SharedKernel.Tests.Content.ContentTrendBriefFormatterTests.TryParse_Invalid_ReturnsFalse(brief: &quot;[trend:2026-W05] topic\nSource: s\nScore: notnum&quot;)" computerName="VOTHANHDATPC" duration="00:00:00.0005726" startTime="2026-08-20T23:05:07.5474384+07:00" endTime="2026-08-20T23:05:07.5474385+07:00" testType="13cdc9d9-ddb5-4fa4-a97d-d965ccfc6d4b" outcome="Passed" testListId="8c84fa94-04c1-424b-9868-57a2d4851a1d" relativeResultsDirectory="d791becd-b74f-4ff5-b3e7-5ed7579cf11f" />
    <UnitTestResult executionId="4b00d7a4-d711-41ef-baad-1c360f432f77" testId="56863c67-54ed-8866-1908-d06094c8198e" testName="Clawbot.SharedKernel.Tests.Content.ContentTrendBriefFormatterTests.Marker_BlankTopic_Throws" computerName="VOTHANHDATPC" duration="00:00:00.0197964" startTime="2026-08-20T23:05:07.5014518+07:00" endTime="2026-08-20T23:05:07.5014722+07:00" testType="13cdc9d9-ddb5-4fa4-a97d-d965ccfc6d4b" outcome="Passed" testListId="8c84fa94-04c1-424b-9868-57a2d4851a1d" relativeResultsDirectory="4b00d7a4-d711-41ef-baad-1c360f432f77" />
    <UnitTestResult executionId="58d2b958-cb05-4ef5-af81-6b9fd90ddd9a" testId="550b89e3-adab-e322-5707-85579cf42d3d" testName="Clawbot.SharedKernel.Tests.Notifications.NotificationRequestTests.Defaults_SeverityIsInfoAndOptionalsAreNull" computerName="VOTHANHDATPC" duration="00:00:00.0015416" startTime="2026-08-20T23:05:07.5553566+07:00" endTime="2026-08-20T23:05:07.5553566+07:00" testType="13cdc9d9-ddb5-4fa4-a97d-d965ccfc6d4b" outcome="Passed" testListId="8c84fa94-04c1-424b-9868-57a2d4851a1d" relativeResultsDirectory="58d2b958-cb05-4ef5-af81-6b9fd90ddd9a" />
    <UnitTestResult executionId="5dd5af41-d5c4-4d0d-a4c7-fbd100ba2f33" testId="d9c5c857-608f-13b8-070d-73fab9693e5e" testName="Clawbot.SharedKernel.Tests.Security.AgentServiceAuthenticationOptionsTests.EnsureGrpcTransportSecurity_MissingCertificate_Throws" computerName="VOTHANHDATPC" duration="00:00:00.0006045" startTime="2026-08-20T23:05:07.5834481+07:00" endTime="2026-08-20T23:05:07.5834486+07:00" testType="13cdc9d9-ddb5-4fa4-a97d-d965ccfc6d4b" outcome="Passed" testListId="8c84fa94-04c1-424b-9868-57a2d4851a1d" relativeResultsDirectory="5dd5af41-d5c4-4d0d-a4c7-fbd100ba2f33" />
    <UnitTestResult executionId="6b4f637d-896c-4816-8d30-952210575a62" testId="0598f823-e9aa-e47c-5cb1-00be1c21c918" testName="Clawbot.SharedKernel.Tests.Content.Visuals.ContentRenderSpecJsonTests.Parse_MalformedJson_ThrowsInvalidJson(json: &quot;{ /* comment */ }&quot;)" computerName="VOTHANHDATPC" duration="00:00:00.0002663" startTime="2026-08-20T23:05:07.6089942+07:00" endTime="2026-08-20T23:05:07.6089943+07:00" testType="13cdc9d9-ddb5-4fa4-a97d-d965ccfc6d4b" outcome="Passed" testListId="8c84fa94-04c1-424b-9868-57a2d4851a1d" relativeResultsDirectory="6b4f637d-896c-4816-8d30-952210575a62" />
    <UnitTestResult executionId="05b3bc0d-0916-4674-aeee-00e3bf3dcf1c" testId="bccda16b-575c-33d3-85cf-5bcf47556bcd" testName="Clawbot.SharedKernel.Tests.Content.ContentPlatformCatalogTests.TryNormalizeWritable_ReturnsExpected(input: &quot;tiktok&quot;, expected: False, expectedNormalized: null)" computerName="VOTHANHDATPC" duration="00:00:00.0000045" startTime="2026-08-20T23:05:07.5546151+07:00" endTime="2026-08-20T23:05:07.5546152+07:00" testType="13cdc9d9-ddb5-4fa4-a97d-d965ccfc6d4b" outcome="Passed" testListId="8c84fa94-04c1-424b-9868-57a2d4851a1d" relativeResultsDirectory="05b3bc0d-0916-4674-aeee-00e3bf3dcf1c" />
    <UnitTestResult executionId="69e5645e-cd47-4be8-9ba5-e1ed7c4fdcf9" testId="bc43bbd4-837b-86f7-8576-11b877546e03" testName="Clawbot.SharedKernel.Tests.Content.Visuals.ContentRenderSpecJsonTests.Parse_BlankJson_ThrowsInvalidJson(json: null)" computerName="VOTHANHDATPC" duration="00:00:00.0005702" startTime="2026-08-20T23:05:07.6046435+07:00" endTime="2026-08-20T23:05:07.6046436+07:00" testType="13cdc9d9-ddb5-4fa4-a97d-d965ccfc6d4b" outcome="Passed" testListId="8c84fa94-04c1-424b-9868-57a2d4851a1d" relativeResultsDirectory="69e5645e-cd47-4be8-9ba5-e1ed7c4fdcf9" />
    <UnitTestResult executionId="007a4298-d52b-49c5-98d8-7a7cf6716ed7" testId="20fd1959-d221-0ffe-13c0-9046b6a2bc32" testName="Clawbot.SharedKernel.Tests.Channels.ChannelMessageTests.Defaults_TreatMessageAsPlainDirectMessage" computerName="VOTHANHDATPC" duration="00:00:00.0002004" startTime="2026-08-20T23:05:07.5482501+07:00" endTime="2026-08-20T23:05:07.5482501+07:00" testType="13cdc9d9-ddb5-4fa4-a97d-d965ccfc6d4b" outcome="Passed" testListId="8c84fa94-04c1-424b-9868-57a2d4851a1d" relativeResultsDirectory="007a4298-d52b-49c5-98d8-7a7cf6716ed7" />
    <UnitTestResult executionId="5f199c3b-7bb9-410b-be8e-f8a70fb47280" testId="c3bc47db-96db-a54a-bbf7-340dd9db92dc" testName="Clawbot.SharedKernel.Tests.Inbox.InboxTypingEventTests.WithExpression_TogglesTypingWithoutMutating" computerName="VOTHANHDATPC" duration="00:00:00.0003323" startTime="2026-08-20T23:05:07.5534086+07:00" endTime="2026-08-20T23:05:07.5534086+07:00" testType="13cdc9d9-ddb5-4fa4-a97d-d965ccfc6d4b" outcome="Passed" testListId="8c84fa94-04c1-424b-9868-57a2d4851a1d" relativeResultsDirectory="5f199c3b-7bb9-410b-be8e-f8a70fb47280" />
    <UnitTestResult executionId="9ee642fe-54e2-4960-b7e5-66902f2a65a1" testId="167e8711-8173-d077-ab9f-74505b30d95d" testName="Clawbot.SharedKernel.Tests.Content.Visuals.ContentVisualValidationTests.ValidateIdentifier_Invalid_Throws(value: &quot;-starts-with-dash&quot;)" computerName="VOTHANHDATPC" duration="00:00:00.0056129" startTime="2026-08-20T23:05:07.5473370+07:00" endTime="2026-08-20T23:05:07.5473371+07:00" testType="13cdc9d9-ddb5-4fa4-a97d-d965ccfc6d4b" outcome="Passed" testListId="8c84fa94-04c1-424b-9868-57a2d4851a1d" relativeResultsDirectory="9ee642fe-54e2-4960-b7e5-66902f2a65a1" />
    <UnitTestResult executionId="a8bc7f2a-f0e2-4d8f-87d7-03e910572efc" testId="7e151501-39b7-8bd1-4183-7d9bff5997de" testName="Clawbot.SharedKernel.Tests.Content.ContentTrendBriefFormatterTests.TryNormalizeWeekOf_Invalid_ReturnsFalse(input: &quot;2026W05&quot;)" computerName="VOTHANHDATPC" duration="00:00:00.0000043" startTime="2026-08-20T23:05:07.5468469+07:00" endTime="2026-08-20T23:05:07.5468469+07:00" testType="13cdc9d9-ddb5-4fa4-a97d-d965ccfc6d4b" outcome="Passed" testListId="8c84fa94-04c1-424b-9868-57a2d4851a1d" relativeResultsDirectory="a8bc7f2a-f0e2-4d8f-87d7-03e910572efc" />
    <UnitTestResult executionId="3473088b-4f53-462e-84a4-7748817ad7db" testId="0c70b13c-560c-dd6a-ae99-87a10a217008" testName="Clawbot.SharedKernel.Tests.Content.ContentTrendBriefFormatterTests.TryParse_Invalid_ReturnsFalse(brief: &quot;no marker here&quot;)" computerName="VOTHANHDATPC" duration="00:00:00.0000075" startTime="2026-08-20T23:05:07.5477968+07:00" endTime="2026-08-20T23:05:07.5477968+07:00" testType="13cdc9d9-ddb5-4fa4-a97d-d965ccfc6d4b" outcome="Passed" testListId="8c84fa94-04c1-424b-9868-57a2d4851a1d" relativeResultsDirectory="3473088b-4f53-462e-84a4-7748817ad7db" />
    <UnitTestResult executionId="3890af70-757a-412e-a080-de95c427b3ab" testId="40a26bba-9591-77a6-494a-ee695274aefb" testName="Clawbot.SharedKernel.Tests.Audit.StaticAuditContextTests.Constructor_SetsAllFields" computerName="VOTHANHDATPC" duration="00:00:00.0003384" startTime="2026-08-20T23:05:07.5877677+07:00" endTime="2026-08-20T23:05:07.5877679+07:00" testType="13cdc9d9-ddb5-4fa4-a97d-d965ccfc6d4b" outcome="Passed" testListId="8c84fa94-04c1-424b-9868-57a2d4851a1d" relativeResultsDirectory="3890af70-757a-412e-a080-de95c427b3ab" />
    <UnitTestResult executionId="f781729c-0714-469b-a071-d1ba58fbcf6e" testId="3696595c-8e26-4a99-302c-1b71cc41cb82" testName="Clawbot.SharedKernel.Tests.Content.Visuals.ContentVisualPresetTests.ToString_ReturnsToken" computerName="VOTHANHDATPC" duration="00:00:00.0002142" startTime="2026-08-20T23:05:07.5648310+07:00" endTime="2026-08-20T23:05:07.5648315+07:00" testType="13cdc9d9-ddb5-4fa4-a97d-d965ccfc6d4b" outcome="Passed" testListId="8c84fa94-04c1-424b-9868-57a2d4851a1d" relativeResultsDirectory="f781729c-0714-469b-a071-d1ba58fbcf6e" />
    <UnitTestResult executionId="2141ed1e-410e-42d9-8d22-d93012013494" testId="b084af84-1930-75ec-92b5-901a361120db" testName="Clawbot.SharedKernel.Tests.Notifications.NotificationRequestTests.Equality_SameValues_AreEqual" computerName="VOTHANHDATPC" duration="00:00:00.0008189" startTime="2026-08-20T23:05:07.5552925+07:00" endTime="2026-08-20T23:05:07.5552926+07:00" testType="13cdc9d9-ddb5-4fa4-a97d-d965ccfc6d4b" outcome="Passed" testListId="8c84fa94-04c1-424b-9868-57a2d4851a1d" relativeResultsDirectory="2141ed1e-410e-42d9-8d22-d93012013494" />
    <UnitTestResult executionId="c40dab99-d51f-44af-b939-2376a7740a9a" testId="9cebe663-6502-f461-7872-9670f1ebe077" testName="Clawbot.SharedKernel.Tests.Demo.DemoRuntimeConfigTests.EffectiveAutoReplyText_CustomValue" computerName="VOTHANHDATPC" duration="00:00:00.0001764" startTime="2026-08-20T23:05:07.5494922+07:00" endTime="2026-08-20T23:05:07.5494923+07:00" testType="13cdc9d9-ddb5-4fa4-a97d-d965ccfc6d4b" outcome="Passed" testListId="8c84fa94-04c1-424b-9868-57a2d4851a1d" relativeResultsDirectory="c40dab99-d51f-44af-b939-2376a7740a9a" />
    <UnitTestResult executionId="7899cd7b-a8cc-49fb-940c-cb0440cf69c9" testId="d424f137-7ee0-fd01-c15e-fb5b3e8acf9b" testName="Clawbot.SharedKernel.Tests.Content.Visuals.ContentVisualSlotTests.Create_EmptyLines_Throws" computerName="VOTHANHDATPC" duration="00:00:00.0005750" startTime="2026-08-20T23:05:07.5501115+07:00" endTime="2026-08-20T23:05:07.5501115+07:00" testType="13cdc9d9-ddb5-4fa4-a97d-d965ccfc6d4b" outcome="Passed" testListId="8c84fa94-04c1-424b-9868-57a2d4851a1d" relativeResultsDirectory="7899cd7b-a8cc-49fb-940c-cb0440cf69c9" />
    <UnitTestResult executionId="9857e47f-56f9-43dd-b055-3e69bfc1911d" testId="f2c9a1aa-92cb-48f1-33f5-763d148cae46" testName="Clawbot.SharedKernel.Tests.Security.HmacSignatureVerifierTests.VerifyBase64Sha256_MalformedBase64_ReturnsFalse" computerName="VOTHANHDATPC" duration="00:00:00.0001597" startTime="2026-08-20T23:05:07.5511028+07:00" endTime="2026-08-20T23:05:07.5511028+07:00" testType="13cdc9d9-ddb5-4fa4-a97d-d965ccfc6d4b" outcome="Passed" testListId="8c84fa94-04c1-424b-9868-57a2d4851a1d" relativeResultsDirectory="9857e47f-56f9-43dd-b055-3e69bfc1911d" />
    <UnitTestResult executionId="e4b076d3-216b-4b1a-96a4-dfea36934f4b" testId="55022882-553d-d524-4a8b-6ecbe81eb1aa" testName="Clawbot.SharedKernel.Tests.Demo.DemoTraceTests.AddStep_PreservesCallerSuppliedTimestamp" computerName="VOTHANHDATPC" duration="00:00:00.0007627" startTime="2026-08-20T23:05:07.5518696+07:00" endTime="2026-08-20T23:05:07.5518697+07:00" testType="13cdc9d9-ddb5-4fa4-a97d-d965ccfc6d4b" outcome="Passed" testListId="8c84fa94-04c1-424b-9868-57a2d4851a1d" relativeResultsDirectory="e4b076d3-216b-4b1a-96a4-dfea36934f4b" />
    <UnitTestResult executionId="236e11c8-1336-4416-9621-e6b387d1f6d4" testId="8ccb1343-d537-5de7-44da-55f91576c088" testName="Clawbot.SharedKernel.Tests.Content.Visuals.TrustedThemeTokenCatalogTests.IsAllowed_ReturnsExpected(token: &quot;dark&quot;, expected: True)" computerName="VOTHANHDATPC" duration="00:00:00.0001200" startTime="2026-08-20T23:05:07.5699318+07:00" endTime="2026-08-20T23:05:07.5699319+07:00" testType="13cdc9d9-ddb5-4fa4-a97d-d965ccfc6d4b" outcome="Passed" testListId="8c84fa94-04c1-424b-9868-57a2d4851a1d" relativeResultsDirectory="236e11c8-1336-4416-9621-e6b387d1f6d4" />
    <UnitTestResult executionId="3f783d5d-02db-46d5-a4f4-414c3bdacde4" testId="abfe790a-eda4-61c9-ebf0-ee4d1ac787ac" testName="Clawbot.SharedKernel.Tests.Content.Visuals.ContentRenderSpecTests.Slot_Create_BlankLine_Throws" computerName="VOTHANHDATPC" duration="00:00:00.0005722" startTime="2026-08-20T23:05:07.6007214+07:00" endTime="2026-08-20T23:05:07.6007217+07:00" testType="13cdc9d9-ddb5-4fa4-a97d-d965ccfc6d4b" outcome="Passed" testListId="8c84fa94-04c1-424b-9868-57a2d4851a1d" relativeResultsDirectory="3f783d5d-02db-46d5-a4f4-414c3bdacde4" />
    <UnitTestResult executionId="43e88857-34a4-4c08-aa2f-0de352060f74" testId="71d6fd4b-5f6f-8dad-c2f5-cb1b468c1633" testName="Clawbot.SharedKernel.Tests.Content.ContentTrendBriefFormatterTests.TryNormalizeWeekOf_Invalid_ReturnsFalse(input: &quot;abcd-W05&quot;)" computerName="VOTHANHDATPC" duration="00:00:00.0000056" startTime="2026-08-20T23:05:07.5467976+07:00" endTime="2026-08-20T23:05:07.5467976+07:00" testType="13cdc9d9-ddb5-4fa4-a97d-d965ccfc6d4b" outcome="Passed" testListId="8c84fa94-04c1-424b-9868-57a2d4851a1d" relativeResultsDirectory="43e88857-34a4-4c08-aa2f-0de352060f74" />
    <UnitTestResult executionId="4e2517f5-e46d-4a34-887e-3e126484d3ff" testId="d0e9c067-1dde-e418-2366-8666693c5e8d" testName="Clawbot.SharedKernel.Tests.Content.ContentTrendBriefFormatterTests.NormalizeWeekOfOrCurrent_Blank_ReturnsCurrent" computerName="VOTHANHDATPC" duration="00:00:00.0001072" startTime="2026-08-20T23:05:07.5489679+07:00" endTime="2026-08-20T23:05:07.5489679+07:00" testType="13cdc9d9-ddb5-4fa4-a97d-d965ccfc6d4b" outcome="Passed" testListId="8c84fa94-04c1-424b-9868-57a2d4851a1d" relativeResultsDirectory="4e2517f5-e46d-4a34-887e-3e126484d3ff" />
    <UnitTestResult executionId="90e619df-45bd-48e0-97c9-daef53d97bf1" testId="943f6d28-247a-0517-9a6a-013fc79e8ca1" testName="Clawbot.SharedKernel.Tests.Content.Visuals.TrustedThemeTokenCatalogTests.IsAllowed_ReturnsExpected(token: &quot;light&quot;, expected: True)" computerName="VOTHANHDATPC" duration="00:00:00.0000029" startTime="2026-08-20T23:05:07.5700717+07:00" endTime="2026-08-20T23:05:07.5700717+07:00" testType="13cdc9d9-ddb5-4fa4-a97d-d965ccfc6d4b" outcome="Passed" testListId="8c84fa94-04c1-424b-9868-57a2d4851a1d" relativeResultsDirectory="90e619df-45bd-48e0-97c9-daef53d97bf1" />
    <UnitTestResult executionId="ba9a0728-167d-4e4a-a87a-b4063f492deb" testId="714fab4a-934f-1ee7-9c7f-a79f732adbe8" testName="Clawbot.SharedKernel.Tests.Content.Visuals.ContentVisualValidationTests.ValidateSha256_Invalid_Throws(value: &quot;AAAAAAAAAAAAAAAAAAAAAAAAAAAAAAAAAAAAAAAAAAAAAAAAAA&quot;···)" computerName="VOTHANHDATPC" duration="00:00:00.0003606" startTime="2026-08-20T23:05:07.5528352+07:00" endTime="2026-08-20T23:05:07.5528352+07:00" testType="13cdc9d9-ddb5-4fa4-a97d-d965ccfc6d4b" outcome="Passed" testListId="8c84fa94-04c1-424b-9868-57a2d4851a1d" relativeResultsDirectory="ba9a0728-167d-4e4a-a87a-b4063f492deb" />
    <UnitTestResult executionId="6508412a-7503-4551-b928-48899b4c2df4" testId="2d9cb025-ac09-0e57-c8c9-8771452c23c9" testName="Clawbot.SharedKernel.Tests.Content.Visuals.ContentVisualValidationTests.ValidateIdentifier_Valid_ReturnsValue(value: &quot;with.dot&quot;)" computerName="VOTHANHDATPC" duration="00:00:00.0000127" startTime="2026-08-20T23:05:07.5459711+07:00" endTime="2026-08-20T23:05:07.5459712+07:00" testType="13cdc9d9-ddb5-4fa4-a97d-d965ccfc6d4b" outcome="Passed" testListId="8c84fa94-04c1-424b-9868-57a2d4851a1d" relativeResultsDirectory="6508412a-7503-4551-b928-48899b4c2df4" />
    <UnitTestResult executionId="83d2f85e-0139-47f3-a548-2ce568ab287d" testId="d5943504-6aa4-8ee5-2301-52bbbfae0b58" testName="Clawbot.SharedKernel.Tests.Content.ContentNotifierEventTests.ContentPublishFailedEvent_SetsAllFields" computerName="VOTHANHDATPC" duration="00:00:00.0006392" startTime="2026-08-20T23:05:07.5555093+07:00" endTime="2026-08-20T23:05:07.5555093+07:00" testType="13cdc9d9-ddb5-4fa4-a97d-d965ccfc6d4b" outcome="Passed" testListId="8c84fa94-04c1-424b-9868-57a2d4851a1d" relativeResultsDirectory="83d2f85e-0139-47f3-a548-2ce568ab287d" />
    <UnitTestResult executionId="b3dd722b-44fc-4c95-908b-92e4a4e7425e" testId="62be8bc9-87c3-5926-6dad-9dab3e9b2975" testName="Clawbot.SharedKernel.Tests.Content.Visuals.ContentRenderSpecJsonTests.Parse_OversizedJson_ThrowsSizeExceeded" computerName="VOTHANHDATPC" duration="00:00:00.0008339" startTime="2026-08-20T23:05:07.6040257+07:00" endTime="2026-08-20T23:05:07.6040258+07:00" testType="13cdc9d9-ddb5-4fa4-a97d-d965ccfc6d4b" outcome="Passed" testListId="8c84fa94-04c1-424b-9868-57a2d4851a1d" relativeResultsDirectory="b3dd722b-44fc-4c95-908b-92e4a4e7425e" />
    <UnitTestResult executionId="2b1ead43-20d2-4989-8464-221b732c6437" testId="4f83a8ac-65f1-2a00-702f-d8cfb844c4cf" testName="Clawbot.SharedKernel.Tests.Security.AgentServiceAuthenticationOptionsTests.GetSigningKeyBytes_MissingKey_Throws(key: &quot;   &quot;)" computerName="VOTHANHDATPC" duration="00:00:00.0004792" startTime="2026-08-20T23:05:07.5794826+07:00" endTime="2026-08-20T23:05:07.5794829+07:00" testType="13cdc9d9-ddb5-4fa4-a97d-d965ccfc6d4b" outcome="Passed" testListId="8c84fa94-04c1-424b-9868-57a2d4851a1d" relativeResultsDirectory="2b1ead43-20d2-4989-8464-221b732c6437" />
    <UnitTestResult executionId="1ed7722c-55fd-41e9-a669-e72db8ccfe1a" testId="8bd77d1a-f602-33c5-f65e-508dedac4a24" testName="Clawbot.SharedKernel.Tests.Security.HmacSignatureVerifierTests.VerifyBase64Sha256_MissingInput_ReturnsFalse(body: &quot;&quot;, signature: &quot;sig&quot;, secret: &quot;super-secret-key&quot;)" computerName="VOTHANHDATPC" duration="00:00:00.0003196" startTime="2026-08-20T23:05:07.5506213+07:00" endTime="2026-08-20T23:05:07.5506214+07:00" testType="13cdc9d9-ddb5-4fa4-a97d-d965ccfc6d4b" outcome="Passed" testListId="8c84fa94-04c1-424b-9868-57a2d4851a1d" relativeResultsDirectory="1ed7722c-55fd-41e9-a669-e72db8ccfe1a" />
    <UnitTestResult executionId="52af994b-c00f-49d2-b2be-24a422fea10a" testId="66039c94-3e98-11d5-d293-97b0b155eb6a" testName="Clawbot.SharedKernel.Tests.Inbox.InboxMessageEventTests.ConversationStatus_CarriesPostWriteState" computerName="VOTHANHDATPC" duration="00:00:00.0001983" startTime="2026-08-20T23:05:07.5453385+07:00" endTime="2026-08-20T23:05:07.5453385+07:00" testType="13cdc9d9-ddb5-4fa4-a97d-d965ccfc6d4b" outcome="Passed" testListId="8c84fa94-04c1-424b-9868-57a2d4851a1d" relativeResultsDirectory="52af994b-c00f-49d2-b2be-24a422fea10a" />
    <UnitTestResult executionId="7398ffc2-f49e-486c-b7ba-9ff7e8f10d9a" testId="f8f80bdd-aecd-10cb-5704-f93c2ddffa6c" testName="Clawbot.SharedKernel.Tests.Content.ContentTrendBriefFormatterTests.TryParse_Invalid_ReturnsFalse(brief: null)" computerName="VOTHANHDATPC" duration="00:00:00.0000039" startTime="2026-08-20T23:05:07.5477729+07:00" endTime="2026-08-20T23:05:07.5477729+07:00" testType="13cdc9d9-ddb5-4fa4-a97d-d965ccfc6d4b" outcome="Passed" testListId="8c84fa94-04c1-424b-9868-57a2d4851a1d" relativeResultsDirectory="7398ffc2-f49e-486c-b7ba-9ff7e8f10d9a" />
    <UnitTestResult executionId="cf9276f8-9a96-4e6b-a9e2-5e46bd562c9a" testId="8d73441b-6a01-7a6a-a718-a2f7da21b066" testName="Clawbot.SharedKernel.Tests.Jobs.JobContractRecordTests.JobContext_SetsAllFields" computerName="VOTHANHDATPC" duration="00:00:00.0007414" startTime="2026-08-20T23:05:07.5507019+07:00" endTime="2026-08-20T23:05:07.5507019+07:00" testType="13cdc9d9-ddb5-4fa4-a97d-d965ccfc6d4b" outcome="Passed" testListId="8c84fa94-04c1-424b-9868-57a2d4851a1d" relativeResultsDirectory="cf9276f8-9a96-4e6b-a9e2-5e46bd562c9a" />
    <UnitTestResult executionId="2759c864-fc14-4d0c-afd5-64f6f87e9087" testId="7e18037c-3b66-e260-ff7e-6a5c5ee3ac7c" testName="Clawbot.SharedKernel.Tests.Content.Visuals.ContentRenderSpecJsonTests.Parse_DuplicateSlotName_Throws" computerName="VOTHANHDATPC" duration="00:00:00.0005344" startTime="2026-08-20T23:05:07.6080492+07:00" endTime="2026-08-20T23:05:07.6080493+07:00" testType="13cdc9d9-ddb5-4fa4-a97d-d965ccfc6d4b" outcome="Passed" testListId="8c84fa94-04c1-424b-9868-57a2d4851a1d" relativeResultsDirectory="2759c864-fc14-4d0c-afd5-64f6f87e9087" />
    <UnitTestResult executionId="ddab8cce-9b58-464e-8547-d3d5790c2d9c" testId="30a2266f-4317-9ad4-6517-a4a54c3efd0b" testName="Clawbot.SharedKernel.Tests.Content.ContentPlatformCatalogTests.TryNormalizeWritable_ReturnsExpected(input: &quot;&quot;, expected: False, expectedNormalized: null)" computerName="VOTHANHDATPC" duration="00:00:00.0000045" startTime="2026-08-20T23:05:07.5546521+07:00" endTime="2026-08-20T23:05:07.5546521+07:00" testType="13cdc9d9-ddb5-4fa4-a97d-d965ccfc6d4b" outcome="Passed" testListId="8c84fa94-04c1-424b-9868-57a2d4851a1d" relativeResultsDirectory="ddab8cce-9b58-464e-8547-d3d5790c2d9c" />
    <UnitTestResult executionId="852fa930-cecd-4828-aef3-162e9980da5c" testId="77f589fe-2aef-7a5d-5dc1-2ca170ab0e08" testName="Clawbot.SharedKernel.Tests.Content.Visuals.TrustedTemplateCatalogTests.TryGetExact_WrongHash_ReturnsFalse" computerName="VOTHANHDATPC" duration="00:00:00.0002590" startTime="2026-08-20T23:05:07.5554735+07:00" endTime="2026-08-20T23:05:07.5554735+07:00" testType="13cdc9d9-ddb5-4fa4-a97d-d965ccfc6d4b" outcome="Passed" testListId="8c84fa94-04c1-424b-9868-57a2d4851a1d" relativeResultsDirectory="852fa930-cecd-4828-aef3-162e9980da5c" />
    <UnitTestResult executionId="2443c5ad-dd92-4119-adcc-18ce01c1a89c" testId="be1e9584-405c-35ca-660e-888e94b47829" testName="Clawbot.SharedKernel.Tests.Channels.ChannelMessageTests.WithExpression_LeavesOriginalUnchanged" computerName="VOTHANHDATPC" duration="00:00:00.0007349" startTime="2026-08-20T23:05:07.5478276+07:00" endTime="2026-08-20T23:05:07.5478276+07:00" testType="13cdc9d9-ddb5-4fa4-a97d-d965ccfc6d4b" outcome="Passed" testListId="8c84fa94-04c1-424b-9868-57a2d4851a1d" relativeResultsDirectory="2443c5ad-dd92-4119-adcc-18ce01c1a89c" />
    <UnitTestResult executionId="97529e97-7d87-4c64-9077-54757df0149b" testId="df25079d-32c2-2dea-ce92-a0201472436f" testName="Clawbot.SharedKernel.Tests.Content.Visuals.ContentVisualContractExceptionTests.Constructor_SetsCodeAndPath" computerName="VOTHANHDATPC" duration="00:00:00.0002501" startTime="2026-08-20T23:05:07.5500358+07:00" endTime="2026-08-20T23:05:07.5500358+07:00" testType="13cdc9d9-ddb5-4fa4-a97d-d965ccfc6d4b" outcome="Passed" testListId="8c84fa94-04c1-424b-9868-57a2d4851a1d" relativeResultsDirectory="97529e97-7d87-4c64-9077-54757df0149b" />
    <UnitTestResult executionId="5a97adf6-5e69-4123-90d4-5cd8a9165748" testId="cf9b9282-ade7-4a74-2b30-11a7ff1c4e25" testName="Clawbot.SharedKernel.Tests.Content.Visuals.ContentRenderSpecJsonTests.ParseSlots_UnknownMember_Throws" computerName="VOTHANHDATPC" duration="00:00:00.0005150" startTime="2026-08-20T23:05:07.6102408+07:00" endTime="2026-08-20T23:05:07.6102409+07:00" testType="13cdc9d9-ddb5-4fa4-a97d-d965ccfc6d4b" outcome="Passed" testListId="8c84fa94-04c1-424b-9868-57a2d4851a1d" relativeResultsDirectory="5a97adf6-5e69-4123-90d4-5cd8a9165748" />
    <UnitTestResult executionId="2a0c1396-77f2-485b-b6a9-634423f50e7d" testId="82ed90fb-c8bd-9a47-ab1d-6d3f7d3ef276" testName="Clawbot.SharedKernel.Tests.Content.DefaultGoldenHourResolverTests.ResolveNext_KnownPlatform_UsesConfiguredHour(platform: &quot;youtube&quot;, hour: 18, minute: 0)" computerName="VOTHANHDATPC" duration="00:00:00.0000227" startTime="2026-08-20T23:05:07.5635703+07:00" endTime="2026-08-20T23:05:07.5635703+07:00" testType="13cdc9d9-ddb5-4fa4-a97d-d965ccfc6d4b" outcome="Passed" testListId="8c84fa94-04c1-424b-9868-57a2d4851a1d" relativeResultsDirectory="2a0c1396-77f2-485b-b6a9-634423f50e7d" />
    <UnitTestResult executionId="e473501f-da7f-4ff4-adf5-b5bb650e83dd" testId="7c67c695-4a1a-3a32-5ba1-875242e59069" testName="Clawbot.SharedKernel.Tests.Content.Visuals.ContentRenderSpecJsonTests.Parse_UnknownRootMember_Throws" computerName="VOTHANHDATPC" duration="00:00:00.0583691" startTime="2026-08-20T23:05:07.5970811+07:00" endTime="2026-08-20T23:05:07.5970813+07:00" testType="13cdc9d9-ddb5-4fa4-a97d-d965ccfc6d4b" outcome="Passed" testListId="8c84fa94-04c1-424b-9868-57a2d4851a1d" relativeResultsDirectory="e473501f-da7f-4ff4-adf5-b5bb650e83dd" />
    <UnitTestResult executionId="0223f753-1762-4b59-9a4c-62a787c2f5e7" testId="480045d7-7b81-ed47-3d9d-aa2ab82436e4" testName="Clawbot.SharedKernel.Tests.Content.Visuals.TrustedThemeTokenCatalogTests.IsAllowed_ReturnsExpected(token: &quot;custom&quot;, expected: False)" computerName="VOTHANHDATPC" duration="00:00:00.0000064" startTime="2026-08-20T23:05:07.5700172+07:00" endTime="2026-08-20T23:05:07.5700173+07:00" testType="13cdc9d9-ddb5-4fa4-a97d-d965ccfc6d4b" outcome="Passed" testListId="8c84fa94-04c1-424b-9868-57a2d4851a1d" relativeResultsDirectory="0223f753-1762-4b59-9a4c-62a787c2f5e7" />
    <UnitTestResult executionId="204b04f4-932f-493b-a0e8-c951931073eb" testId="bfa386b4-3342-9bdb-db70-4029d71bf8b8" testName="Clawbot.SharedKernel.Tests.Content.Visuals.TrustedTemplateDefinitionTests.TryGetSlot_ExistingName_ReturnsTrue" computerName="VOTHANHDATPC" duration="00:00:00.0006540" startTime="2026-08-20T23:05:07.5522792+07:00" endTime="2026-08-20T23:05:07.5522793+07:00" testType="13cdc9d9-ddb5-4fa4-a97d-d965ccfc6d4b" outcome="Passed" testListId="8c84fa94-04c1-424b-9868-57a2d4851a1d" relativeResultsDirectory="204b04f4-932f-493b-a0e8-c951931073eb" />
    <UnitTestResult executionId="f8716a4c-cf71-4dbf-b6df-408ecfa3a1de" testId="8c29cde2-419d-fb9c-c555-116b8ceacfcb" testName="Clawbot.SharedKernel.Tests.Content.ContentPlatformCatalogTests.TryNormalizeWritable_ReturnsExpected(input: null, expected: False, expectedNormalized: null)" computerName="VOTHANHDATPC" duration="00:00:00.0003647" startTime="2026-08-20T23:05:07.5541646+07:00" endTime="2026-08-20T23:05:07.5541647+07:00" testType="13cdc9d9-ddb5-4fa4-a97d-d965ccfc6d4b" outcome="Passed" testListId="8c84fa94-04c1-424b-9868-57a2d4851a1d" relativeResultsDirectory="f8716a4c-cf71-4dbf-b6df-408ecfa3a1de" />
    <UnitTestResult executionId="f288fe86-093d-4f08-99d5-92fe23a6ee94" testId="fd5e38fc-2c45-0825-0b9c-122d0db09100" testName="Clawbot.SharedKernel.Tests.Content.Visuals.ContentRenderSpecTests.Canonicalizer_ComputeSlotsSha256_StableForSameSlots" computerName="VOTHANHDATPC" duration="00:00:00.0001651" startTime="2026-08-20T23:05:07.6114076+07:00" endTime="2026-08-20T23:05:07.6114078+07:00" testType="13cdc9d9-ddb5-4fa4-a97d-d965ccfc6d4b" outcome="Passed" testListId="8c84fa94-04c1-424b-9868-57a2d4851a1d" relativeResultsDirectory="f288fe86-093d-4f08-99d5-92fe23a6ee94" />
    <UnitTestResult executionId="eedfef75-e6bd-432a-b473-e70030af0d4e" testId="143a1f07-64a4-6f44-28b8-00d06b111b5d" testName="Clawbot.SharedKernel.Tests.Content.Visuals.ContentVisualValidationTests.CopyBounded_ExceedsLimit_Throws" computerName="VOTHANHDATPC" duration="00:00:00.0010705" startTime="2026-08-20T23:05:07.5478906+07:00" endTime="2026-08-20T23:05:07.5478907+07:00" testType="13cdc9d9-ddb5-4fa4-a97d-d965ccfc6d4b" outcome="Passed" testListId="8c84fa94-04c1-424b-9868-57a2d4851a1d" relativeResultsDirectory="eedfef75-e6bd-432a-b473-e70030af0d4e" />
    <UnitTestResult executionId="4f65d78d-a182-44ec-919f-216fd07f38ba" testId="6d9b9a29-8554-7c5a-e4fc-6b175e714228" testName="Clawbot.SharedKernel.Tests.Security.AgentServiceAuthenticationOptionsTests.EnsureGrpcTransportSecurity_NonHttpsEndpoint_Throws(endpoint: &quot;http://agents.internal:5001&quot;)" computerName="VOTHANHDATPC" duration="00:00:00.0007097" startTime="2026-08-20T23:05:07.5819832+07:00" endTime="2026-08-20T23:05:07.5819841+07:00" testType="13cdc9d9-ddb5-4fa4-a97d-d965ccfc6d4b" outcome="Passed" testListId="8c84fa94-04c1-424b-9868-57a2d4851a1d" relativeResultsDirectory="4f65d78d-a182-44ec-919f-216fd07f38ba" />
    <UnitTestResult executionId="9f90ae33-b3a3-48a4-8148-da7f237171c1" testId="01177fbf-858e-d1a4-549e-8c77fd4a00ac" testName="Clawbot.SharedKernel.Tests.Orchestration.ScheduleEventKeysTests.Keys_UseNamespacedDotFormat" computerName="VOTHANHDATPC" duration="00:00:00.0001480" startTime="2026-08-20T23:05:07.5056218+07:00" endTime="2026-08-20T23:05:07.5056218+07:00" testType="13cdc9d9-ddb5-4fa4-a97d-d965ccfc6d4b" outcome="Passed" testListId="8c84fa94-04c1-424b-9868-57a2d4851a1d" relativeResultsDirectory="9f90ae33-b3a3-48a4-8148-da7f237171c1" />
    <UnitTestResult executionId="4ae0991e-c436-44ad-95bb-55cb7a6d50b3" testId="ff3947de-3f32-9398-c66a-a29c2763c858" testName="Clawbot.SharedKernel.Tests.Content.Visuals.ContentVisualPresetTests.Supported_ContainsBothPresets" computerName="VOTHANHDATPC" duration="00:00:00.0001202" startTime="2026-08-20T23:05:07.5691327+07:00" endTime="2026-08-20T23:05:07.5691328+07:00" testType="13cdc9d9-ddb5-4fa4-a97d-d965ccfc6d4b" outcome="Passed" testListId="8c84fa94-04c1-424b-9868-57a2d4851a1d" relativeResultsDirectory="4ae0991e-c436-44ad-95bb-55cb7a6d50b3" />
    <UnitTestResult executionId="930d5e4e-6a99-4139-8637-5b8f0ebe0505" testId="6c415154-818b-0362-dc1d-ee06366b2c7f" testName="Clawbot.SharedKernel.Tests.Content.ContentTrendBriefFormatterTests.TryNormalizeWeekOf_Invalid_ReturnsFalse(input: &quot;2026-X05&quot;)" computerName="VOTHANHDATPC" duration="00:00:00.0002220" startTime="2026-08-20T23:05:07.5461572+07:00" endTime="2026-08-20T23:05:07.5461573+07:00" testType="13cdc9d9-ddb5-4fa4-a97d-d965ccfc6d4b" outcome="Passed" testListId="8c84fa94-04c1-424b-9868-57a2d4851a1d" relativeResultsDirectory="930d5e4e-6a99-4139-8637-5b8f0ebe0505" />
    <UnitTestResult executionId="2d4ffb52-fef5-4437-a03d-5e3f97526384" testId="303db53d-7774-d21b-d3c0-d0065b16c2ab" testName="Clawbot.SharedKernel.Tests.Content.Visuals.TrustedTemplateDefinitionTests.TryGetSlot_MissingName_ReturnsFalse" computerName="VOTHANHDATPC" duration="00:00:00.0001858" startTime="2026-08-20T23:05:07.5523125+07:00" endTime="2026-08-20T23:05:07.5523126+07:00" testType="13cdc9d9-ddb5-4fa4-a97d-d965ccfc6d4b" outcome="Passed" testListId="8c84fa94-04c1-424b-9868-57a2d4851a1d" relativeResultsDirectory="2d4ffb52-fef5-4437-a03d-5e3f97526384" />
    <UnitTestResult executionId="adafacf5-3371-414f-9cc5-10f9aea9c7e0" testId="4a6fac96-2ac8-326a-373b-329ea68ecf77" testName="Clawbot.SharedKernel.Tests.Content.ContentTrendBriefFormatterTests.IsTrendBrief_MatchesMarkerAndOptionalWeek" computerName="VOTHANHDATPC" duration="00:00:00.0003329" startTime="2026-08-20T23:05:07.5478594+07:00" endTime="2026-08-20T23:05:07.5478595+07:00" testType="13cdc9d9-ddb5-4fa4-a97d-d965ccfc6d4b" outcome="Passed" testListId="8c84fa94-04c1-424b-9868-57a2d4851a1d" relativeResultsDirectory="adafacf5-3371-414f-9cc5-10f9aea9c7e0" />
    <UnitTestResult executionId="bd28a99c-3582-4a24-b5a6-db583f7aae19" testId="01f2849c-7b79-9c1b-893f-9cdca5ad7a7e" testName="Clawbot.SharedKernel.Tests.Security.AgentServiceAuthenticationOptionsTests.GetSigningKeyBytes_TooShort_Throws" computerName="VOTHANHDATPC" duration="00:00:00.0020033" startTime="2026-08-20T23:05:07.5936826+07:00" endTime="2026-08-20T23:05:07.5936832+07:00" testType="13cdc9d9-ddb5-4fa4-a97d-d965ccfc6d4b" outcome="Passed" testListId="8c84fa94-04c1-424b-9868-57a2d4851a1d" relativeResultsDirectory="bd28a99c-3582-4a24-b5a6-db583f7aae19" />
    <UnitTestResult executionId="9fb82f99-eced-4c67-868b-ede627224c25" testId="faca8d5a-9793-d66b-9d3a-788e06e1b53b" testName="Clawbot.SharedKernel.Tests.Content.Visuals.TrustedThemeTokenDefinitionTests.Allows_MatchingToken_ReturnsTrue" computerName="VOTHANHDATPC" duration="00:00:00.0001923" startTime="2026-08-20T23:05:07.5534878+07:00" endTime="2026-08-20T23:05:07.5534879+07:00" testType="13cdc9d9-ddb5-4fa4-a97d-d965ccfc6d4b" outcome="Passed" testListId="8c84fa94-04c1-424b-9868-57a2d4851a1d" relativeResultsDirectory="9fb82f99-eced-4c67-868b-ede627224c25" />
    <UnitTestResult executionId="9ef70ab5-f38d-404a-a299-6a89e1351c72" testId="d831d38b-9825-4ff9-1d3d-7340ab42ce32" testName="Clawbot.SharedKernel.Tests.Security.HmacSignatureVerifierTests.VerifyBase64Sha256_MissingInput_ReturnsFalse(body: &quot;{\&quot;event\&quot;:\&quot;message\&quot;,\&quot;id\&quot;:42}&quot;, signature: &quot;sig&quot;, secret: &quot;&quot;)" computerName="VOTHANHDATPC" duration="00:00:00.0000060" startTime="2026-08-20T23:05:07.5506704+07:00" endTime="2026-08-20T23:05:07.5506705+07:00" testType="13cdc9d9-ddb5-4fa4-a97d-d965ccfc6d4b" outcome="Passed" testListId="8c84fa94-04c1-424b-9868-57a2d4851a1d" relativeResultsDirectory="9ef70ab5-f38d-404a-a299-6a89e1351c72" />
    <UnitTestResult executionId="4c1676fa-fa55-4270-b75f-0fa6ddf1a540" testId="7cc31707-571b-17db-ee6b-111af2d692e7" testName="Clawbot.SharedKernel.Tests.Content.Visuals.ContentVisualValidationTests.ValidateIdentifier_Valid_ReturnsValue(value: &quot;valid-name&quot;)" computerName="VOTHANHDATPC" duration="00:00:00.0001019" startTime="2026-08-20T23:05:07.5454360+07:00" endTime="2026-08-20T23:05:07.5454361+07:00" testType="13cdc9d9-ddb5-4fa4-a97d-d965ccfc6d4b" outcome="Passed" testListId="8c84fa94-04c1-424b-9868-57a2d4851a1d" relativeResultsDirectory="4c1676fa-fa55-4270-b75f-0fa6ddf1a540" />
    <UnitTestResult executionId="30cfe37d-c90e-458e-8156-d1817591fb6b" testId="18665bdc-8006-f13b-02f3-be9354609d75" testName="Clawbot.SharedKernel.Tests.Security.AgentServiceAuthenticationOptionsTests.EnsureGrpcTransportSecurity_NonHttpsEndpoint_Throws(endpoint: null)" computerName="VOTHANHDATPC" duration="00:00:00.0002436" startTime="2026-08-20T23:05:07.5827836+07:00" endTime="2026-08-20T23:05:07.5827838+07:00" testType="13cdc9d9-ddb5-4fa4-a97d-d965ccfc6d4b" outcome="Passed" testListId="8c84fa94-04c1-424b-9868-57a2d4851a1d" relativeResultsDirectory="30cfe37d-c90e-458e-8156-d1817591fb6b" />
    <UnitTestResult executionId="2174d18b-e19b-4ed3-86ff-8f73f868f8e3" testId="5ec94505-518e-cef9-6bad-0666dd2081ee" testName="Clawbot.SharedKernel.Tests.Content.ContentTrendBriefFormatterTests.CurrentWeekOf_ReturnsIsoWeekInVietnamTime" computerName="VOTHANHDATPC" duration="00:00:00.0009916" startTime="2026-08-20T23:05:07.5489361+07:00" endTime="2026-08-20T23:05:07.5489361+07:00" testType="13cdc9d9-ddb5-4fa4-a97d-d965ccfc6d4b" outcome="Passed" testListId="8c84fa94-04c1-424b-9868-57a2d4851a1d" relativeResultsDirectory="2174d18b-e19b-4ed3-86ff-8f73f868f8e3" />
    <UnitTestResult executionId="934c4c38-3ed1-48d7-8d20-205d59fa9fa5" testId="240a7c02-d19a-5d55-98e3-beae711954f8" testName="Clawbot.SharedKernel.Tests.Content.Visuals.ContentRenderSpecTests.Json_Parse_NullCatalog_Throws" computerName="VOTHANHDATPC" duration="00:00:00.0004074" startTime="2026-08-20T23:05:07.6036884+07:00" endTime="2026-08-20T23:05:07.6036884+07:00" testType="13cdc9d9-ddb5-4fa4-a97d-d965ccfc6d4b" outcome="Passed" testListId="8c84fa94-04c1-424b-9868-57a2d4851a1d" relativeResultsDirectory="934c4c38-3ed1-48d7-8d20-205d59fa9fa5" />
    <UnitTestResult executionId="eaa33472-600e-450b-ae29-a459c7883dc9" testId="f973acac-e464-6f55-b4db-a92b37c0c3eb" testName="Clawbot.SharedKernel.Tests.Content.Visuals.ContentRenderSpecJsonTests.Parse_UnsupportedSchemaVersion_Throws" computerName="VOTHANHDATPC" duration="00:00:00.0004964" startTime="2026-08-20T23:05:07.6116268+07:00" endTime="2026-08-20T23:05:07.6116269+07:00" testType="13cdc9d9-ddb5-4fa4-a97d-d965ccfc6d4b" outcome="Passed" testListId="8c84fa94-04c1-424b-9868-57a2d4851a1d" relativeResultsDirectory="eaa33472-600e-450b-ae29-a459c7883dc9" />
    <UnitTestResult executionId="6deaa85a-57f8-4a55-9e11-d274ce8fbafc" testId="9db5d6cc-c41e-e2b3-88c8-702d68572bfb" testName="Clawbot.SharedKernel.Tests.Content.Visuals.ContentRenderSpecTests.Json_ParseSlots_NotArray_Throws" computerName="VOTHANHDATPC" duration="00:00:00.0005193" startTime="2026-08-20T23:05:07.6068823+07:00" endTime="2026-08-20T23:05:07.6068824+07:00" testType="13cdc9d9-ddb5-4fa4-a97d-d965ccfc6d4b" outcome="Passed" testListId="8c84fa94-04c1-424b-9868-57a2d4851a1d" relativeResultsDirectory="6deaa85a-57f8-4a55-9e11-d274ce8fbafc" />
    <UnitTestResult executionId="85e9a609-d30f-4d6a-bb6d-79f30390c8b5" testId="bf369726-c312-532e-b45c-55833675ab3e" testName="Clawbot.SharedKernel.Tests.Content.Visuals.ContentRenderSpecJsonTests.Parse_SortsSlotsByName" computerName="VOTHANHDATPC" duration="00:00:00.0004115" startTime="2026-08-20T23:05:07.6172740+07:00" endTime="2026-08-20T23:05:07.6172749+07:00" testType="13cdc9d9-ddb5-4fa4-a97d-d965ccfc6d4b" outcome="Passed" testListId="8c84fa94-04c1-424b-9868-57a2d4851a1d" relativeResultsDirectory="85e9a609-d30f-4d6a-bb6d-79f30390c8b5" />
    <UnitTestResult executionId="a5444767-e261-48d6-892a-9e0c2f5cc1d2" testId="171d5e5d-13d5-1b8b-4722-56fc85d45617" testName="Clawbot.SharedKernel.Tests.Content.Visuals.TrustedThemeTokenDefinitionTests.Create_EmptyTokens_Throws" computerName="VOTHANHDATPC" duration="00:00:00.0005663" startTime="2026-08-20T23:05:07.5529801+07:00" endTime="2026-08-20T23:05:07.5529802+07:00" testType="13cdc9d9-ddb5-4fa4-a97d-d965ccfc6d4b" outcome="Passed" testListId="8c84fa94-04c1-424b-9868-57a2d4851a1d" relativeResultsDirectory="a5444767-e261-48d6-892a-9e0c2f5cc1d2" />
    <UnitTestResult executionId="762aba7b-4f9b-4446-bc51-6095c97c7749" testId="67651eed-4f91-55fb-22f4-1a6644584e82" testName="Clawbot.SharedKernel.Tests.Content.Visuals.ContentRenderSpecJsonTests.Parse_UnknownPreset_Throws" computerName="VOTHANHDATPC" duration="00:00:00.0003999" startTime="2026-08-20T23:05:07.6106670+07:00" endTime="2026-08-20T23:05:07.6106671+07:00" testType="13cdc9d9-ddb5-4fa4-a97d-d965ccfc6d4b" outcome="Passed" testListId="8c84fa94-04c1-424b-9868-57a2d4851a1d" relativeResultsDirectory="762aba7b-4f9b-4446-bc51-6095c97c7749" />
    <UnitTestResult executionId="96f2cb7d-a9e6-4dfe-a7c8-d9a392f3f19c" testId="ce927e9f-5bdd-0669-eb90-1727a6dd871a" testName="Clawbot.SharedKernel.Tests.Demo.DemoTraceStepTests.FailedStep_CarriesReasonAndLinkedTrace" computerName="VOTHANHDATPC" duration="00:00:00.0111267" startTime="2026-08-20T23:05:07.5488895+07:00" endTime="2026-08-20T23:05:07.5488895+07:00" testType="13cdc9d9-ddb5-4fa4-a97d-d965ccfc6d4b" outcome="Passed" testListId="8c84fa94-04c1-424b-9868-57a2d4851a1d" relativeResultsDirectory="96f2cb7d-a9e6-4dfe-a7c8-d9a392f3f19c" />
    <UnitTestResult executionId="5bfee2e7-d172-4650-b580-41dc2632e982" testId="6aa28936-20b9-e274-097e-683dd6364a01" testName="Clawbot.SharedKernel.Tests.Content.ContentTrendBriefFormatterTests.Marker_InvalidWeek_Throws" computerName="VOTHANHDATPC" duration="00:00:00.0003877" startTime="2026-08-20T23:05:07.5488589+07:00" endTime="2026-08-20T23:05:07.5488589+07:00" testType="13cdc9d9-ddb5-4fa4-a97d-d965ccfc6d4b" outcome="Passed" testListId="8c84fa94-04c1-424b-9868-57a2d4851a1d" relativeResultsDirectory="5bfee2e7-d172-4650-b580-41dc2632e982" />
    <UnitTestResult executionId="65bb5333-3072-4e35-9d78-0369b94f53d2" testId="389d59b6-ae04-5e90-9a04-42ccdc0e06dd" testName="Clawbot.SharedKernel.Tests.Content.Visuals.ContentRenderSpecTests.Json_Parse_Invalid_Throws(json: &quot;{ not json&quot;)" computerName="VOTHANHDATPC" duration="00:00:00.0017996" startTime="2026-08-20T23:05:07.5993328+07:00" endTime="2026-08-20T23:05:07.5993332+07:00" testType="13cdc9d9-ddb5-4fa4-a97d-d965ccfc6d4b" outcome="Passed" testListId="8c84fa94-04c1-424b-9868-57a2d4851a1d" relativeResultsDirectory="65bb5333-3072-4e35-9d78-0369b94f53d2" />
    <UnitTestResult executionId="bd9c5e0c-ff8e-44d3-9f0b-791f8e5c7238" testId="c711bbdc-4d93-fabd-0c04-ce9b1bdf547f" testName="Clawbot.SharedKernel.Tests.Content.Visuals.ContentRenderSpecTests.ThemeBinding_Create_TokenNotAllowed_Throws" computerName="VOTHANHDATPC" duration="00:00:00.0003820" startTime="2026-08-20T23:05:07.6089552+07:00" endTime="2026-08-20T23:05:07.6089553+07:00" testType="13cdc9d9-ddb5-4fa4-a97d-d965ccfc6d4b" outcome="Passed" testListId="8c84fa94-04c1-424b-9868-57a2d4851a1d" relativeResultsDirectory="bd9c5e0c-ff8e-44d3-9f0b-791f8e5c7238" />
    <UnitTestResult executionId="8b17896e-0da8-4bba-bd38-99c5d5598bc0" testId="10688018-3316-0c20-e924-1cd4158fd931" testName="Clawbot.SharedKernel.Tests.Content.ContentTrendBriefFormatterTests.Format_NullTrend_Throws" computerName="VOTHANHDATPC" duration="00:00:00.0057888" startTime="2026-08-20T23:05:07.5473047+07:00" endTime="2026-08-20T23:05:07.5473048+07:00" testType="13cdc9d9-ddb5-4fa4-a97d-d965ccfc6d4b" outcome="Passed" testListId="8c84fa94-04c1-424b-9868-57a2d4851a1d" relativeResultsDirectory="8b17896e-0da8-4bba-bd38-99c5d5598bc0" />
    <UnitTestResult executionId="554cd9b7-f493-4be7-b47e-2a27f39caa64" testId="ef66a9e4-3cbf-4ec6-b159-3077d5b13295" testName="Clawbot.SharedKernel.Tests.Security.AgentServiceAuthenticationOptionsTests.EnsureGrpcTransportSecurity_Development_SkipsAllChecks" computerName="VOTHANHDATPC" duration="00:00:00.0012945" startTime="2026-08-20T23:05:07.5811933+07:00" endTime="2026-08-20T23:05:07.5811936+07:00" testType="13cdc9d9-ddb5-4fa4-a97d-d965ccfc6d4b" outcome="Passed" testListId="8c84fa94-04c1-424b-9868-57a2d4851a1d" relativeResultsDirectory="554cd9b7-f493-4be7-b47e-2a27f39caa64" />
    <UnitTestResult executionId="0cc2348e-ec70-439b-af5b-a5f5b276c542" testId="adb656d5-e4a8-45e7-f3a2-e465c0a4ee6b" testName="Clawbot.SharedKernel.Tests.Content.Visuals.ContentRenderSpecTests.Preset_Parse_Known_ReturnsDimensions(token: &quot;1080x1080&quot;, w: 1080, h: 1080)" computerName="VOTHANHDATPC" duration="00:00:00.0001657" startTime="2026-08-20T23:05:07.6039086+07:00" endTime="2026-08-20T23:05:07.6039088+07:00" testType="13cdc9d9-ddb5-4fa4-a97d-d965ccfc6d4b" outcome="Passed" testListId="8c84fa94-04c1-424b-9868-57a2d4851a1d" relativeResultsDirectory="0cc2348e-ec70-439b-af5b-a5f5b276c542" />
    <UnitTestResult executionId="b7efe991-f33d-4d3d-84cc-76628386dc53" testId="c6ed288b-2d1b-7fc2-8641-2f2b3ccd4dbd" testName="Clawbot.SharedKernel.Tests.Channels.ChannelDeliveryAmbiguousExceptionTests.Constructor_SetsCodeAndInnerException" computerName="VOTHANHDATPC" duration="00:00:00.0002799" startTime="2026-08-20T23:05:07.5535485+07:00" endTime="2026-08-20T23:05:07.5535485+07:00" testType="13cdc9d9-ddb5-4fa4-a97d-d965ccfc6d4b" outcome="Passed" testListId="8c84fa94-04c1-424b-9868-57a2d4851a1d" relativeResultsDirectory="b7efe991-f33d-4d3d-84cc-76628386dc53" />
    <UnitTestResult executionId="9e039b86-c7ad-45f9-9014-ebd60084f51c" testId="8544766c-6e20-bd47-6dcc-903c90d513fa" testName="Clawbot.SharedKernel.Tests.Content.ContentPlatformCatalogTests.TryNormalizeWritable_ReturnsExpected(input: &quot;INSTAGRAM&quot;, expected: True, expectedNormalized: &quot;instagram&quot;)" computerName="VOTHANHDATPC" duration="00:00:00.0003577" startTime="2026-08-20T23:05:07.5541899+07:00" endTime="2026-08-20T23:05:07.5541899+07:00" testType="13cdc9d9-ddb5-4fa4-a97d-d965ccfc6d4b" outcome="Passed" testListId="8c84fa94-04c1-424b-9868-57a2d4851a1d" relativeResultsDirectory="9e039b86-c7ad-45f9-9014-ebd60084f51c" />
    <UnitTestResult executionId="fe7c4c86-e9e0-44e6-b49c-07b985fea80d" testId="b1887409-9d40-a3bd-c502-29b9f47503ae" testName="Clawbot.SharedKernel.Tests.Demo.DemoRuntimeConfigTests.IsPageTokenConfigured_ReflectsPageAccessToken" computerName="VOTHANHDATPC" duration="00:00:00.0002857" startTime="2026-08-20T23:05:07.5495693+07:00" endTime="2026-08-20T23:05:07.5495694+07:00" testType="13cdc9d9-ddb5-4fa4-a97d-d965ccfc6d4b" outcome="Passed" testListId="8c84fa94-04c1-424b-9868-57a2d4851a1d" relativeResultsDirectory="fe7c4c86-e9e0-44e6-b49c-07b985fea80d" />
    <UnitTestResult executionId="269f199b-ef3f-4e24-90b6-b24a1da96f0d" testId="124402e9-a3d3-ef03-57b5-2d42d1931ca0" testName="Clawbot.SharedKernel.Tests.Content.Visuals.TrustedTemplateReferenceTests.Create_InvalidHash_Throws" computerName="VOTHANHDATPC" duration="00:00:00.0268674" startTime="2026-08-20T23:05:07.5434097+07:00" endTime="2026-08-20T23:05:07.5434097+07:00" testType="13cdc9d9-ddb5-4fa4-a97d-d965ccfc6d4b" outcome="Passed" testListId="8c84fa94-04c1-424b-9868-57a2d4851a1d" relativeResultsDirectory="269f199b-ef3f-4e24-90b6-b24a1da96f0d" />
    <UnitTestResult executionId="bd7de943-b27f-420b-a900-7576585134aa" testId="81223c8c-bc80-43b5-c7d1-88e9f1a7fddf" testName="Clawbot.SharedKernel.Tests.Channels.ChannelAdapterDefaultSendTests.SendAsync_WithAccessToken_DefaultsToTokenlessOverload" computerName="VOTHANHDATPC" duration="00:00:00.0006210" startTime="2026-08-20T23:05:07.5517792+07:00" endTime="2026-08-20T23:05:07.5517792+07:00" testType="13cdc9d9-ddb5-4fa4-a97d-d965ccfc6d4b" outcome="Passed" testListId="8c84fa94-04c1-424b-9868-57a2d4851a1d" relativeResultsDirectory="bd7de943-b27f-420b-a900-7576585134aa" />
    <UnitTestResult executionId="57f86c5e-abb5-40b0-a696-c20adfa10591" testId="354dcc98-ec32-cde4-dc35-a7a4c15e6171" testName="Clawbot.SharedKernel.Tests.Channels.ChannelSendRejectedExceptionTests.StatusCode_DefaultsToNull" computerName="VOTHANHDATPC" duration="00:00:00.0005089" startTime="2026-08-20T23:05:07.5512217+07:00" endTime="2026-08-20T23:05:07.5512218+07:00" testType="13cdc9d9-ddb5-4fa4-a97d-d965ccfc6d4b" outcome="Passed" testListId="8c84fa94-04c1-424b-9868-57a2d4851a1d" relativeResultsDirectory="57f86c5e-abb5-40b0-a696-c20adfa10591" />
    <UnitTestResult executionId="05be752d-4f8b-4228-a2f7-6ce09c802374" testId="bc171931-e2ed-ff13-8528-f16bcec9daa6" testName="Clawbot.SharedKernel.Tests.Content.Visuals.TrustedTemplateCatalogTests.Definitions_ReturnsSortedDefinitions" computerName="VOTHANHDATPC" duration="00:00:00.0005402" startTime="2026-08-20T23:05:07.5560448+07:00" endTime="2026-08-20T23:05:07.5560449+07:00" testType="13cdc9d9-ddb5-4fa4-a97d-d965ccfc6d4b" outcome="Passed" testListId="8c84fa94-04c1-424b-9868-57a2d4851a1d" relativeResultsDirectory="05be752d-4f8b-4228-a2f7-6ce09c802374" />
    <UnitTestResult executionId="d1fa270e-178f-471a-8bc0-125ee5a520cb" testId="5aaa02cd-9c0c-d18f-59e1-1c407a81c234" testName="Clawbot.SharedKernel.Tests.Channels.ChannelDeliveryAmbiguousExceptionTests.InnerException_DefaultsToNull" computerName="VOTHANHDATPC" duration="00:00:00.0000757" startTime="2026-08-20T23:05:07.5539605+07:00" endTime="2026-08-20T23:05:07.5539606+07:00" testType="13cdc9d9-ddb5-4fa4-a97d-d965ccfc6d4b" outcome="Passed" testListId="8c84fa94-04c1-424b-9868-57a2d4851a1d" relativeResultsDirectory="d1fa270e-178f-471a-8bc0-125ee5a520cb" />
    <UnitTestResult executionId="3b5f5eb6-2140-4329-a086-181c153a1e9d" testId="f4070fca-45e6-bccc-d155-c8548c322b98" testName="Clawbot.SharedKernel.Tests.Security.HmacSignatureVerifierTests.VerifyBase64Sha256_ValidSignature_ReturnsTrue" computerName="VOTHANHDATPC" duration="00:00:00.0003122" startTime="2026-08-20T23:05:07.5507270+07:00" endTime="2026-08-20T23:05:07.5507270+07:00" testType="13cdc9d9-ddb5-4fa4-a97d-d965ccfc6d4b" outcome="Passed" testListId="8c84fa94-04c1-424b-9868-57a2d4851a1d" relativeResultsDirectory="3b5f5eb6-2140-4329-a086-181c153a1e9d" />
    <UnitTestResult executionId="3b90789c-078d-40be-98e5-ad29eeb09307" testId="650609be-7815-f6b9-14f2-06d7eee8f840" testName="Clawbot.SharedKernel.Tests.Content.ContentTrendBriefFormatterTests.Format_ProducesMarkerSourceMetricScoreIdeas" computerName="VOTHANHDATPC" duration="00:00:00.0010365" startTime="2026-08-20T23:05:07.5482940+07:00" endTime="2026-08-20T23:05:07.5482941+07:00" testType="13cdc9d9-ddb5-4fa4-a97d-d965ccfc6d4b" outcome="Passed" testListId="8c84fa94-04c1-424b-9868-57a2d4851a1d" relativeResultsDirectory="3b90789c-078d-40be-98e5-ad29eeb09307" />
    <UnitTestResult executionId="3eb9dc21-c97b-456c-9f94-f9db02ad7fed" testId="a40d3fb5-fdac-66b6-5bdf-3bd43dfc4d82" testName="Clawbot.SharedKernel.Tests.Content.Visuals.ContentRenderSpecCanonicalizerTests.GetCanonicalUtf8_NullSpec_Throws" computerName="VOTHANHDATPC" duration="00:00:00.0005107" startTime="2026-08-20T23:05:07.6080779+07:00" endTime="2026-08-20T23:05:07.6080780+07:00" testType="13cdc9d9-ddb5-4fa4-a97d-d965ccfc6d4b" outcome="Passed" testListId="8c84fa94-04c1-424b-9868-57a2d4851a1d" relativeResultsDirectory="3eb9dc21-c97b-456c-9f94-f9db02ad7fed" />
    <UnitTestResult executionId="7ac6767b-2c16-4226-930c-990a4d477be4" testId="94149299-54be-0307-850e-50da9a754950" testName="Clawbot.SharedKernel.Tests.Content.DefaultGoldenHourResolverTests.ResolveNext_KnownPlatform_UsesConfiguredHour(platform: &quot;instagram&quot;, hour: 19, minute: 30)" computerName="VOTHANHDATPC" duration="00:00:00.0002771" startTime="2026-08-20T23:05:07.5562265+07:00" endTime="2026-08-20T23:05:07.5562266+07:00" testType="13cdc9d9-ddb5-4fa4-a97d-d965ccfc6d4b" outcome="Passed" testListId="8c84fa94-04c1-424b-9868-57a2d4851a1d" relativeResultsDirectory="7ac6767b-2c16-4226-930c-990a4d477be4" />
    <UnitTestResult executionId="42b9435d-b202-46d9-85bf-e7b2f2007f35" testId="6f2dd584-64bf-0ed0-c46d-e8bc96bcbf13" testName="Clawbot.SharedKernel.Tests.Content.Visuals.TrustedThemeTokenDefinitionTests.Create_DisallowedToken_Throws" computerName="VOTHANHDATPC" duration="00:00:00.0005763" startTime="2026-08-20T23:05:07.5529060+07:00" endTime="2026-08-20T23:05:07.5529060+07:00" testType="13cdc9d9-ddb5-4fa4-a97d-d965ccfc6d4b" outcome="Passed" testListId="8c84fa94-04c1-424b-9868-57a2d4851a1d" relativeResultsDirectory="42b9435d-b202-46d9-85bf-e7b2f2007f35" />
    <UnitTestResult executionId="82fd6d81-cb92-4658-800f-f02455ea1415" testId="2e3cdbf5-7ade-a3f3-5015-40827195cb2a" testName="Clawbot.SharedKernel.Tests.Audit.StaticAuditContextTests.Defaults_AreAllNull" computerName="VOTHANHDATPC" duration="00:00:00.0001445" startTime="2026-08-20T23:05:07.5882075+07:00" endTime="2026-08-20T23:05:07.5882075+07:00" testType="13cdc9d9-ddb5-4fa4-a97d-d965ccfc6d4b" outcome="Passed" testListId="8c84fa94-04c1-424b-9868-57a2d4851a1d" relativeResultsDirectory="82fd6d81-cb92-4658-800f-f02455ea1415" />
    <UnitTestResult executionId="6280e13a-4998-460a-8575-4d383ded734d" testId="f99f4db3-69d7-98a3-c1e0-a16704de03b0" testName="Clawbot.SharedKernel.Tests.Jobs.JobHandlerDefaultsTests.RunAsync_ReturnsHandlerResult" computerName="VOTHANHDATPC" duration="00:00:00.0007224" startTime="2026-08-20T23:05:07.5518236+07:00" endTime="2026-08-20T23:05:07.5518237+07:00" testType="13cdc9d9-ddb5-4fa4-a97d-d965ccfc6d4b" outcome="Passed" testListId="8c84fa94-04c1-424b-9868-57a2d4851a1d" relativeResultsDirectory="6280e13a-4998-460a-8575-4d383ded734d" />
    <UnitTestResult executionId="1c6e6354-abbf-49c6-a412-e5a98ad232c8" testId="30b964f9-fb49-2d90-ffe8-c4df6e9a6469" testName="Clawbot.SharedKernel.Tests.Security.AgentServiceAuthenticationOptionsTests.Constants_MatchTokenContract" computerName="VOTHANHDATPC" duration="00:00:00.0002597" startTime="2026-08-20T23:05:07.5799901+07:00" endTime="2026-08-20T23:05:07.5799902+07:00" testType="13cdc9d9-ddb5-4fa4-a97d-d965ccfc6d4b" outcome="Passed" testListId="8c84fa94-04c1-424b-9868-57a2d4851a1d" relativeResultsDirectory="1c6e6354-abbf-49c6-a412-e5a98ad232c8" />
    <UnitTestResult executionId="c5fd5b2d-fe52-49df-8d7a-ddfbb7d0ae74" testId="718a4a04-59a8-6126-025d-68d1d73dd915" testName="Clawbot.SharedKernel.Tests.Content.Visuals.ContentRenderSpecJsonTests.Parse_WrongMemberType_Throws" computerName="VOTHANHDATPC" duration="00:00:00.0004424" startTime="2026-08-20T23:05:07.6121111+07:00" endTime="2026-08-20T23:05:07.6121112+07:00" testType="13cdc9d9-ddb5-4fa4-a97d-d965ccfc6d4b" outcome="Passed" testListId="8c84fa94-04c1-424b-9868-57a2d4851a1d" relativeResultsDirectory="c5fd5b2d-fe52-49df-8d7a-ddfbb7d0ae74" />
    <UnitTestResult executionId="4705da23-3f32-4666-b3b8-7bcfffc2e314" testId="04373021-99b1-82b4-e309-eec98a46df18" testName="Clawbot.SharedKernel.Tests.Content.Visuals.ContentRenderSpecJsonTests.ParseSlots_NotAnArray_Throws" computerName="VOTHANHDATPC" duration="00:00:00.0005329" startTime="2026-08-20T23:05:07.6076657+07:00" endTime="2026-08-20T23:05:07.6076658+07:00" testType="13cdc9d9-ddb5-4fa4-a97d-d965ccfc6d4b" outcome="Passed" testListId="8c84fa94-04c1-424b-9868-57a2d4851a1d" relativeResultsDirectory="4705da23-3f32-4666-b3b8-7bcfffc2e314" />
    <UnitTestResult executionId="45831598-a180-4c8c-a2e3-dde5e5a51a92" testId="dae28683-cfae-0cd3-e42a-dfc33fec999f" testName="Clawbot.SharedKernel.Tests.Content.Visuals.ContentRenderSpecCanonicalizerTests.ToCanonicalJson_ProducesDeterministicOutput" computerName="VOTHANHDATPC" duration="00:00:00.0002226" startTime="2026-08-20T23:05:07.6077007+07:00" endTime="2026-08-20T23:05:07.6077007+07:00" testType="13cdc9d9-ddb5-4fa4-a97d-d965ccfc6d4b" outcome="Passed" testListId="8c84fa94-04c1-424b-9868-57a2d4851a1d" relativeResultsDirectory="45831598-a180-4c8c-a2e3-dde5e5a51a92" />
    <UnitTestResult executionId="68733698-ebe8-4ece-a092-1ac3ab95c62b" testId="b6e38f47-f842-9f9e-a898-b8431d514686" testName="Clawbot.SharedKernel.Tests.Demo.DemoTraceTests.AddStep_KeepsInsertionOrder" computerName="VOTHANHDATPC" duration="00:00:00.0004058" startTime="2026-08-20T23:05:07.5535366+07:00" endTime="2026-08-20T23:05:07.5535366+07:00" testType="13cdc9d9-ddb5-4fa4-a97d-d965ccfc6d4b" outcome="Passed" testListId="8c84fa94-04c1-424b-9868-57a2d4851a1d" relativeResultsDirectory="68733698-ebe8-4ece-a092-1ac3ab95c62b" />
    <UnitTestResult executionId="edfcee43-41cf-447f-997b-d4c428c1708d" testId="21278a2c-a557-1f3b-562e-86d73f62d00d" testName="Clawbot.SharedKernel.Tests.Demo.DemoTraceTests.DefaultStatus_IsPending" computerName="VOTHANHDATPC" duration="00:00:00.0001087" startTime="2026-08-20T23:05:07.5534423+07:00" endTime="2026-08-20T23:05:07.5534424+07:00" testType="13cdc9d9-ddb5-4fa4-a97d-d965ccfc6d4b" outcome="Passed" testListId="8c84fa94-04c1-424b-9868-57a2d4851a1d" relativeResultsDirectory="edfcee43-41cf-447f-997b-d4c428c1708d" />
    <UnitTestResult executionId="a485a82a-afb3-4151-850d-c079cc70834e" testId="58221699-5c29-a351-8438-71da7291b6ca" testName="Clawbot.SharedKernel.Tests.Content.ContentPlatformCatalogTests.TryNormalizeWritable_ReturnsExpected(input: &quot;facebook&quot;, expected: True, expectedNormalized: &quot;facebook&quot;)" computerName="VOTHANHDATPC" duration="00:00:00.0000099" startTime="2026-08-20T23:05:07.5542243+07:00" endTime="2026-08-20T23:05:07.5542244+07:00" testType="13cdc9d9-ddb5-4fa4-a97d-d965ccfc6d4b" outcome="Passed" testListId="8c84fa94-04c1-424b-9868-57a2d4851a1d" relativeResultsDirectory="a485a82a-afb3-4151-850d-c079cc70834e" />
    <UnitTestResult executionId="08c69644-40bf-4714-8bbb-2c988740f9bc" testId="cd7535a1-b5e2-29ce-78a1-26d1055a5542" testName="Clawbot.SharedKernel.Tests.Content.Visuals.ContentRenderSpecJsonTests.Parse_MissingRequiredMember_Throws" computerName="VOTHANHDATPC" duration="00:00:00.0008275" startTime="2026-08-20T23:05:07.6167903+07:00" endTime="2026-08-20T23:05:07.6167906+07:00" testType="13cdc9d9-ddb5-4fa4-a97d-d965ccfc6d4b" outcome="Passed" testListId="8c84fa94-04c1-424b-9868-57a2d4851a1d" relativeResultsDirectory="08c69644-40bf-4714-8bbb-2c988740f9bc" />
    <UnitTestResult executionId="e00a0b57-7d43-45c3-b2fe-7e0ca30998de" testId="34eeb7bc-9588-221b-1cac-700e75d8fe1f" testName="Clawbot.SharedKernel.Tests.Security.AgentServiceAuthenticationOptionsTests.GetSigningKeyBytes_TrimsWhitespace" computerName="VOTHANHDATPC" duration="00:00:00.0004947" startTime="2026-08-20T23:05:07.5908230+07:00" endTime="2026-08-20T23:05:07.5908233+07:00" testType="13cdc9d9-ddb5-4fa4-a97d-d965ccfc6d4b" outcome="Passed" testListId="8c84fa94-04c1-424b-9868-57a2d4851a1d" relativeResultsDirectory="e00a0b57-7d43-45c3-b2fe-7e0ca30998de" />
    <UnitTestResult executionId="62499c6c-b3a4-44e4-8aa1-f6dcc5b4e644" testId="70f9de18-675c-7c2e-d590-046868288936" testName="Clawbot.SharedKernel.Tests.Content.Visuals.ContentRenderSpecCanonicalizerTests.ComputeSha256_ReturnsLowercaseHex" computerName="VOTHANHDATPC" duration="00:00:00.0833446" startTime="2026-08-20T23:05:07.6042063+07:00" endTime="2026-08-20T23:05:07.6042063+07:00" testType="13cdc9d9-ddb5-4fa4-a97d-d965ccfc6d4b" outcome="Passed" testListId="8c84fa94-04c1-424b-9868-57a2d4851a1d" relativeResultsDirectory="62499c6c-b3a4-44e4-8aa1-f6dcc5b4e644" />
    <UnitTestResult executionId="bdf5a55e-ffa2-4cbc-8588-f66413bb9375" testId="7504f5f2-db1a-67a6-682e-954b37f0cb1a" testName="Clawbot.SharedKernel.Tests.Security.AgentServiceAuthenticationOptionsTests.EnsureDistinctFromPublicJwtKey_NoPublicKey_Passes" computerName="VOTHANHDATPC" duration="00:00:00.0006703" startTime="2026-08-20T23:05:07.5945431+07:00" endTime="2026-08-20T23:05:07.5945436+07:00" testType="13cdc9d9-ddb5-4fa4-a97d-d965ccfc6d4b" outcome="Passed" testListId="8c84fa94-04c1-424b-9868-57a2d4851a1d" relativeResultsDirectory="bdf5a55e-ffa2-4cbc-8588-f66413bb9375" />
    <UnitTestResult executionId="a8ebf2e4-6391-4ec1-a82d-95c1e0625ac1" testId="8022d7ff-6a1e-838d-17ab-f21500008fd8" testName="Clawbot.SharedKernel.Tests.Content.Visuals.ContentRenderSpecJsonTests.Parse_TooManySlotLines_Throws" computerName="VOTHANHDATPC" duration="00:00:00.0010901" startTime="2026-08-20T23:05:07.6141051+07:00" endTime="2026-08-20T23:05:07.6141054+07:00" testType="13cdc9d9-ddb5-4fa4-a97d-d965ccfc6d4b" outcome="Passed" testListId="8c84fa94-04c1-424b-9868-57a2d4851a1d" relativeResultsDirectory="a8ebf2e4-6391-4ec1-a82d-95c1e0625ac1" />
    <UnitTestResult executionId="375ef890-5f3e-40ca-a3c1-d1e2a5f8ffa2" testId="c019215c-0067-157b-9cc4-58acb2a2b39f" testName="Clawbot.SharedKernel.Tests.Security.AgentServiceAuthenticationOptionsTests.GetSigningKeyBytes_ValidBase64_ReturnsDecodedBytes" computerName="VOTHANHDATPC" duration="00:00:00.0052552" startTime="2026-08-20T23:05:07.5890496+07:00" endTime="2026-08-20T23:05:07.5890500+07:00" testType="13cdc9d9-ddb5-4fa4-a97d-d965ccfc6d4b" outcome="Passed" testListId="8c84fa94-04c1-424b-9868-57a2d4851a1d" relativeResultsDirectory="375ef890-5f3e-40ca-a3c1-d1e2a5f8ffa2" />
    <UnitTestResult executionId="dfb3aec3-1aee-4662-8c9c-e2d2baa94b8b" testId="91b2e5e0-8e28-4a39-7fde-9192f61aacc5" testName="Clawbot.SharedKernel.Tests.Content.Visuals.ContentRenderSpecTests.Spec_Create_Valid_ProducesCanonicalJsonAndHash" computerName="VOTHANHDATPC" duration="00:00:00.0004823" startTime="2026-08-20T23:05:07.6081408+07:00" endTime="2026-08-20T23:05:07.6081408+07:00" testType="13cdc9d9-ddb5-4fa4-a97d-d965ccfc6d4b" outcome="Passed" testListId="8c84fa94-04c1-424b-9868-57a2d4851a1d" relativeResultsDirectory="dfb3aec3-1aee-4662-8c9c-e2d2baa94b8b" />
    <UnitTestResult executionId="cbec5838-a877-4531-8b49-d4b755b6e804" testId="af928687-c3d1-635a-2ffe-4373974b626a" testName="Clawbot.SharedKernel.Tests.Content.DefaultGoldenHourResolverTests.ResolveNext_UnknownPlatform_FallsBackTo19h" computerName="VOTHANHDATPC" duration="00:00:00.0025426" startTime="2026-08-20T23:05:07.5561643+07:00" endTime="2026-08-20T23:05:07.5561644+07:00" testType="13cdc9d9-ddb5-4fa4-a97d-d965ccfc6d4b" outcome="Passed" testListId="8c84fa94-04c1-424b-9868-57a2d4851a1d" relativeResultsDirectory="cbec5838-a877-4531-8b49-d4b755b6e804" />
    <UnitTestResult executionId="fea108a2-5aaa-42fd-ad52-1863794ad32e" testId="8a4dc3a8-69a8-e816-cde3-1e479c3c040c" testName="Clawbot.SharedKernel.Tests.Content.Visuals.ContentRenderSpecJsonTests.ParseSlots_BlankJson_Throws(json: &quot;&quot;)" computerName="VOTHANHDATPC" duration="00:00:00.0003151" startTime="2026-08-20T23:05:07.6096845+07:00" endTime="2026-08-20T23:05:07.6096846+07:00" testType="13cdc9d9-ddb5-4fa4-a97d-d965ccfc6d4b" outcome="Passed" testListId="8c84fa94-04c1-424b-9868-57a2d4851a1d" relativeResultsDirectory="fea108a2-5aaa-42fd-ad52-1863794ad32e" />
    <UnitTestResult executionId="f2a3d0c7-a79f-46f0-9902-98097350bf22" testId="4b992dcc-2c79-3baa-770f-e3d6e45f46c9" testName="Clawbot.SharedKernel.Tests.Demo.DemoTraceTests.Completion_RecordsStatusAndDuration" computerName="VOTHANHDATPC" duration="00:00:00.0017634" startTime="2026-08-20T23:05:07.5527886+07:00" endTime="2026-08-20T23:05:07.5527886+07:00" testType="13cdc9d9-ddb5-4fa4-a97d-d965ccfc6d4b" outcome="Passed" testListId="8c84fa94-04c1-424b-9868-57a2d4851a1d" relativeResultsDirectory="f2a3d0c7-a79f-46f0-9902-98097350bf22" />
    <UnitTestResult executionId="91d8ef70-9de4-46d2-9c58-22ad2744dbf3" testId="dd649604-4708-2fc7-df29-8cf2e6ecf441" testName="Clawbot.SharedKernel.Tests.Content.ContentTrendBriefFormatterTests.TryNormalizeWeekOf_Valid_ReturnsNormalized(input: &quot;2026-W05&quot;, expected: &quot;2026-W05&quot;)" computerName="VOTHANHDATPC" duration="00:00:00.0000062" startTime="2026-08-20T23:05:07.5487613+07:00" endTime="2026-08-20T23:05:07.5487613+07:00" testType="13cdc9d9-ddb5-4fa4-a97d-d965ccfc6d4b" outcome="Passed" testListId="8c84fa94-04c1-424b-9868-57a2d4851a1d" relativeResultsDirectory="91d8ef70-9de4-46d2-9c58-22ad2744dbf3" />
    <UnitTestResult executionId="6e34ffde-1fb5-47cb-92e1-7767ddea45e0" testId="e4ab51cf-fd84-58dd-d52c-c7d939924a95" testName="Clawbot.SharedKernel.Tests.Content.Visuals.ContentVisualPresetTests.Landscape_HasExpectedDimensions" computerName="VOTHANHDATPC" duration="00:00:00.0002052" startTime="2026-08-20T23:05:07.5650830+07:00" endTime="2026-08-20T23:05:07.5650831+07:00" testType="13cdc9d9-ddb5-4fa4-a97d-d965ccfc6d4b" outcome="Passed" testListId="8c84fa94-04c1-424b-9868-57a2d4851a1d" relativeResultsDirectory="6e34ffde-1fb5-47cb-92e1-7767ddea45e0" />
    <UnitTestResult executionId="5f98465b-590c-420f-8003-9aa021e60b7b" testId="376f7ac5-2ec8-1893-f487-f13a0326e827" testName="Clawbot.SharedKernel.Tests.Content.Visuals.ContentRenderSpecTests.Json_Parse_Invalid_Throws(json: &quot;&quot;)" computerName="VOTHANHDATPC" duration="00:00:00.0003631" startTime="2026-08-20T23:05:07.5997432+07:00" endTime="2026-08-20T23:05:07.5997433+07:00" testType="13cdc9d9-ddb5-4fa4-a97d-d965ccfc6d4b" outcome="Passed" testListId="8c84fa94-04c1-424b-9868-57a2d4851a1d" relativeResultsDirectory="5f98465b-590c-420f-8003-9aa021e60b7b" />
    <UnitTestResult executionId="abbeeedc-fd78-4497-b7d6-99e1dcf61c8e" testId="6bff2bf1-7e13-fa34-e24c-2132d73b37bf" testName="Clawbot.SharedKernel.Tests.Content.Visuals.ContentVisualValidationTests.CountGraphemes_AsciiString_ReturnsLength" computerName="VOTHANHDATPC" duration="00:00:00.0044074" startTime="2026-08-20T23:05:07.5490269+07:00" endTime="2026-08-20T23:05:07.5490269+07:00" testType="13cdc9d9-ddb5-4fa4-a97d-d965ccfc6d4b" outcome="Passed" testListId="8c84fa94-04c1-424b-9868-57a2d4851a1d" relativeResultsDirectory="abbeeedc-fd78-4497-b7d6-99e1dcf61c8e" />
    <UnitTestResult executionId="f3467551-22ba-447b-b76a-73219b7d3ea7" testId="1b3cb2fd-5f2c-0f31-579d-df199f2d89fe" testName="Clawbot.SharedKernel.Tests.Security.AgentServiceAuthenticationOptionsTests.EnsureDistinctFromPublicJwtKey_ReusedKey_Throws" computerName="VOTHANHDATPC" duration="00:00:00.0006283" startTime="2026-08-20T23:05:07.5954332+07:00" endTime="2026-08-20T23:05:07.5954334+07:00" testType="13cdc9d9-ddb5-4fa4-a97d-d965ccfc6d4b" outcome="Passed" testListId="8c84fa94-04c1-424b-9868-57a2d4851a1d" relativeResultsDirectory="f3467551-22ba-447b-b76a-73219b7d3ea7" />
    <UnitTestResult executionId="ab676ad1-f00d-4ef3-9d36-9a2e1e1a5988" testId="cd693dc0-2cc3-aad4-0584-452a9458a2f6" testName="Clawbot.SharedKernel.Tests.Content.Visuals.ContentRenderSpecTests.Slot_Create_NormalizesLines" computerName="VOTHANHDATPC" duration="00:00:00.0002065" startTime="2026-08-20T23:05:07.5547301+07:00" endTime="2026-08-20T23:05:07.5547301+07:00" testType="13cdc9d9-ddb5-4fa4-a97d-d965ccfc6d4b" outcome="Passed" testListId="8c84fa94-04c1-424b-9868-57a2d4851a1d" relativeResultsDirectory="ab676ad1-f00d-4ef3-9d36-9a2e1e1a5988" />
    <UnitTestResult executionId="98501d28-03fb-496a-a9cf-d596ceae9d1d" testId="98ece56e-9c75-3689-c074-fa643d956c58" testName="Clawbot.SharedKernel.Tests.Content.Visuals.TrustedVisualSlotDefinitionTests.Create_ZeroMaxGraphemes_Throws" computerName="VOTHANHDATPC" duration="00:00:00.0005165" startTime="2026-08-20T23:05:07.5494178+07:00" endTime="2026-08-20T23:05:07.5494179+07:00" testType="13cdc9d9-ddb5-4fa4-a97d-d965ccfc6d4b" outcome="Passed" testListId="8c84fa94-04c1-424b-9868-57a2d4851a1d" relativeResultsDirectory="98501d28-03fb-496a-a9cf-d596ceae9d1d" />
    <UnitTestResult executionId="026612d4-c196-4f05-941e-4269533701bb" testId="f7f7cbe3-e63d-263e-6b35-cfeea24139fd" testName="Clawbot.SharedKernel.Tests.Demo.DemoTraceStepTests.Defaults_ArePendingWithEmptyOutput" computerName="VOTHANHDATPC" duration="00:00:00.0063029" startTime="2026-08-20T23:05:07.5460658+07:00" endTime="2026-08-20T23:05:07.5460658+07:00" testType="13cdc9d9-ddb5-4fa4-a97d-d965ccfc6d4b" outcome="Passed" testListId="8c84fa94-04c1-424b-9868-57a2d4851a1d" relativeResultsDirectory="026612d4-c196-4f05-941e-4269533701bb" />
    <UnitTestResult executionId="7a42cbcd-d190-432b-8042-e21b51c84115" testId="4dbde7d0-b180-351d-b1ac-3dd90f20f873" testName="Clawbot.SharedKernel.Tests.Notifications.NotificationRequestTests.GroupKey_EnablesOccurrenceRollup" computerName="VOTHANHDATPC" duration="00:00:00.0002289" startTime="2026-08-20T23:05:07.5553909+07:00" endTime="2026-08-20T23:05:07.5553909+07:00" testType="13cdc9d9-ddb5-4fa4-a97d-d965ccfc6d4b" outcome="Passed" testListId="8c84fa94-04c1-424b-9868-57a2d4851a1d" relativeResultsDirectory="7a42cbcd-d190-432b-8042-e21b51c84115" />
[...]
    <TestEntry testId="301813ef-aaf3-0241-b427-4486783bab63" executionId="fce4715b-fb2d-410a-8565-0cbc2c76a038" testListId="8c84fa94-04c1-424b-9868-57a2d4851a1d" />
    <TestEntry testId="90e4964c-85ed-e10f-bf42-afae40700e9e" executionId="3fbd51b8-b130-47a8-873c-5c387f32eb5d" testListId="8c84fa94-04c1-424b-9868-57a2d4851a1d" />
    <TestEntry testId="c3776ec8-03cf-8ca0-e451-13bc962e99ab" executionId="e62d9510-c4d9-438a-9764-3ce43d5318ea" testListId="8c84fa94-04c1-424b-9868-57a2d4851a1d" />
    <TestEntry testId="a10a8226-c146-31b9-c706-4bfd98a378c1" executionId="69cfb282-6d3a-48b1-a735-40c7f802120e" testListId="8c84fa94-04c1-424b-9868-57a2d4851a1d" />
    <TestEntry testId="787f9309-05d1-cbbf-a388-21a342cc04fa" executionId="fa5e28ec-4e94-495f-b6ec-c6c8412a632e" testListId="8c84fa94-04c1-424b-9868-57a2d4851a1d" />
    <TestEntry testId="1c94deaf-0c9a-bd5c-24fc-a58be6696864" executionId="194359bc-3107-40da-b95a-97bd2a82ccf2" testListId="8c84fa94-04c1-424b-9868-57a2d4851a1d" />
    <TestEntry testId="9a8aec4a-8531-d423-f5b6-3ff436db29ad" executionId="5a8e47a7-1f30-487b-a7bb-c24012d98981" testListId="8c84fa94-04c1-424b-9868-57a2d4851a1d" />
    <TestEntry testId="7c63ce0b-e5a5-5dde-a09c-6cdc30c1f74e" executionId="9c9c9b68-0d68-49f0-b122-8c6f56a37154" testListId="8c84fa94-04c1-424b-9868-57a2d4851a1d" />
    <TestEntry testId="fdce1408-ada3-ed5d-ba45-11fcd691bdae" executionId="bf42156b-4175-4677-9598-86a361b8f169" testListId="8c84fa94-04c1-424b-9868-57a2d4851a1d" />
    <TestEntry testId="88bed110-5e62-2650-c9a4-79ddcfccc098" executionId="92758db4-93ed-4a6a-8338-1878a68dd38f" testListId="8c84fa94-04c1-424b-9868-57a2d4851a1d" />
    <TestEntry testId="aaac6090-15c7-6ba1-6b0c-c1e2df2b98cc" executionId="58adee78-0d5b-4b72-92fe-d383b166b3c4" testListId="8c84fa94-04c1-424b-9868-57a2d4851a1d" />
    <TestEntry testId="96fd71a8-8097-b70c-3d48-0672b135d628" executionId="e1494803-5591-44fb-b4be-158ae3a4484a" testListId="8c84fa94-04c1-424b-9868-57a2d4851a1d" />
    <TestEntry testId="ca380b8f-a4b6-6203-2271-5cc8f14e1eac" executionId="fb557d2e-97fa-4ea5-b905-6e53d971e3d2" testListId="8c84fa94-04c1-424b-9868-57a2d4851a1d" />
    <TestEntry testId="b2f895f5-38ce-20fc-98fb-a7aea55b450e" executionId="4746d8db-ca4f-4db3-a99a-6621dffb7cf1" testListId="8c84fa94-04c1-424b-9868-57a2d4851a1d" />
    <TestEntry testId="459827db-58f0-af20-28fe-0c5824368ebb" executionId="39ec828c-83ff-47e6-9a25-65ba23a03ac4" testListId="8c84fa94-04c1-424b-9868-57a2d4851a1d" />
    <TestEntry testId="91e007f3-13f0-7a7d-9fca-77d90d446f74" executionId="d5250d16-6dbd-4b5c-9435-f691ac320fca" testListId="8c84fa94-04c1-424b-9868-57a2d4851a1d" />
    <TestEntry testId="721d0e2d-5fad-4d13-c9f0-e8ef263323ba" executionId="2f31343f-5da9-4160-8ce7-d8bb869291ed" testListId="8c84fa94-04c1-424b-9868-57a2d4851a1d" />
    <TestEntry testId="432d5b89-ae3f-b9cd-a95c-25c6c4530be9" executionId="a71400b8-8829-4a4a-909d-1c3c0211956b" testListId="8c84fa94-04c1-424b-9868-57a2d4851a1d" />
    <TestEntry testId="accb903f-88b0-9746-a8c2-512b6fca8690" executionId="0ef7450f-4325-4a4b-99ba-241e8f7bc0b4" testListId="8c84fa94-04c1-424b-9868-57a2d4851a1d" />
    <TestEntry testId="71198cb3-e7f3-56cb-8d8f-ca7ab4624cd2" executionId="67910254-64c7-4b53-aa83-ca94b0ead7b0" testListId="8c84fa94-04c1-424b-9868-57a2d4851a1d" />
    <TestEntry testId="bec6cfa5-7152-376b-2eb9-2f9501320f4c" executionId="8527fcc6-705d-473a-a21e-d6f5ed2fd82f" testListId="8c84fa94-04c1-424b-9868-57a2d4851a1d" />
    <TestEntry testId="197c1098-71fe-1fcd-41c5-d8a2b5ae6838" executionId="8abaad54-b03e-48f3-8bae-3d9df03ed53f" testListId="8c84fa94-04c1-424b-9868-57a2d4851a1d" />
    <TestEntry testId="560e5a25-417d-6b53-9d0d-4dbff155e4ca" executionId="ee623332-4d44-4d0f-aed7-0609f5e43849" testListId="8c84fa94-04c1-424b-9868-57a2d4851a1d" />
    <TestEntry testId="81b2b0b6-2f42-0fbc-19ec-464bc0337daa" executionId="1d679b02-5f0c-4958-92a8-6c7c23811056" testListId="8c84fa94-04c1-424b-9868-57a2d4851a1d" />
    <TestEntry testId="0018e9ef-9e13-e61a-ced7-96d248d79b4c" executionId="bdc048ad-f657-4ee4-bcd1-0ed44f11292e" testListId="8c84fa94-04c1-424b-9868-57a2d4851a1d" />
    <TestEntry testId="5ef6cd6b-f883-c7bb-05ea-0c1b1d1aa8bc" executionId="8e82e83c-5d23-4bba-95c1-a91ed1ea9b9d" testListId="8c84fa94-04c1-424b-9868-57a2d4851a1d" />
    <TestEntry testId="7bfb2c33-5e1a-b080-0704-df99d7a61b94" executionId="c9efb1ba-45c2-482a-813c-226d5456636f" testListId="8c84fa94-04c1-424b-9868-57a2d4851a1d" />
    <TestEntry testId="52e58263-6039-e664-1d00-88d438439c9b" executionId="f64b9ce7-d236-48df-a117-e1472e821a3a" testListId="8c84fa94-04c1-424b-9868-57a2d4851a1d" />
    <TestEntry testId="24373f06-25ff-3dfe-c3a8-63bf0c42c395" executionId="80360519-9bb4-4d7f-b735-8aaf98b5a7cd" testListId="8c84fa94-04c1-424b-9868-57a2d4851a1d" />
    <TestEntry testId="7bea0295-0324-09ce-1c8e-4350534aeccb" executionId="f5106369-4000-4291-a514-3e264f4d691c" testListId="8c84fa94-04c1-424b-9868-57a2d4851a1d" />
    <TestEntry testId="9f5a37bc-3811-4066-acc4-7bb520c20023" executionId="9ad3602b-1aa1-49fa-b1df-4b5476eac7ca" testListId="8c84fa94-04c1-424b-9868-57a2d4851a1d" />
    <TestEntry testId="c18670ac-eaab-9c88-3461-641e4617972f" executionId="c76d2be1-bc1a-47d1-a198-d62327692f7f" testListId="8c84fa94-04c1-424b-9868-57a2d4851a1d" />
    <TestEntry testId="1a1c0825-4464-405f-879a-ad74faeb81d6" executionId="7d62017f-1cf0-4166-bf4e-bbdfddbc7154" testListId="8c84fa94-04c1-424b-9868-57a2d4851a1d" />
    <TestEntry testId="d9a6ada2-5672-00ec-caa7-12e8669410e6" executionId="faa36f16-2e5c-4c71-96e7-f5354b505bdf" testListId="8c84fa94-04c1-424b-9868-57a2d4851a1d" />
    <TestEntry testId="e27b4125-77bd-dce6-978b-72e542790650" executionId="4b0a40fb-8adb-4ebf-aa73-1032c766e94e" testListId="8c84fa94-04c1-424b-9868-57a2d4851a1d" />
    <TestEntry testId="bd7ef3c7-b3b2-a1ab-fbb4-a16acbe7bdf8" executionId="fb375d07-90c1-40cb-8314-2ce9e6d4131c" testListId="8c84fa94-04c1-424b-9868-57a2d4851a1d" />
    <TestEntry testId="c7b991e5-c4c8-c40a-a3d0-616972a44646" executionId="9f6ff1c2-b74b-49da-b3cd-02e9af382de3" testListId="8c84fa94-04c1-424b-9868-57a2d4851a1d" />
    <TestEntry testId="861ab903-110f-8b6d-c782-f24728093238" executionId="3def3c03-6d1e-44c2-ad15-40e628a453b3" testListId="8c84fa94-04c1-424b-9868-57a2d4851a1d" />
    <TestEntry testId="d69c1b9d-17df-a6f9-4505-66f209517439" executionId="c3578657-4f2b-4757-b8c4-b7a9049ce230" testListId="8c84fa94-04c1-424b-9868-57a2d4851a1d" />
    <TestEntry testId="4e4de1ac-88a3-2a2a-e158-baeab200688d" executionId="e2e80543-0698-417b-a716-6ec2e904b71b" testListId="8c84fa94-04c1-424b-9868-57a2d4851a1d" />
    <TestEntry testId="b6f26af3-40bc-dc4f-c4a5-217f1c09f3ac" executionId="402babf4-749b-4fb1-b1a4-87df31a81072" testListId="8c84fa94-04c1-424b-9868-57a2d4851a1d" />
    <TestEntry testId="71b6ca5a-8980-4e37-e8a1-ab368205fb15" executionId="86acbceb-f6bf-41cd-af1e-1b4cfbb023ab" testListId="8c84fa94-04c1-424b-9868-57a2d4851a1d" />
    <TestEntry testId="33b9c907-a070-8b88-fe1e-91f4c01a1a9d" executionId="828f5215-c786-48ce-839c-7afa8b69ef4c" testListId="8c84fa94-04c1-424b-9868-57a2d4851a1d" />
    <TestEntry testId="ceb02a69-1a5c-d18b-1c6a-a7f17425d61a" executionId="7264603e-cd1d-45ae-931c-f89ef1297bb7" testListId="8c84fa94-04c1-424b-9868-57a2d4851a1d" />
    <TestEntry testId="dbd2d2df-8928-7937-6148-f378b8741812" executionId="c9bc6490-a364-4b60-bf5c-2a86ae48002e" testListId="8c84fa94-04c1-424b-9868-57a2d4851a1d" />
    <TestEntry testId="9bcc9650-a708-5914-1a08-63dc935a3a54" executionId="8ac71f19-2193-4bec-9d9c-f34c6f0afa1a" testListId="8c84fa94-04c1-424b-9868-57a2d4851a1d" />
    <TestEntry testId="2078eb44-2523-6ffe-64bc-cc19daea8efa" executionId="275105ae-8f89-4068-a2f9-0d9b3f3d281a" testListId="8c84fa94-04c1-424b-9868-57a2d4851a1d" />
    <TestEntry testId="f99a275f-5dd4-0a56-c60d-36c35ba61848" executionId="5be85249-1c02-4edc-9e83-7b42f6d7d8ff" testListId="8c84fa94-04c1-424b-9868-57a2d4851a1d" />
    <TestEntry testId="06a6dd2f-5e70-e4f4-c2c6-54c2693084f4" executionId="9dab9f3c-f471-4fe3-b8e9-a3cf6901dd6d" testListId="8c84fa94-04c1-424b-9868-57a2d4851a1d" />
    <TestEntry testId="c382aeb3-804e-58fe-6aa4-0d14eeeed48f" executionId="c9a6d3ae-49ff-4b4d-baf3-2bd113b7cfbb" testListId="8c84fa94-04c1-424b-9868-57a2d4851a1d" />
    <TestEntry testId="59a9be3b-02e4-7a79-f18b-1b3c925b90fb" executionId="db61fd51-9be3-4c32-943d-b2d5dccd4952" testListId="8c84fa94-04c1-424b-9868-57a2d4851a1d" />
    <TestEntry testId="23ef6449-a400-3116-e057-998252bfa87e" executionId="11bd53c4-3b39-4c84-be36-b16d198af0a8" testListId="8c84fa94-04c1-424b-9868-57a2d4851a1d" />
    <TestEntry testId="d5f36818-ed0c-42d4-4763-d06907eaf011" executionId="4f934a0e-98bd-4ada-8aa2-60e2d78a6094" testListId="8c84fa94-04c1-424b-9868-57a2d4851a1d" />
    <TestEntry testId="f4e54625-aefe-b956-ef30-a2ce0e8a6e12" executionId="c178fead-fff3-403c-ab0f-f11be7ce2feb" testListId="8c84fa94-04c1-424b-9868-57a2d4851a1d" />
    <TestEntry testId="633e9b79-9447-fe64-36bf-335ca1740cca" executionId="547edabc-9ec4-40c7-9819-4c0578d934b2" testListId="8c84fa94-04c1-424b-9868-57a2d4851a1d" />
    <TestEntry testId="8e990fda-e0fb-23db-262b-d41bc6363726" executionId="357742cf-9e4c-4e73-b4ce-48e72a74366a" testListId="8c84fa94-04c1-424b-9868-57a2d4851a1d" />
    <TestEntry testId="5f9b484f-6dea-3977-d408-3ddc27eadd17" executionId="e649662f-628c-4baf-95b7-f1168f98241a" testListId="8c84fa94-04c1-424b-9868-57a2d4851a1d" />
    <TestEntry testId="e43adcb0-1a52-65e4-23cc-695ed87cf8c4" executionId="9867df49-ac62-4c20-87b7-814b52b90905" testListId="8c84fa94-04c1-424b-9868-57a2d4851a1d" />
    <TestEntry testId="f06dbf4b-ba0a-46a0-fddf-14c0f8ec49d9" executionId="65b1d60a-1ca0-4c17-991c-7ebb880ca1e1" testListId="8c84fa94-04c1-424b-9868-57a2d4851a1d" />
    <TestEntry testId="d43cbd5c-3abc-70e5-5345-a7c55a9e804a" executionId="18898710-8b72-48d6-80de-d09ccfd39f74" testListId="8c84fa94-04c1-424b-9868-57a2d4851a1d" />
    <TestEntry testId="18a3d85e-7bec-ee26-ace0-17405fe2dbf7" executionId="1338496d-53a9-4f54-ae6b-d1a4771a986b" testListId="8c84fa94-04c1-424b-9868-57a2d4851a1d" />
    <TestEntry testId="48486a2c-d186-4172-d880-5ed40795ecfd" executionId="cb55bc07-2c42-440f-aefe-e345b5d23448" testListId="8c84fa94-04c1-424b-9868-57a2d4851a1d" />
    <TestEntry testId="abfdbcd6-ee32-2bcc-5af6-72220356fe5a" executionId="0bf25a13-2595-4025-b10e-b5541d0b800e" testListId="8c84fa94-04c1-424b-9868-57a2d4851a1d" />
    <TestEntry testId="54fd7206-8b4b-697c-01cc-d75ce5703f92" executionId="c2d8c7dd-e099-4f4d-9362-e4151793a395" testListId="8c84fa94-04c1-424b-9868-57a2d4851a1d" />
    <TestEntry testId="2e54fc32-8337-dd01-9234-c53cc1d7beb1" executionId="a977e672-f18e-429d-bdff-3368e8515e95" testListId="8c84fa94-04c1-424b-9868-57a2d4851a1d" />
    <TestEntry testId="2ccdc05a-b909-fc56-a14b-a45576b3456d" executionId="d9a6b4a5-3a2d-4d75-9e45-c7ed21e3bc41" testListId="8c84fa94-04c1-424b-9868-57a2d4851a1d" />
    <TestEntry testId="7fa41c2e-0fc4-3035-beb0-4b2b96b37e6d" executionId="9b362189-e404-41ee-8651-1e526a3db063" testListId="8c84fa94-04c1-424b-9868-57a2d4851a1d" />
    <TestEntry testId="2b6005c3-f5ea-b123-3352-c4d5273988b5" executionId="9a50413e-4b4e-4780-87d4-e53acd161418" testListId="8c84fa94-04c1-424b-9868-57a2d4851a1d" />
    <TestEntry testId="f486ac06-cc5d-149e-ea81-d5b70ceee434" executionId="3c6e6b66-3015-419f-8374-2706966247af" testListId="8c84fa94-04c1-424b-9868-57a2d4851a1d" />
    <TestEntry testId="a13d6544-c314-ba8d-3ce1-ca3ee9764526" executionId="a5a092de-c0b4-4f3e-b992-f05aedacab47" testListId="8c84fa94-04c1-424b-9868-57a2d4851a1d" />
    <TestEntry testId="aa1ee519-852d-1fd2-9666-7e97fc3c87fa" executionId="7aadae1d-f4a2-449f-8705-5fd14b914485" testListId="8c84fa94-04c1-424b-9868-57a2d4851a1d" />
    <TestEntry testId="f7771a09-04d7-17dd-ec08-938126bfb633" executionId="719e3c01-c24d-4db3-ac48-19ca1ad46ae0" testListId="8c84fa94-04c1-424b-9868-57a2d4851a1d" />
    <TestEntry testId="f699c95a-5106-311c-5816-0a4ef94c1ea2" executionId="29ddd9e4-8a57-4315-8c52-a0cf4228a4cc" testListId="8c84fa94-04c1-424b-9868-57a2d4851a1d" />
    <TestEntry testId="1f6fc775-5298-542c-485c-b2cbddcaae81" executionId="35f28632-b8d1-40be-97f7-755d769bdbda" testListId="8c84fa94-04c1-424b-9868-57a2d4851a1d" />
    <TestEntry testId="03c8a8df-808d-f40a-30bd-79425decc947" executionId="f0bf9e95-0694-45bf-8bd8-273dd22fc7b5" testListId="8c84fa94-04c1-424b-9868-57a2d4851a1d" />
    <TestEntry testId="812ab7d5-ea1b-fa5b-09a7-36242b7a737a" executionId="c1ceef1c-29ed-45b4-b5f0-73ef60a92b1d" testListId="8c84fa94-04c1-424b-9868-57a2d4851a1d" />
    <TestEntry testId="754c0e0e-db8e-176a-3401-6e5c05e7490a" executionId="9183df9d-25ef-4bf9-9a9c-4f5d1654f223" testListId="8c84fa94-04c1-424b-9868-57a2d4851a1d" />
    <TestEntry testId="8646e838-8e13-1e2d-f4cb-ee930e28101c" executionId="49f00f51-fa81-407f-a5f1-1813a7fc221b" testListId="8c84fa94-04c1-424b-9868-57a2d4851a1d" />
    <TestEntry testId="452dbd68-a81e-2131-84af-c96e4bbaf5fb" executionId="d5faf706-f92c-4b57-9cce-ee72990c1dae" testListId="8c84fa94-04c1-424b-9868-57a2d4851a1d" />
    <TestEntry testId="ed24f49c-fd05-67c4-d632-57e8ac765fdd" executionId="54a9d5b2-ed7e-457a-a111-329ba4892c59" testListId="8c84fa94-04c1-424b-9868-57a2d4851a1d" />
    <TestEntry testId="1ba11466-72f5-f82b-c275-52e305a41166" executionId="64c3720e-48d4-4352-89ad-5d584032d1ce" testListId="8c84fa94-04c1-424b-9868-57a2d4851a1d" />
    <TestEntry testId="768aaf34-b305-98da-bc26-7b230f2947ff" executionId="6de7e165-5bba-4e75-aad4-2a3298e67a29" testListId="8c84fa94-04c1-424b-9868-57a2d4851a1d" />
    <TestEntry testId="b234e1d2-6d86-3853-6522-c56fe9318b04" executionId="58726b69-b0bf-472a-8c4d-6c18e6c83861" testListId="8c84fa94-04c1-424b-9868-57a2d4851a1d" />
    <TestEntry testId="cae5ca89-3333-28e1-935d-b7c11cd29667" executionId="f1695b09-eaee-4d61-ba51-b63a968461d8" testListId="8c84fa94-04c1-424b-9868-57a2d4851a1d" />
    <TestEntry testId="2208893f-9185-feb7-3b4b-39ba1f8952ed" executionId="b626f95d-c541-41bb-8d6c-3b05c9fef04a" testListId="8c84fa94-04c1-424b-9868-57a2d4851a1d" />
    <TestEntry testId="b8d0b500-8a17-790d-bde6-5f3fdc6e3021" executionId="ca952db7-414a-4e6a-8bf3-d0376b312d01" testListId="8c84fa94-04c1-424b-9868-57a2d4851a1d" />
    <TestEntry testId="97cdb492-a3fb-e0ee-95d1-0764df67154f" executionId="00014e33-d36c-46f2-bc3d-26a2fa182d95" testListId="8c84fa94-04c1-424b-9868-57a2d4851a1d" />
    <TestEntry testId="f9c82cd0-0bae-7d3a-4f9e-3455ba624709" executionId="95270b96-e46e-4ddb-a786-58a7a0b5e6b9" testListId="8c84fa94-04c1-424b-9868-57a2d4851a1d" />
    <TestEntry testId="e08533bf-9e39-0d27-bac4-43c7f6a2bd5a" executionId="4e4e20a7-e05a-4e16-b7bd-5d1def8f2285" testListId="8c84fa94-04c1-424b-9868-57a2d4851a1d" />
    <TestEntry testId="aaf64722-626d-754d-854b-fc353f454f03" executionId="322dfd1b-2a89-40e9-b53b-4ed7411f4603" testListId="8c84fa94-04c1-424b-9868-57a2d4851a1d" />
    <TestEntry testId="2f29cebf-a349-0b6f-c935-2773302f14f2" executionId="8c074dae-666f-417e-9e86-a67915ea4d86" testListId="8c84fa94-04c1-424b-9868-57a2d4851a1d" />
    <TestEntry testId="9b5114e8-a770-3ef4-fcba-d82b3178ff68" executionId="2925478b-90e0-4163-86ac-213686e53f6b" testListId="8c84fa94-04c1-424b-9868-57a2d4851a1d" />
    <TestEntry testId="95bd5785-dd10-365f-a45e-ec9a8303e9f4" executionId="7d0ff6d6-4c85-4e5e-b0c2-6e93ca46511c" testListId="8c84fa94-04c1-424b-9868-57a2d4851a1d" />
    <TestEntry testId="782748fd-1566-fcf4-90c2-a1ff0f87eb02" executionId="a604d047-b830-49b7-899e-b5aad7af5b08" testListId="8c84fa94-04c1-424b-9868-57a2d4851a1d" />
    <TestEntry testId="5b3655e5-a908-ddb2-d16e-1577823a3d41" executionId="8f2a07ca-6acc-4f56-a850-a52b99b84415" testListId="8c84fa94-04c1-424b-9868-57a2d4851a1d" />
    <TestEntry testId="5e0ba60d-20c6-afd3-c9cf-27f681d41125" executionId="37d51145-8eed-43da-b94f-49040e539527" testListId="8c84fa94-04c1-424b-9868-57a2d4851a1d" />
    <TestEntry testId="ffb27aed-8dd6-ad7e-4953-bf57117423ea" executionId="958b22c6-23fa-4f80-bbf5-67a28fcd1aee" testListId="8c84fa94-04c1-424b-9868-57a2d4851a1d" />
    <TestEntry testId="242e10a2-96c2-7834-4c74-db85526b7fa6" executionId="78fa2274-e51f-42c8-9d25-2320b7606100" testListId="8c84fa94-04c1-424b-9868-57a2d4851a1d" />
    <TestEntry testId="d6c1623e-e4ff-ba14-70fa-b21d57874cdd" executionId="e0290023-f8f9-4587-913c-295b8327eca1" testListId="8c84fa94-04c1-424b-9868-57a2d4851a1d" />
    <TestEntry testId="edbb2016-febc-cc79-5974-60ea1190e021" executionId="53db3727-24b8-45d3-acde-200324982344" testListId="8c84fa94-04c1-424b-9868-57a2d4851a1d" />
    <TestEntry testId="195e436f-6673-80dd-5fd8-79e08a6fd6a5" executionId="bc65b686-b28b-4b47-9c9f-33b3728f4771" testListId="8c84fa94-04c1-424b-9868-57a2d4851a1d" />
    <TestEntry testId="e6e6fa75-4be9-567d-d9bf-54a1654b3641" executionId="b973f4b0-44f6-4ce0-8736-97c8e1a5b35d" testListId="8c84fa94-04c1-424b-9868-57a2d4851a1d" />
    <TestEntry testId="ecc23670-5080-c356-808c-6b46f23e2c68" executionId="0c32c733-4fb3-43af-a9ac-33ab6944d033" testListId="8c84fa94-04c1-424b-9868-57a2d4851a1d" />
    <TestEntry testId="d3fa5476-4774-e296-7daf-b4074f0a1dca" executionId="a687be90-44ac-40dc-a442-2d25960f2114" testListId="8c84fa94-04c1-424b-9868-57a2d4851a1d" />
    <TestEntry testId="3ab1a63f-9f78-0827-0254-5b553c48cbdd" executionId="e38893f0-1787-4c74-9cbf-b30179ac179b" testListId="8c84fa94-04c1-424b-9868-57a2d4851a1d" />
    <TestEntry testId="b8f7cffd-d2ab-6e94-3476-ddbad8e1dcba" executionId="d3019e07-57f7-436b-9c0b-642a357413e4" testListId="8c84fa94-04c1-424b-9868-57a2d4851a1d" />
    <TestEntry testId="0c1d6103-2ca3-f1d1-69e0-81e163889e23" executionId="d4369242-5fdf-456b-83ee-00ab96acea6a" testListId="8c84fa94-04c1-424b-9868-57a2d4851a1d" />
    <TestEntry testId="f66c7d0d-e134-b361-16cd-778f7a44f30a" executionId="23194bf8-bf4b-48b2-95b5-44d324bd7a8d" testListId="8c84fa94-04c1-424b-9868-57a2d4851a1d" />
    <TestEntry testId="1c95e572-7c3a-c7ec-5ec7-aae3f08bfc92" executionId="8f0f5b70-ea5f-4eac-86de-5f633959a997" testListId="8c84fa94-04c1-424b-9868-57a2d4851a1d" />
    <TestEntry testId="0bb87948-965e-b963-14c8-e69a938afff9" executionId="398b1f88-21fe-45ec-ac68-b4645b8e025d" testListId="8c84fa94-04c1-424b-9868-57a2d4851a1d" />
    <TestEntry testId="d1ac15b6-c0d8-87fc-9f93-286bea196993" executionId="dae36e01-cc5b-4543-a410-8e3036881c49" testListId="8c84fa94-04c1-424b-9868-57a2d4851a1d" />
    <TestEntry testId="caa54cd1-be57-4ffb-de2e-bd26922122e0" executionId="ecac05f1-b9ea-4053-897d-68aef4068a1d" testListId="8c84fa94-04c1-424b-9868-57a2d4851a1d" />
    <TestEntry testId="88b22dac-061e-b2e8-a5bf-567ca2694218" executionId="6f688abe-0565-4637-ace2-79d856c51f2e" testListId="8c84fa94-04c1-424b-9868-57a2d4851a1d" />
    <TestEntry testId="306ffba6-49c3-d029-fda4-1dbf6c7a0206" executionId="b7d394b5-697f-45be-965f-0dd36e36298f" testListId="8c84fa94-04c1-424b-9868-57a2d4851a1d" />
    <TestEntry testId="c1945672-bd8e-39a9-0631-7af85af24580" executionId="2a7f350f-ff4d-4eca-a8e6-14ed0a3e93ad" testListId="8c84fa94-04c1-424b-9868-57a2d4851a1d" />
  </TestEntries>
  <TestLists>
    <TestList name="Results Not in a List" id="8c84fa94-04c1-424b-9868-57a2d4851a1d" />
    <TestList name="All Loaded Results" id="19431567-8539-422a-85d7-44ee4e166bda" />
  </TestLists>
  <ResultSummary outcome="Completed">
    <Counters total="258" executed="258" passed="258" failed="0" error="0" timeout="0" aborted="0" inconclusive="0" passedButRunAborted="0" notRunnable="0" notExecuted="0" disconnected="0" warning="0" completed="0" inProgress="0" pending="0" />
    <Output>
      <StdOut>[xUnit.net 00:00:00.00] xUnit.net VSTest Adapter v2.8.2+699d445a1a (64-bit .NET 8.0.26)&#xD;
[xUnit.net 00:00:00.08]   Discovering: Clawbot.SharedKernel.Tests&#xD;
[xUnit.net 00:00:00.15]   Discovered:  Clawbot.SharedKernel.Tests&#xD;
[xUnit.net 00:00:00.15]   Starting:    Clawbot.SharedKernel.Tests&#xD;
[xUnit.net 00:00:00.33]   Finished:    Clawbot.SharedKernel.Tests&#xD;
</StdOut>
    </Output>
  </ResultSummary>
</TestRun>